{"exception":"-","id":"-","method":"POST","url":"/user/login","remote-addr":"::1","status":"201","content-length":"407","response-time":"68.938 ms","date":"Tue, 31 Jan 2023 07:43:46 GMT"}
{"exception":"-","id":"14","method":"GET","url":"/user/listing/","remote-addr":"::1","status":"304","content-length":"-","response-time":"3.909 ms","date":"Tue, 31 Jan 2023 07:43:47 GMT"}
{"exception":"-","id":"-","method":"GET","url":"/search/%3C!DOCTYPE%20test%20[%20%3C!ENTITY%20xxe%20SYSTEM%20%22file:///etc/passwd%22%3E%20]%3E","remote-addr":"::1","status":"404","content-length":"233","response-time":"2.494 ms","date":"Tue, 31 Jan 2023 07:43:49 GMT"}
{"exception":"-","id":"-","method":"GET","url":"/search/%3C!DOCTYPE%20test%20[%20%3C!ENTITY%20xxe%20SYSTEM%20%22file:///etc/passwd%22%3E%20]%3E","remote-addr":"::1","status":"404","content-length":"233","response-time":"0.812 ms","date":"Tue, 31 Jan 2023 07:43:55 GMT"}
{"exception":"-","id":"14","method":"GET","url":"/search/%3C!DOCTYPE%20STRUCTURE%20[%20%3C!ELEMENT%20SPECIFICATIONS%20(","remote-addr":"::1","status":"200","content-length":"28","response-time":"5.539 ms","date":"Tue, 31 Jan 2023 07:46:06 GMT"}
{"exception":"-","id":"14","method":"GET","url":"/user/listing/","remote-addr":"::1","status":"304","content-length":"-","response-time":"3.904 ms","date":"Tue, 31 Jan 2023 07:48:09 GMT"}
{"exception":"-","id":"14","method":"GET","url":"/search/%3C!DOCTYPE%20STRUCTURE%20[%20%3C!ELEMENT%20SPECIFICATIONS%20(","remote-addr":"::1","status":"304","content-length":"-","response-time":"4.550 ms","date":"Tue, 31 Jan 2023 07:48:12 GMT"}
{"exception":"-","id":"14","method":"GET","url":"/user/listing/","remote-addr":"::1","status":"304","content-length":"-","response-time":"6.450 ms","date":"Tue, 31 Jan 2023 07:48:13 GMT"}
{"exception":"-","id":"14","method":"GET","url":"/user/listing/","remote-addr":"::1","status":"304","content-length":"-","response-time":"4.118 ms","date":"Tue, 31 Jan 2023 07:48:15 GMT"}
{"exception":"-","id":"14","method":"GET","url":"/user/listing/","remote-addr":"::1","status":"304","content-length":"-","response-time":"3.967 ms","date":"Tue, 31 Jan 2023 07:48:16 GMT"}
{"exception":"-","id":"14","method":"GET","url":"/user/listing/","remote-addr":"::1","status":"304","content-length":"-","response-time":"4.348 ms","date":"Tue, 31 Jan 2023 07:48:16 GMT"}
{"exception":"-","id":"14","method":"GET","url":"/user/listing/","remote-addr":"::1","status":"304","content-length":"-","response-time":"5.729 ms","date":"Tue, 31 Jan 2023 07:48:16 GMT"}
{"exception":"-","id":"14","method":"GET","url":"/user/listing/","remote-addr":"::1","status":"304","content-length":"-","response-time":"2.252 ms","date":"Tue, 31 Jan 2023 07:48:23 GMT"}
{"exception":"-","id":"14","method":"GET","url":"/user/listing/","remote-addr":"::1","status":"304","content-length":"-","response-time":"4.316 ms","date":"Tue, 31 Jan 2023 07:48:37 GMT"}
{"exception":"-","id":"14","method":"GET","url":"/user/listing/","remote-addr":"::1","status":"304","content-length":"-","response-time":"81.604 ms","date":"Tue, 31 Jan 2023 07:48:47 GMT"}
{"exception":"-","id":"14","method":"GET","url":"/user/listing/","remote-addr":"::1","status":"304","content-length":"-","response-time":"4.252 ms","date":"Tue, 31 Jan 2023 07:48:49 GMT"}
{"exception":"-","id":"14","method":"GET","url":"/user/listing/","remote-addr":"::1","status":"304","content-length":"-","response-time":"2.753 ms","date":"Tue, 31 Jan 2023 07:48:55 GMT"}
{"exception":"-","id":"14","method":"GET","url":"/user/listing/","remote-addr":"::1","status":"304","content-length":"-","response-time":"4.438 ms","date":"Tue, 31 Jan 2023 07:48:55 GMT"}
{"exception":"-","id":"14","method":"GET","url":"/user/listing/","remote-addr":"::1","status":"304","content-length":"-","response-time":"4.639 ms","date":"Tue, 31 Jan 2023 07:48:58 GMT"}
{"exception":"-","id":"-","method":"POST","url":"/user/logout","remote-addr":"::1","status":"200","content-length":"47","response-time":"1.244 ms","date":"Tue, 31 Jan 2023 07:49:08 GMT"}
{"exception":"-","id":"-","method":"POST","url":"/user/login","remote-addr":"::1","status":"201","content-length":"413","response-time":"83.755 ms","date":"Tue, 31 Jan 2023 07:49:13 GMT"}
{"exception":"-","id":"14","method":"GET","url":"/user/listing/","remote-addr":"::1","status":"304","content-length":"-","response-time":"3.668 ms","date":"Tue, 31 Jan 2023 07:49:13 GMT"}
{"exception":"-","id":"14","method":"GET","url":"/user/listing/","remote-addr":"::1","status":"304","content-length":"-","response-time":"4.190 ms","date":"Tue, 31 Jan 2023 07:49:15 GMT"}
{"exception":"-","id":"14","method":"GET","url":"/user/listing/","remote-addr":"::1","status":"304","content-length":"-","response-time":"5.180 ms","date":"Tue, 31 Jan 2023 07:49:15 GMT"}
{"exception":"-","id":"14","method":"GET","url":"/user/listing/","remote-addr":"::1","status":"304","content-length":"-","response-time":"4.008 ms","date":"Tue, 31 Jan 2023 07:49:16 GMT"}
{"exception":"-","id":"14","method":"GET","url":"/user/listing/","remote-addr":"::1","status":"304","content-length":"-","response-time":"4.368 ms","date":"Tue, 31 Jan 2023 07:49:16 GMT"}
{"exception":"-","id":"14","method":"GET","url":"/user/listing/","remote-addr":"::1","status":"304","content-length":"-","response-time":"5.736 ms","date":"Tue, 31 Jan 2023 07:49:17 GMT"}
{"exception":"-","id":"14","method":"GET","url":"/user/listing/","remote-addr":"::1","status":"304","content-length":"-","response-time":"2.772 ms","date":"Tue, 31 Jan 2023 07:49:19 GMT"}
{"exception":"-","id":"14","method":"GET","url":"/user/listing/","remote-addr":"::1","status":"304","content-length":"-","response-time":"2.631 ms","date":"Tue, 31 Jan 2023 07:49:22 GMT"}
{"exception":"-","id":"14","method":"GET","url":"/offer/status/","remote-addr":"::1","status":"201","content-length":"28","response-time":"2.676 ms","date":"Tue, 31 Jan 2023 07:49:23 GMT"}
{"exception":"-","id":"14","method":"GET","url":"/offer/","remote-addr":"::1","status":"201","content-length":"28","response-time":"5.969 ms","date":"Tue, 31 Jan 2023 07:49:23 GMT"}
{"exception":"-","id":"14","method":"GET","url":"/offer/","remote-addr":"::1","status":"201","content-length":"28","response-time":"2.877 ms","date":"Tue, 31 Jan 2023 07:49:32 GMT"}
{"exception":"-","id":"14","method":"GET","url":"/offer/status/","remote-addr":"::1","status":"201","content-length":"28","response-time":"3.038 ms","date":"Tue, 31 Jan 2023 07:49:32 GMT"}
{"exception":"-","id":"14","method":"GET","url":"/user/listing/","remote-addr":"::1","status":"304","content-length":"-","response-time":"2.147 ms","date":"Tue, 31 Jan 2023 07:49:34 GMT"}
{"exception":"-","id":"14","method":"GET","url":"/user/listing/","remote-addr":"::1","status":"304","content-length":"-","response-time":"4.280 ms","date":"Tue, 31 Jan 2023 07:49:36 GMT"}
{"exception":"-","id":"14","method":"GET","url":"/user/listing/","remote-addr":"::1","status":"304","content-length":"-","response-time":"5.372 ms","date":"Tue, 31 Jan 2023 07:49:36 GMT"}
{"exception":"-","id":"14","method":"GET","url":"/user/listing/","remote-addr":"::1","status":"304","content-length":"-","response-time":"4.074 ms","date":"Tue, 31 Jan 2023 07:49:36 GMT"}
{"exception":"-","id":"14","method":"GET","url":"/user/listing/","remote-addr":"::1","status":"304","content-length":"-","response-time":"2.683 ms","date":"Tue, 31 Jan 2023 07:49:37 GMT"}
{"exception":"-","id":"14","method":"GET","url":"/user/listing/","remote-addr":"::1","status":"304","content-length":"-","response-time":"4.363 ms","date":"Tue, 31 Jan 2023 07:49:37 GMT"}
{"exception":"-","id":"14","method":"GET","url":"/user/listing/","remote-addr":"::1","status":"304","content-length":"-","response-time":"2.602 ms","date":"Tue, 31 Jan 2023 07:49:37 GMT"}
{"exception":"-","id":"14","method":"GET","url":"/search/%3C!DOCTYPE%20STRUCTURE%20[%20%3C!ELEMENT%20SPECIFICATIONS%20(","remote-addr":"::1","status":"304","content-length":"-","response-time":"4.383 ms","date":"Tue, 31 Jan 2023 07:49:46 GMT"}
