{"exception":"-","id":"12","method":"GET","url":"/search/1'%20or%201=1;--%20-","remote-addr":"::1","status":"304","content-length":"-","response-time":"7.958 ms","date":"Sat, 14 Jan 2023 11:35:17 GMT"}
{"exception":"-","id":"-","method":"GET","url":"/blackbadanasupreme-1581253650812.jfif","remote-addr":"::1","status":"304","content-length":"-","response-time":"0.706 ms","date":"Sat, 14 Jan 2023 11:35:17 GMT"}
{"exception":"-","id":"-","method":"GET","url":"/redbadanasupreme-1581253625505.jpg","remote-addr":"::1","status":"304","content-length":"-","response-time":"0.528 ms","date":"Sat, 14 Jan 2023 11:35:17 GMT"}
{"exception":"-","id":"-","method":"GET","url":"/crewneckashgrey-1581253492700.jfif","remote-addr":"::1","status":"304","content-length":"-","response-time":"1.085 ms","date":"Sat, 14 Jan 2023 11:35:17 GMT"}
{"exception":"-","id":"-","method":"GET","url":"/snapsell-1610007683525.sql","remote-addr":"::1","status":"304","content-length":"-","response-time":"1.197 ms","date":"Sat, 14 Jan 2023 11:35:17 GMT"}
{"exception":"-","id":"-","method":"GET","url":"/GitHub-1609999590009.appref-ms","remote-addr":"::1","status":"304","content-length":"-","response-time":"1.232 ms","date":"Sat, 14 Jan 2023 11:35:17 GMT"}
{"exception":"-","id":"-","method":"GET","url":"/vlads+-1581252198429.png","remote-addr":"::1","status":"404","content-length":"163","response-time":"1.608 ms","date":"Sat, 14 Jan 2023 11:35:17 GMT"}
{"exception":"-","id":"-","method":"GET","url":"/listing/20/","remote-addr":"::1","status":"304","content-length":"-","response-time":"7.634 ms","date":"Sat, 14 Jan 2023 11:35:22 GMT"}
{"exception":"-","id":"12","method":"GET","url":"/search/1'%20or%201=1;--%20-","remote-addr":"::1","status":"304","content-length":"-","response-time":"4.793 ms","date":"Sat, 14 Jan 2023 11:35:39 GMT"}
{"exception":"-","id":"-","method":"GET","url":"/blackbadanasupreme-1581253650812.jfif","remote-addr":"::1","status":"304","content-length":"-","response-time":"0.617 ms","date":"Sat, 14 Jan 2023 11:35:39 GMT"}
{"exception":"-","id":"-","method":"GET","url":"/redbadanasupreme-1581253625505.jpg","remote-addr":"::1","status":"304","content-length":"-","response-time":"0.386 ms","date":"Sat, 14 Jan 2023 11:35:39 GMT"}
{"exception":"-","id":"-","method":"GET","url":"/crewneckashgrey-1581253492700.jfif","remote-addr":"::1","status":"304","content-length":"-","response-time":"0.998 ms","date":"Sat, 14 Jan 2023 11:35:39 GMT"}
{"exception":"-","id":"-","method":"GET","url":"/snapsell-1610007683525.sql","remote-addr":"::1","status":"304","content-length":"-","response-time":"1.976 ms","date":"Sat, 14 Jan 2023 11:35:39 GMT"}
{"exception":"-","id":"-","method":"GET","url":"/vlads+-1581252198429.png","remote-addr":"::1","status":"404","content-length":"163","response-time":"1.676 ms","date":"Sat, 14 Jan 2023 11:35:39 GMT"}
{"exception":"-","id":"-","method":"GET","url":"/GitHub-1609999590009.appref-ms","remote-addr":"::1","status":"304","content-length":"-","response-time":"1.644 ms","date":"Sat, 14 Jan 2023 11:35:39 GMT"}
{"exception":"-","id":"12","method":"GET","url":"/search/1'%20or%201=1;--%20-","remote-addr":"::1","status":"304","content-length":"-","response-time":"6.286 ms","date":"Sat, 14 Jan 2023 11:35:43 GMT"}
{"exception":"-","id":"-","method":"GET","url":"/vlad-1581252129491.png","remote-addr":"::1","status":"304","content-length":"-","response-time":"2.292 ms","date":"Sat, 14 Jan 2023 11:35:43 GMT"}
{"exception":"-","id":"-","method":"GET","url":"/OffWhiteXAirMax90-1581252083619.jfif","remote-addr":"::1","status":"304","content-length":"-","response-time":"1.714 ms","date":"Sat, 14 Jan 2023 11:35:43 GMT"}
{"exception":"-","id":"-","method":"GET","url":"/Air-Jordan-1-Retro-Low-Travis-Scott-Product-1581251985871.jpg","remote-addr":"::1","status":"304","content-length":"-","response-time":"1.181 ms","date":"Sat, 14 Jan 2023 11:35:43 GMT"}
{"exception":"-","id":"-","method":"GET","url":"/jordan-1-high-'85-1581251792615.jpg","remote-addr":"::1","status":"304","content-length":"-","response-time":"0.284 ms","date":"Sat, 14 Jan 2023 11:35:43 GMT"}
{"exception":"-","id":"-","method":"GET","url":"/off-white-marianna-1581248830797.jfif","remote-addr":"::1","status":"304","content-length":"-","response-time":"0.300 ms","date":"Sat, 14 Jan 2023 11:35:43 GMT"}
{"exception":"-","id":"-","method":"GET","url":"/BAPE-x-MCM-Camo-Zip-Hoodie-Brown-1581248898688.jpg","remote-addr":"::1","status":"404","content-length":"189","response-time":"0.376 ms","date":"Sat, 14 Jan 2023 11:35:43 GMT"}
{"exception":"-","id":"12","method":"GET","url":"/search/1'%20or%201=1;--%20-","remote-addr":"::1","status":"304","content-length":"-","response-time":"5.663 ms","date":"Sat, 14 Jan 2023 11:35:52 GMT"}
{"exception":"-","id":"-","method":"GET","url":"/blackbadanasupreme-1581253650812.jfif","remote-addr":"::1","status":"304","content-length":"-","response-time":"0.645 ms","date":"Sat, 14 Jan 2023 11:35:52 GMT"}
{"exception":"-","id":"-","method":"GET","url":"/redbadanasupreme-1581253625505.jpg","remote-addr":"::1","status":"304","content-length":"-","response-time":"0.509 ms","date":"Sat, 14 Jan 2023 11:35:52 GMT"}
{"exception":"-","id":"-","method":"GET","url":"/crewneckashgrey-1581253492700.jfif","remote-addr":"::1","status":"304","content-length":"-","response-time":"0.425 ms","date":"Sat, 14 Jan 2023 11:35:52 GMT"}
{"exception":"-","id":"-","method":"GET","url":"/vlads+-1581252198429.png","remote-addr":"::1","status":"404","content-length":"163","response-time":"1.250 ms","date":"Sat, 14 Jan 2023 11:35:52 GMT"}
{"exception":"-","id":"-","method":"GET","url":"/snapsell-1610007683525.sql","remote-addr":"::1","status":"304","content-length":"-","response-time":"1.008 ms","date":"Sat, 14 Jan 2023 11:35:52 GMT"}
{"exception":"-","id":"-","method":"GET","url":"/GitHub-1609999590009.appref-ms","remote-addr":"::1","status":"304","content-length":"-","response-time":"0.777 ms","date":"Sat, 14 Jan 2023 11:35:52 GMT"}
{"exception":"-","id":"-","method":"GET","url":"/listing/20/","remote-addr":"::1","status":"304","content-length":"-","response-time":"4.416 ms","date":"Sat, 14 Jan 2023 11:35:58 GMT"}
{"exception":"-","id":"12","method":"GET","url":"/search/1'%20or%201=1;--%20-","remote-addr":"::1","status":"304","content-length":"-","response-time":"7.606 ms","date":"Sat, 14 Jan 2023 11:36:00 GMT"}
{"exception":"-","id":"-","method":"GET","url":"/blackbadanasupreme-1581253650812.jfif","remote-addr":"::1","status":"304","content-length":"-","response-time":"0.444 ms","date":"Sat, 14 Jan 2023 11:36:00 GMT"}
{"exception":"-","id":"-","method":"GET","url":"/redbadanasupreme-1581253625505.jpg","remote-addr":"::1","status":"304","content-length":"-","response-time":"1.678 ms","date":"Sat, 14 Jan 2023 11:36:00 GMT"}
{"exception":"-","id":"-","method":"GET","url":"/crewneckashgrey-1581253492700.jfif","remote-addr":"::1","status":"304","content-length":"-","response-time":"2.042 ms","date":"Sat, 14 Jan 2023 11:36:00 GMT"}
{"exception":"-","id":"-","method":"GET","url":"/snapsell-1610007683525.sql","remote-addr":"::1","status":"304","content-length":"-","response-time":"2.033 ms","date":"Sat, 14 Jan 2023 11:36:00 GMT"}
{"exception":"-","id":"-","method":"GET","url":"/GitHub-1609999590009.appref-ms","remote-addr":"::1","status":"304","content-length":"-","response-time":"2.432 ms","date":"Sat, 14 Jan 2023 11:36:00 GMT"}
{"exception":"-","id":"-","method":"GET","url":"/vlads+-1581252198429.png","remote-addr":"::1","status":"404","content-length":"163","response-time":"0.980 ms","date":"Sat, 14 Jan 2023 11:36:00 GMT"}
{"exception":"-","id":"-","method":"GET","url":"/listing/20/","remote-addr":"::1","status":"304","content-length":"-","response-time":"4.224 ms","date":"Sat, 14 Jan 2023 11:36:08 GMT"}
{"exception":"-","id":"12","method":"GET","url":"/search/1'%20or%201=1;--%20-","remote-addr":"::1","status":"304","content-length":"-","response-time":"6.800 ms","date":"Sat, 14 Jan 2023 11:36:09 GMT"}
{"exception":"-","id":"-","method":"GET","url":"/blackbadanasupreme-1581253650812.jfif","remote-addr":"::1","status":"304","content-length":"-","response-time":"0.718 ms","date":"Sat, 14 Jan 2023 11:36:09 GMT"}
{"exception":"-","id":"-","method":"GET","url":"/redbadanasupreme-1581253625505.jpg","remote-addr":"::1","status":"304","content-length":"-","response-time":"2.152 ms","date":"Sat, 14 Jan 2023 11:36:09 GMT"}
{"exception":"-","id":"-","method":"GET","url":"/snapsell-1610007683525.sql","remote-addr":"::1","status":"304","content-length":"-","response-time":"1.830 ms","date":"Sat, 14 Jan 2023 11:36:09 GMT"}
{"exception":"-","id":"-","method":"GET","url":"/crewneckashgrey-1581253492700.jfif","remote-addr":"::1","status":"304","content-length":"-","response-time":"1.831 ms","date":"Sat, 14 Jan 2023 11:36:09 GMT"}
{"exception":"-","id":"-","method":"GET","url":"/GitHub-1609999590009.appref-ms","remote-addr":"::1","status":"304","content-length":"-","response-time":"1.752 ms","date":"Sat, 14 Jan 2023 11:36:09 GMT"}
{"exception":"-","id":"-","method":"GET","url":"/vlads+-1581252198429.png","remote-addr":"::1","status":"404","content-length":"163","response-time":"2.034 ms","date":"Sat, 14 Jan 2023 11:36:09 GMT"}
{"exception":"-","id":"-","method":"GET","url":"/listing/20/","remote-addr":"::1","status":"304","content-length":"-","response-time":"3.866 ms","date":"Sat, 14 Jan 2023 11:36:44 GMT"}
{"exception":"-","id":"12","method":"GET","url":"/search/1'%20or%201=1;--%20-","remote-addr":"::1","status":"304","content-length":"-","response-time":"6.112 ms","date":"Sat, 14 Jan 2023 11:36:45 GMT"}
{"exception":"-","id":"-","method":"GET","url":"/blackbadanasupreme-1581253650812.jfif","remote-addr":"::1","status":"304","content-length":"-","response-time":"0.740 ms","date":"Sat, 14 Jan 2023 11:36:45 GMT"}
{"exception":"-","id":"-","method":"GET","url":"/redbadanasupreme-1581253625505.jpg","remote-addr":"::1","status":"304","content-length":"-","response-time":"0.802 ms","date":"Sat, 14 Jan 2023 11:36:45 GMT"}
{"exception":"-","id":"-","method":"GET","url":"/GitHub-1609999590009.appref-ms","remote-addr":"::1","status":"304","content-length":"-","response-time":"0.867 ms","date":"Sat, 14 Jan 2023 11:36:45 GMT"}
{"exception":"-","id":"-","method":"GET","url":"/crewneckashgrey-1581253492700.jfif","remote-addr":"::1","status":"304","content-length":"-","response-time":"1.004 ms","date":"Sat, 14 Jan 2023 11:36:45 GMT"}
{"exception":"-","id":"-","method":"GET","url":"/snapsell-1610007683525.sql","remote-addr":"::1","status":"304","content-length":"-","response-time":"1.027 ms","date":"Sat, 14 Jan 2023 11:36:45 GMT"}
{"exception":"-","id":"-","method":"GET","url":"/vlads+-1581252198429.png","remote-addr":"::1","status":"404","content-length":"163","response-time":"1.398 ms","date":"Sat, 14 Jan 2023 11:36:45 GMT"}
{"exception":"-","id":"-","method":"GET","url":"/GitHub-1609999590009.appref-ms","remote-addr":"::1","status":"304","content-length":"-","response-time":"1.034 ms","date":"Sat, 14 Jan 2023 11:37:12 GMT"}
{"exception":"-","id":"12","method":"GET","url":"/user/listing/","remote-addr":"::1","status":"304","content-length":"-","response-time":"6.052 ms","date":"Sat, 14 Jan 2023 11:37:28 GMT"}
{"exception":"-","id":"12","method":"GET","url":"/user/listing/","remote-addr":"::1","status":"304","content-length":"-","response-time":"4.990 ms","date":"Sat, 14 Jan 2023 11:37:33 GMT"}
