{"exception":"-","id":"-","method":"POST","url":"/user/login","remote-addr":"::1","status":"201","content-length":"72","response-time":"71.551 ms","date":"Tue, 31 Jan 2023 07:20:59 GMT"}
{"exception":"-","id":"-","method":"POST","url":"/user/login","remote-addr":"::1","status":"201","content-length":"422","response-time":"72.248 ms","date":"Tue, 31 Jan 2023 07:34:10 GMT"}
{"exception":"-","id":"9","method":"GET","url":"/user/listing/","remote-addr":"::1","status":"200","content-length":"1166","response-time":"12.946 ms","date":"Tue, 31 Jan 2023 07:34:10 GMT"}
{"exception":"-","id":"-","method":"GET","url":"/50-1581241713214.jpg","remote-addr":"::1","status":"304","content-length":"-","response-time":"5.078 ms","date":"Tue, 31 Jan 2023 07:34:10 GMT"}
{"exception":"-","id":"-","method":"GET","url":"/Supreme-20th-Anniversary-Box-Logo-Tee-White-1581241779499.jpg","remote-addr":"::1","status":"304","content-length":"-","response-time":"3.172 ms","date":"Tue, 31 Jan 2023 07:34:10 GMT"}
{"exception":"-","id":"-","method":"GET","url":"/yeezy-boost-350-v2-antlia-lundmark-synth-release-date-price-01-1581241820941.jpg","remote-addr":"::1","status":"304","content-length":"-","response-time":"2.738 ms","date":"Tue, 31 Jan 2023 07:34:10 GMT"}
{"exception":"-","id":"-","method":"GET","url":"/air-jordan-1-dior-release-info-4-1581248498871.jpg","remote-addr":"::1","status":"304","content-length":"-","response-time":"3.069 ms","date":"Tue, 31 Jan 2023 07:34:10 GMT"}
{"exception":"-","id":"-","method":"GET","url":"/supreme-san-francisco-box-logo-tee-black-1581248766336.jfif","remote-addr":"::1","status":"304","content-length":"-","response-time":"3.418 ms","date":"Tue, 31 Jan 2023 07:34:10 GMT"}
{"exception":"-","id":"-","method":"GET","url":"/off-white-marianna-1581248830797.jfif","remote-addr":"::1","status":"304","content-length":"-","response-time":"3.991 ms","date":"Tue, 31 Jan 2023 07:34:10 GMT"}
{"exception":"-","id":"-","method":"GET","url":"/GitHub-1609999590009.appref-ms","remote-addr":"::1","status":"304","content-length":"-","response-time":"3.874 ms","date":"Tue, 31 Jan 2023 07:34:10 GMT"}
{"exception":"-","id":"-","method":"GET","url":"/BAPE-x-MCM-Camo-Zip-Hoodie-Brown-1581248898688.jpg","remote-addr":"::1","status":"404","content-length":"189","response-time":"12.618 ms","date":"Tue, 31 Jan 2023 07:34:10 GMT"}
{"exception":"-","id":"-","method":"GET","url":"/snapsell-1610007683525.sql","remote-addr":"::1","status":"304","content-length":"-","response-time":"10.516 ms","date":"Tue, 31 Jan 2023 07:34:10 GMT"}
{"exception":"-","id":"-","method":"POST","url":"/user/logout","remote-addr":"::1","status":"200","content-length":"47","response-time":"0.832 ms","date":"Tue, 31 Jan 2023 07:34:11 GMT"}
{"exception":"-","id":"-","method":"POST","url":"/user/login","remote-addr":"::1","status":"201","content-length":"407","response-time":"151.548 ms","date":"Tue, 31 Jan 2023 07:37:08 GMT"}
{"exception":"-","id":"14","method":"GET","url":"/user/listing/","remote-addr":"::1","status":"200","content-length":"28","response-time":"8.803 ms","date":"Tue, 31 Jan 2023 07:37:08 GMT"}
{"exception":"-","id":"14","method":"GET","url":"/offer/status/","remote-addr":"::1","status":"201","content-length":"28","response-time":"6.932 ms","date":"Tue, 31 Jan 2023 07:37:11 GMT"}
{"exception":"-","id":"14","method":"GET","url":"/offer/","remote-addr":"::1","status":"201","content-length":"28","response-time":"11.581 ms","date":"Tue, 31 Jan 2023 07:37:11 GMT"}
{"exception":"-","id":"14","method":"GET","url":"/offer/","remote-addr":"::1","status":"201","content-length":"28","response-time":"7.476 ms","date":"Tue, 31 Jan 2023 07:37:14 GMT"}
{"exception":"-","id":"14","method":"GET","url":"/offer/status/","remote-addr":"::1","status":"201","content-length":"28","response-time":"7.783 ms","date":"Tue, 31 Jan 2023 07:37:14 GMT"}
{"exception":"-","id":"14","method":"GET","url":"/user/listing/","remote-addr":"::1","status":"304","content-length":"-","response-time":"5.030 ms","date":"Tue, 31 Jan 2023 07:37:17 GMT"}
{"exception":"-","id":"-","method":"POST","url":"/user/logout","remote-addr":"::1","status":"200","content-length":"47","response-time":"0.929 ms","date":"Tue, 31 Jan 2023 07:37:17 GMT"}
