{"exception":"-","id":"-","method":"POST","url":"/user/login","remote-addr":"::1","status":"201","content-length":"422","response-time":"124.321 ms","date":"Sat, 14 Jan 2023 18:00:49 GMT"}
{"exception":"-","id":"9","method":"GET","url":"/user/listing/","remote-addr":"::1","status":"200","content-length":"1166","response-time":"193.649 ms","date":"Sat, 14 Jan 2023 18:03:04 GMT"}
{"exception":"-","id":"-","method":"GET","url":"/Supreme-20th-Anniversary-Box-Logo-Tee-White-1581241779499.jpg","remote-addr":"::1","status":"200","content-length":"46802","response-time":"10.295 ms","date":"Sat, 14 Jan 2023 18:03:04 GMT"}
{"exception":"-","id":"-","method":"GET","url":"/yeezy-boost-350-v2-antlia-lundmark-synth-release-date-price-01-1581241820941.jpg","remote-addr":"::1","status":"200","content-length":"11705","response-time":"11.426 ms","date":"Sat, 14 Jan 2023 18:03:04 GMT"}
{"exception":"-","id":"-","method":"GET","url":"/supreme-san-francisco-box-logo-tee-black-1581248766336.jfif","remote-addr":"::1","status":"200","content-length":"59681","response-time":"11.273 ms","date":"Sat, 14 Jan 2023 18:03:04 GMT"}
{"exception":"-","id":"-","method":"GET","url":"/off-white-marianna-1581248830797.jfif","remote-addr":"::1","status":"200","content-length":"6318","response-time":"9.316 ms","date":"Sat, 14 Jan 2023 18:03:04 GMT"}
{"exception":"-","id":"-","method":"GET","url":"/BAPE-x-MCM-Camo-Zip-Hoodie-Brown-1581248898688.jpg","remote-addr":"::1","status":"404","content-length":"189","response-time":"8.054 ms","date":"Sat, 14 Jan 2023 18:03:04 GMT"}
{"exception":"-","id":"-","method":"GET","url":"/air-jordan-1-dior-release-info-4-1581248498871.jpg","remote-addr":"::1","status":"200","content-length":"352147","response-time":"7.721 ms","date":"Sat, 14 Jan 2023 18:03:04 GMT"}
{"exception":"-","id":"-","method":"GET","url":"/GitHub-1609999590009.appref-ms","remote-addr":"::1","status":"200","content-length":"308","response-time":"15.732 ms","date":"Sat, 14 Jan 2023 18:03:04 GMT"}
{"exception":"-","id":"-","method":"GET","url":"/snapsell-1610007683525.sql","remote-addr":"::1","status":"200","content-length":"11218","response-time":"14.599 ms","date":"Sat, 14 Jan 2023 18:03:04 GMT"}
{"exception":"-","id":"-","method":"GET","url":"/50-1581241713214.jpg","remote-addr":"::1","status":"200","content-length":"469379","response-time":"13.259 ms","date":"Sat, 14 Jan 2023 18:03:04 GMT"}
{"exception":"-","id":"9","method":"GET","url":"/offer/","remote-addr":"::1","status":"201","content-length":"28","response-time":"24.763 ms","date":"Sat, 14 Jan 2023 18:03:06 GMT"}
{"exception":"-","id":"9","method":"GET","url":"/offer/status/","remote-addr":"::1","status":"201","content-length":"293","response-time":"24.619 ms","date":"Sat, 14 Jan 2023 18:03:06 GMT"}
{"exception":"-","id":"9","method":"GET","url":"/user/listing/","remote-addr":"::1","status":"304","content-length":"-","response-time":"12.303 ms","date":"Sat, 14 Jan 2023 18:03:08 GMT"}
{"exception":"-","id":"-","method":"GET","url":"/50-1581241713214.jpg","remote-addr":"::1","status":"304","content-length":"-","response-time":"2.870 ms","date":"Sat, 14 Jan 2023 18:03:08 GMT"}
{"exception":"-","id":"-","method":"GET","url":"/Supreme-20th-Anniversary-Box-Logo-Tee-White-1581241779499.jpg","remote-addr":"::1","status":"304","content-length":"-","response-time":"4.386 ms","date":"Sat, 14 Jan 2023 18:03:08 GMT"}
{"exception":"-","id":"-","method":"GET","url":"/yeezy-boost-350-v2-antlia-lundmark-synth-release-date-price-01-1581241820941.jpg","remote-addr":"::1","status":"304","content-length":"-","response-time":"2.274 ms","date":"Sat, 14 Jan 2023 18:03:08 GMT"}
{"exception":"-","id":"-","method":"GET","url":"/air-jordan-1-dior-release-info-4-1581248498871.jpg","remote-addr":"::1","status":"304","content-length":"-","response-time":"6.469 ms","date":"Sat, 14 Jan 2023 18:03:08 GMT"}
{"exception":"-","id":"-","method":"GET","url":"/supreme-san-francisco-box-logo-tee-black-1581248766336.jfif","remote-addr":"::1","status":"304","content-length":"-","response-time":"5.265 ms","date":"Sat, 14 Jan 2023 18:03:08 GMT"}
{"exception":"-","id":"-","method":"GET","url":"/off-white-marianna-1581248830797.jfif","remote-addr":"::1","status":"304","content-length":"-","response-time":"5.295 ms","date":"Sat, 14 Jan 2023 18:03:08 GMT"}
{"exception":"-","id":"-","method":"GET","url":"/GitHub-1609999590009.appref-ms","remote-addr":"::1","status":"304","content-length":"-","response-time":"1.238 ms","date":"Sat, 14 Jan 2023 18:03:08 GMT"}
{"exception":"-","id":"-","method":"GET","url":"/BAPE-x-MCM-Camo-Zip-Hoodie-Brown-1581248898688.jpg","remote-addr":"::1","status":"404","content-length":"189","response-time":"3.894 ms","date":"Sat, 14 Jan 2023 18:03:08 GMT"}
{"exception":"-","id":"-","method":"GET","url":"/snapsell-1610007683525.sql","remote-addr":"::1","status":"304","content-length":"-","response-time":"2.316 ms","date":"Sat, 14 Jan 2023 18:03:08 GMT"}
{"exception":"-","id":"9","method":"GET","url":"/offer/","remote-addr":"::1","status":"201","content-length":"28","response-time":"14.607 ms","date":"Sat, 14 Jan 2023 18:03:12 GMT"}
{"exception":"-","id":"9","method":"GET","url":"/offer/status/","remote-addr":"::1","status":"201","content-length":"293","response-time":"13.977 ms","date":"Sat, 14 Jan 2023 18:03:12 GMT"}
{"exception":"-","id":"9","method":"GET","url":"/user/listing/","remote-addr":"::1","status":"304","content-length":"-","response-time":"10.995 ms","date":"Sat, 14 Jan 2023 18:03:13 GMT"}
{"exception":"-","id":"-","method":"GET","url":"/50-1581241713214.jpg","remote-addr":"::1","status":"304","content-length":"-","response-time":"1.169 ms","date":"Sat, 14 Jan 2023 18:03:13 GMT"}
{"exception":"-","id":"-","method":"GET","url":"/Supreme-20th-Anniversary-Box-Logo-Tee-White-1581241779499.jpg","remote-addr":"::1","status":"304","content-length":"-","response-time":"1.154 ms","date":"Sat, 14 Jan 2023 18:03:13 GMT"}
{"exception":"-","id":"-","method":"GET","url":"/yeezy-boost-350-v2-antlia-lundmark-synth-release-date-price-01-1581241820941.jpg","remote-addr":"::1","status":"304","content-length":"-","response-time":"1.903 ms","date":"Sat, 14 Jan 2023 18:03:13 GMT"}
{"exception":"-","id":"-","method":"GET","url":"/air-jordan-1-dior-release-info-4-1581248498871.jpg","remote-addr":"::1","status":"304","content-length":"-","response-time":"4.778 ms","date":"Sat, 14 Jan 2023 18:03:13 GMT"}
{"exception":"-","id":"-","method":"GET","url":"/supreme-san-francisco-box-logo-tee-black-1581248766336.jfif","remote-addr":"::1","status":"304","content-length":"-","response-time":"2.423 ms","date":"Sat, 14 Jan 2023 18:03:13 GMT"}
{"exception":"-","id":"-","method":"GET","url":"/off-white-marianna-1581248830797.jfif","remote-addr":"::1","status":"304","content-length":"-","response-time":"1.214 ms","date":"Sat, 14 Jan 2023 18:03:13 GMT"}
{"exception":"-","id":"-","method":"GET","url":"/BAPE-x-MCM-Camo-Zip-Hoodie-Brown-1581248898688.jpg","remote-addr":"::1","status":"404","content-length":"189","response-time":"2.261 ms","date":"Sat, 14 Jan 2023 18:03:13 GMT"}
{"exception":"-","id":"-","method":"GET","url":"/GitHub-1609999590009.appref-ms","remote-addr":"::1","status":"304","content-length":"-","response-time":"2.581 ms","date":"Sat, 14 Jan 2023 18:03:13 GMT"}
{"exception":"-","id":"-","method":"GET","url":"/snapsell-1610007683525.sql","remote-addr":"::1","status":"304","content-length":"-","response-time":"2.813 ms","date":"Sat, 14 Jan 2023 18:03:13 GMT"}
{"exception":"-","id":"9","method":"GET","url":"/offer/status/","remote-addr":"::1","status":"201","content-length":"293","response-time":"6.407 ms","date":"Sat, 14 Jan 2023 18:03:17 GMT"}
{"exception":"-","id":"9","method":"GET","url":"/offer/","remote-addr":"::1","status":"201","content-length":"28","response-time":"10.089 ms","date":"Sat, 14 Jan 2023 18:03:17 GMT"}
{"exception":"-","id":"-","method":"POST","url":"/user/logout","remote-addr":"::1","status":"200","content-length":"47","response-time":"1.573 ms","date":"Sat, 14 Jan 2023 18:03:18 GMT"}
{"exception":"-","id":"-","method":"POST","url":"/user/login","remote-addr":"::1","status":"201","content-length":"422","response-time":"8.648 ms","date":"Sat, 14 Jan 2023 18:03:38 GMT"}
