{"exception":"-","id":"-","method":"GET","url":"/public","remote-addr":"::1","status":"404","content-length":"145","response-time":"1.081 ms","date":"Sat, 14 Jan 2023 11:50:50 GMT"}
{"exception":"-","id":"9","method":"GET","url":"/user/listing/","remote-addr":"::1","status":"304","content-length":"-","response-time":"5.808 ms","date":"Sat, 14 Jan 2023 11:51:46 GMT"}
{"exception":"-","id":"-","method":"GET","url":"/50-1581241713214.jpg","remote-addr":"::1","status":"304","content-length":"-","response-time":"0.441 ms","date":"Sat, 14 Jan 2023 11:51:46 GMT"}
{"exception":"-","id":"-","method":"GET","url":"/Supreme-20th-Anniversary-Box-Logo-Tee-White-1581241779499.jpg","remote-addr":"::1","status":"304","content-length":"-","response-time":"0.339 ms","date":"Sat, 14 Jan 2023 11:51:46 GMT"}
{"exception":"-","id":"-","method":"GET","url":"/yeezy-boost-350-v2-antlia-lundmark-synth-release-date-price-01-1581241820941.jpg","remote-addr":"::1","status":"304","content-length":"-","response-time":"1.217 ms","date":"Sat, 14 Jan 2023 11:51:46 GMT"}
{"exception":"-","id":"-","method":"GET","url":"/air-jordan-1-dior-release-info-4-1581248498871.jpg","remote-addr":"::1","status":"304","content-length":"-","response-time":"1.419 ms","date":"Sat, 14 Jan 2023 11:51:46 GMT"}
{"exception":"-","id":"-","method":"GET","url":"/supreme-san-francisco-box-logo-tee-black-1581248766336.jfif","remote-addr":"::1","status":"304","content-length":"-","response-time":"1.538 ms","date":"Sat, 14 Jan 2023 11:51:46 GMT"}
{"exception":"-","id":"-","method":"GET","url":"/off-white-marianna-1581248830797.jfif","remote-addr":"::1","status":"304","content-length":"-","response-time":"2.076 ms","date":"Sat, 14 Jan 2023 11:51:46 GMT"}
{"exception":"-","id":"-","method":"GET","url":"/BAPE-x-MCM-Camo-Zip-Hoodie-Brown-1581248898688.jpg","remote-addr":"::1","status":"404","content-length":"189","response-time":"1.236 ms","date":"Sat, 14 Jan 2023 11:51:46 GMT"}
{"exception":"-","id":"-","method":"GET","url":"/GitHub-1609999590009.appref-ms","remote-addr":"::1","status":"304","content-length":"-","response-time":"0.717 ms","date":"Sat, 14 Jan 2023 11:51:46 GMT"}
{"exception":"-","id":"-","method":"GET","url":"/snapsell-1610007683525.sql","remote-addr":"::1","status":"304","content-length":"-","response-time":"0.439 ms","date":"Sat, 14 Jan 2023 11:51:46 GMT"}
{"exception":"-","id":"-","method":"GET","url":"/listing/106/","remote-addr":"::1","status":"200","content-length":"175","response-time":"3.823 ms","date":"Sat, 14 Jan 2023 11:51:48 GMT"}
{"exception":"-","id":"-","method":"GET","url":"/50-1581241713214.jpg","remote-addr":"::1","status":"304","content-length":"-","response-time":"0.922 ms","date":"Sat, 14 Jan 2023 11:51:48 GMT"}
{"exception":"-","id":"-","method":"GET","url":"/likes/106/","remote-addr":"::1","status":"200","content-length":"27","response-time":"4.072 ms","date":"Sat, 14 Jan 2023 11:51:48 GMT"}
{"exception":"-","id":"-","method":"GET","url":"/50-1581241713214.jpg","remote-addr":"::1","status":"304","content-length":"-","response-time":"0.523 ms","date":"Sat, 14 Jan 2023 11:51:49 GMT"}
{"exception":"-","id":"-","method":"GET","url":"/favicon.ico","remote-addr":"::1","status":"404","content-length":"150","response-time":"0.948 ms","date":"Sat, 14 Jan 2023 11:51:49 GMT"}
{"exception":"-","id":"-","method":"GET","url":"/","remote-addr":"::1","status":"404","content-length":"139","response-time":"0.778 ms","date":"Sat, 14 Jan 2023 11:51:59 GMT"}
{"exception":"-","id":"-","method":"GET","url":"/","remote-addr":"::1","status":"404","content-length":"139","response-time":"0.504 ms","date":"Sat, 14 Jan 2023 11:52:02 GMT"}
{"exception":"-","id":"-","method":"GET","url":"/50-1581241713214.jpg","remote-addr":"::1","status":"304","content-length":"-","response-time":"0.297 ms","date":"Sat, 14 Jan 2023 11:52:06 GMT"}
{"exception":"-","id":"-","method":"GET","url":"/public","remote-addr":"::1","status":"404","content-length":"145","response-time":"0.341 ms","date":"Sat, 14 Jan 2023 11:52:22 GMT"}
{"exception":"-","id":"-","method":"GET","url":"/?","remote-addr":"::1","status":"404","content-length":"139","response-time":"0.326 ms","date":"Sat, 14 Jan 2023 11:53:52 GMT"}
