{"exception":"-","id":"12","user-type":"-","method":"GET","url":"/offer/status/","remote-addr":"::1","status":"201","content-length":"28","response-time":"24.563 ms","date":"Sat, 14 Jan 2023 11:09:25 GMT"}
{"exception":"-","id":"12","user-type":"-","method":"GET","url":"/offer/","remote-addr":"::1","status":"201","content-length":"28","response-time":"125.230 ms","date":"Sat, 14 Jan 2023 11:09:25 GMT"}
{"exception":"-","id":"12","username:":"-","method":"GET","url":"/offer/status/","remote-addr":"::1","status":"201","content-length":"28","response-time":"20.424 ms","date":"Sat, 14 Jan 2023 11:17:45 GMT"}
{"exception":"-","id":"12","username:":"-","method":"GET","url":"/offer/","remote-addr":"::1","status":"201","content-length":"28","response-time":"103.197 ms","date":"Sat, 14 Jan 2023 11:17:45 GMT"}
{"exception":"-","id":"-","username:":"-","method":"GET","url":"/offer/status/","remote-addr":"::1","status":"500","content-length":"17","response-time":"17.066 ms","date":"Sat, 14 Jan 2023 11:20:21 GMT"}
{"exception":"-","id":"-","username:":"-","method":"GET","url":"/offer/","remote-addr":"::1","status":"201","content-length":"28","response-time":"97.663 ms","date":"Sat, 14 Jan 2023 11:20:21 GMT"}
{"exception":"-","id":"12","method":"GET","url":"/offer/","remote-addr":"::1","status":"201","content-length":"28","response-time":"105.080 ms","date":"Sat, 14 Jan 2023 11:21:20 GMT"}
{"exception":"-","id":"12","method":"GET","url":"/offer/status/","remote-addr":"::1","status":"201","content-length":"28","response-time":"24.642 ms","date":"Sat, 14 Jan 2023 11:21:20 GMT"}
{"exception":"-","id":"12","method":"GET","url":"/search/1'%20or%201=1;--%20-","remote-addr":"::1","status":"200","content-length":"44937","response-time":"11.496 ms","date":"Sat, 14 Jan 2023 11:23:14 GMT"}
{"exception":"-","id":"-","method":"GET","url":"/blackbadanasupreme-1581253650812.jfif","remote-addr":"::1","status":"304","content-length":"-","response-time":"3.361 ms","date":"Sat, 14 Jan 2023 11:23:14 GMT"}
{"exception":"-","id":"-","method":"GET","url":"/redbadanasupreme-1581253625505.jpg","remote-addr":"::1","status":"304","content-length":"-","response-time":"1.687 ms","date":"Sat, 14 Jan 2023 11:23:14 GMT"}
{"exception":"-","id":"-","method":"GET","url":"/GitHub-1609999590009.appref-ms","remote-addr":"::1","status":"200","content-length":"308","response-time":"6.178 ms","date":"Sat, 14 Jan 2023 11:23:14 GMT"}
{"exception":"-","id":"-","method":"GET","url":"/snapsell-1610007683525.sql","remote-addr":"::1","status":"200","content-length":"11218","response-time":"8.977 ms","date":"Sat, 14 Jan 2023 11:23:14 GMT"}
{"exception":"-","id":"-","method":"GET","url":"/vlads+-1581252198429.png","remote-addr":"::1","status":"404","content-length":"163","response-time":"4.310 ms","date":"Sat, 14 Jan 2023 11:23:14 GMT"}
{"exception":"-","id":"-","method":"GET","url":"/crewneckashgrey-1581253492700.jfif","remote-addr":"::1","status":"304","content-length":"-","response-time":"4.607 ms","date":"Sat, 14 Jan 2023 11:23:14 GMT"}
{"exception":"-","id":"-","method":"GET","url":"/listing/20/","remote-addr":"::1","status":"200","content-length":"28","response-time":"5.022 ms","date":"Sat, 14 Jan 2023 11:23:19 GMT"}
{"exception":"-","id":"12","method":"GET","url":"/search/1'%20or%201=1;--%20-","remote-addr":"::1","status":"304","content-length":"-","response-time":"11.813 ms","date":"Sat, 14 Jan 2023 11:23:21 GMT"}
{"exception":"-","id":"-","method":"GET","url":"/blackbadanasupreme-1581253650812.jfif","remote-addr":"::1","status":"304","content-length":"-","response-time":"0.485 ms","date":"Sat, 14 Jan 2023 11:23:21 GMT"}
{"exception":"-","id":"-","method":"GET","url":"/redbadanasupreme-1581253625505.jpg","remote-addr":"::1","status":"304","content-length":"-","response-time":"0.286 ms","date":"Sat, 14 Jan 2023 11:23:21 GMT"}
{"exception":"-","id":"-","method":"GET","url":"/crewneckashgrey-1581253492700.jfif","remote-addr":"::1","status":"304","content-length":"-","response-time":"2.689 ms","date":"Sat, 14 Jan 2023 11:23:21 GMT"}
{"exception":"-","id":"-","method":"GET","url":"/snapsell-1610007683525.sql","remote-addr":"::1","status":"304","content-length":"-","response-time":"3.234 ms","date":"Sat, 14 Jan 2023 11:23:21 GMT"}
{"exception":"-","id":"-","method":"GET","url":"/vlads+-1581252198429.png","remote-addr":"::1","status":"404","content-length":"163","response-time":"1.076 ms","date":"Sat, 14 Jan 2023 11:23:21 GMT"}
{"exception":"-","id":"-","method":"GET","url":"/GitHub-1609999590009.appref-ms","remote-addr":"::1","status":"304","content-length":"-","response-time":"1.090 ms","date":"Sat, 14 Jan 2023 11:23:21 GMT"}
{"exception":"-","id":"12","method":"GET","url":"/search/1'%20or%201=1;--%20-","remote-addr":"::1","status":"304","content-length":"-","response-time":"10.695 ms","date":"Sat, 14 Jan 2023 11:23:23 GMT"}
{"exception":"-","id":"-","method":"GET","url":"/vlad-1581252129491.png","remote-addr":"::1","status":"304","content-length":"-","response-time":"1.501 ms","date":"Sat, 14 Jan 2023 11:23:23 GMT"}
{"exception":"-","id":"-","method":"GET","url":"/BAPE-x-MCM-Camo-Zip-Hoodie-Brown-1581248898688.jpg","remote-addr":"::1","status":"404","content-length":"189","response-time":"1.887 ms","date":"Sat, 14 Jan 2023 11:23:23 GMT"}
{"exception":"-","id":"-","method":"GET","url":"/OffWhiteXAirMax90-1581252083619.jfif","remote-addr":"::1","status":"304","content-length":"-","response-time":"1.902 ms","date":"Sat, 14 Jan 2023 11:23:23 GMT"}
{"exception":"-","id":"-","method":"GET","url":"/Air-Jordan-1-Retro-Low-Travis-Scott-Product-1581251985871.jpg","remote-addr":"::1","status":"200","content-length":"132907","response-time":"2.683 ms","date":"Sat, 14 Jan 2023 11:23:23 GMT"}
{"exception":"-","id":"-","method":"GET","url":"/jordan-1-high-'85-1581251792615.jpg","remote-addr":"::1","status":"200","content-length":"37645","response-time":"5.729 ms","date":"Sat, 14 Jan 2023 11:23:23 GMT"}
{"exception":"-","id":"-","method":"GET","url":"/off-white-marianna-1581248830797.jfif","remote-addr":"::1","status":"200","content-length":"6318","response-time":"6.078 ms","date":"Sat, 14 Jan 2023 11:23:23 GMT"}
{"exception":"-","id":"12","method":"GET","url":"/search/1'%20or%201=1;--%20-","remote-addr":"::1","status":"304","content-length":"-","response-time":"7.925 ms","date":"Sat, 14 Jan 2023 11:23:27 GMT"}
{"exception":"-","id":"-","method":"GET","url":"/blackbadanasupreme-1581253650812.jfif","remote-addr":"::1","status":"304","content-length":"-","response-time":"0.801 ms","date":"Sat, 14 Jan 2023 11:23:27 GMT"}
{"exception":"-","id":"-","method":"GET","url":"/redbadanasupreme-1581253625505.jpg","remote-addr":"::1","status":"304","content-length":"-","response-time":"0.831 ms","date":"Sat, 14 Jan 2023 11:23:27 GMT"}
{"exception":"-","id":"-","method":"GET","url":"/crewneckashgrey-1581253492700.jfif","remote-addr":"::1","status":"304","content-length":"-","response-time":"0.842 ms","date":"Sat, 14 Jan 2023 11:23:27 GMT"}
{"exception":"-","id":"-","method":"GET","url":"/GitHub-1609999590009.appref-ms","remote-addr":"::1","status":"304","content-length":"-","response-time":"0.655 ms","date":"Sat, 14 Jan 2023 11:23:27 GMT"}
{"exception":"-","id":"-","method":"GET","url":"/vlads+-1581252198429.png","remote-addr":"::1","status":"404","content-length":"163","response-time":"1.345 ms","date":"Sat, 14 Jan 2023 11:23:27 GMT"}
{"exception":"-","id":"-","method":"GET","url":"/snapsell-1610007683525.sql","remote-addr":"::1","status":"304","content-length":"-","response-time":"1.174 ms","date":"Sat, 14 Jan 2023 11:23:27 GMT"}
{"exception":"-","id":"12","method":"GET","url":"/offer/status/","remote-addr":"::1","status":"201","content-length":"28","response-time":"4.268 ms","date":"Sat, 14 Jan 2023 11:23:32 GMT"}
{"exception":"-","id":"12","method":"GET","url":"/offer/","remote-addr":"::1","status":"201","content-length":"28","response-time":"6.534 ms","date":"Sat, 14 Jan 2023 11:23:32 GMT"}
{"exception":"-","id":"12","method":"GET","url":"/search/1'%20or%201=1;--%20-","remote-addr":"::1","status":"304","content-length":"-","response-time":"10.526 ms","date":"Sat, 14 Jan 2023 11:23:36 GMT"}
{"exception":"-","id":"-","method":"GET","url":"/blackbadanasupreme-1581253650812.jfif","remote-addr":"::1","status":"304","content-length":"-","response-time":"0.908 ms","date":"Sat, 14 Jan 2023 11:23:36 GMT"}
{"exception":"-","id":"-","method":"GET","url":"/redbadanasupreme-1581253625505.jpg","remote-addr":"::1","status":"304","content-length":"-","response-time":"0.768 ms","date":"Sat, 14 Jan 2023 11:23:36 GMT"}
{"exception":"-","id":"-","method":"GET","url":"/crewneckashgrey-1581253492700.jfif","remote-addr":"::1","status":"304","content-length":"-","response-time":"1.308 ms","date":"Sat, 14 Jan 2023 11:23:36 GMT"}
{"exception":"-","id":"-","method":"GET","url":"/snapsell-1610007683525.sql","remote-addr":"::1","status":"304","content-length":"-","response-time":"1.374 ms","date":"Sat, 14 Jan 2023 11:23:36 GMT"}
{"exception":"-","id":"-","method":"GET","url":"/vlads+-1581252198429.png","remote-addr":"::1","status":"404","content-length":"163","response-time":"1.796 ms","date":"Sat, 14 Jan 2023 11:23:36 GMT"}
{"exception":"-","id":"-","method":"GET","url":"/GitHub-1609999590009.appref-ms","remote-addr":"::1","status":"304","content-length":"-","response-time":"2.027 ms","date":"Sat, 14 Jan 2023 11:23:36 GMT"}
{"exception":"-","id":"-","method":"GET","url":"/listing/20/","remote-addr":"::1","status":"304","content-length":"-","response-time":"4.202 ms","date":"Sat, 14 Jan 2023 11:23:40 GMT"}
{"exception":"-","id":"12","method":"GET","url":"/user/listing/","remote-addr":"::1","status":"304","content-length":"-","response-time":"7.935 ms","date":"Sat, 14 Jan 2023 11:23:45 GMT"}
{"exception":"-","id":"12","method":"GET","url":"/offer/","remote-addr":"::1","status":"201","content-length":"28","response-time":"5.810 ms","date":"Sat, 14 Jan 2023 11:23:49 GMT"}
{"exception":"-","id":"12","method":"GET","url":"/offer/status/","remote-addr":"::1","status":"201","content-length":"28","response-time":"6.052 ms","date":"Sat, 14 Jan 2023 11:23:49 GMT"}
