{"exception":"-","id":"-","method":"POST","url":"/user/login","remote-addr":"::1","status":"201","content-length":"413","response-time":"190.285 ms","date":"Wed, 01 Feb 2023 08:31:39 GMT"}
{"exception":"-","id":"14","method":"GET","url":"/user/listing/","remote-addr":"::1","status":"304","content-length":"-","response-time":"9.900 ms","date":"Wed, 01 Feb 2023 08:31:39 GMT"}
{"exception":"-","id":"-","method":"GET","url":"/Orange%20Glow%20Block-1675234739812.png","remote-addr":"::1","status":"304","content-length":"-","response-time":"5.393 ms","date":"Wed, 01 Feb 2023 08:31:40 GMT"}
{"exception":"-","id":"-","method":"GET","url":"/Discord%20Auto%20Typer-1675233788721.exe","remote-addr":"::1","status":"304","content-length":"-","response-time":"3.397 ms","date":"Wed, 01 Feb 2023 08:31:40 GMT"}
{"exception":"-","id":"-","method":"POST","url":"/user/logout","remote-addr":"::1","status":"200","content-length":"47","response-time":"1.083 ms","date":"Wed, 01 Feb 2023 08:31:42 GMT"}
{"exception":"-","id":"-","method":"POST","url":"/user/login","remote-addr":"::1","status":"201","content-length":"413","response-time":"83.702 ms","date":"Wed, 01 Feb 2023 08:31:53 GMT"}
{"exception":"-","id":"-","method":"POST","url":"/user/login","remote-addr":"::1","status":"201","content-length":"413","response-time":"78.132 ms","date":"Wed, 01 Feb 2023 08:32:19 GMT"}
{"exception":"-","id":"-","method":"POST","url":"/user/login","remote-addr":"::1","status":"404","content-length":"9","response-time":"94.869 ms","date":"Wed, 01 Feb 2023 08:33:13 GMT"}
{"exception":"-","id":"-","method":"POST","url":"/user/login","remote-addr":"::1","status":"404","content-length":"9","response-time":"8.370 ms","date":"Wed, 01 Feb 2023 08:33:18 GMT"}
{"exception":"-","id":"-","method":"POST","url":"/user/login","remote-addr":"::1","status":"201","content-length":"413","response-time":"104.807 ms","date":"Wed, 01 Feb 2023 08:33:31 GMT"}
{"exception":"-","id":"-","method":"POST","url":"/user/login","remote-addr":"::1","status":"404","content-length":"9","response-time":"10.578 ms","date":"Wed, 01 Feb 2023 08:35:09 GMT"}
{"exception":"-","id":"-","method":"POST","url":"/user/login","remote-addr":"::1","status":"201","content-length":"413","response-time":"81.993 ms","date":"Wed, 01 Feb 2023 08:35:16 GMT"}
{"exception":"-","id":"-","method":"POST","url":"/user/login","remote-addr":"::1","status":"201","content-length":"413","response-time":"70.464 ms","date":"Wed, 01 Feb 2023 08:36:56 GMT"}
{"exception":"-","id":"-","method":"POST","url":"/user/login","remote-addr":"::1","status":"201","content-length":"420","response-time":"169.840 ms","date":"Wed, 01 Feb 2023 08:37:48 GMT"}
{"exception":"-","id":"10","method":"GET","url":"/user/listing/","remote-addr":"::1","status":"200","content-length":"644","response-time":"11.530 ms","date":"Wed, 01 Feb 2023 08:37:49 GMT"}
{"exception":"-","id":"-","method":"GET","url":"/jordan-1-high-'85-1581251792615.jpg","remote-addr":"::1","status":"304","content-length":"-","response-time":"9.540 ms","date":"Wed, 01 Feb 2023 08:37:49 GMT"}
{"exception":"-","id":"-","method":"GET","url":"/OffWhiteXAirMax90-1581252083619.jfif","remote-addr":"::1","status":"304","content-length":"-","response-time":"6.927 ms","date":"Wed, 01 Feb 2023 08:37:49 GMT"}
{"exception":"-","id":"-","method":"GET","url":"/Air-Jordan-1-Retro-Low-Travis-Scott-Product-1581251985871.jpg","remote-addr":"::1","status":"304","content-length":"-","response-time":"6.989 ms","date":"Wed, 01 Feb 2023 08:37:49 GMT"}
{"exception":"-","id":"-","method":"GET","url":"/vlads+-1581252198429.png","remote-addr":"::1","status":"404","content-length":"163","response-time":"12.243 ms","date":"Wed, 01 Feb 2023 08:37:49 GMT"}
{"exception":"-","id":"-","method":"GET","url":"/vlad-1581252129491.png","remote-addr":"::1","status":"304","content-length":"-","response-time":"10.292 ms","date":"Wed, 01 Feb 2023 08:37:49 GMT"}
{"exception":"-","id":"-","method":"POST","url":"/user/logout","remote-addr":"::1","status":"200","content-length":"47","response-time":"1.414 ms","date":"Wed, 01 Feb 2023 08:37:51 GMT"}
{"exception":"-","id":"-","method":"POST","url":"/user/login","remote-addr":"::1","status":"201","content-length":"420","response-time":"81.278 ms","date":"Wed, 01 Feb 2023 08:38:01 GMT"}
{"exception":"-","id":"-","method":"POST","url":"/user/login","remote-addr":"::1","status":"404","content-length":"9","response-time":"12.885 ms","date":"Wed, 01 Feb 2023 08:38:03 GMT"}
{"exception":"-","id":"-","method":"POST","url":"/user/login","remote-addr":"::1","status":"201","content-length":"420","response-time":"86.022 ms","date":"Wed, 01 Feb 2023 08:38:16 GMT"}
{"exception":"-","id":"-","method":"POST","url":"/user/login","remote-addr":"::1","status":"201","content-length":"420","response-time":"186.372 ms","date":"Wed, 01 Feb 2023 08:38:47 GMT"}
{"exception":"-","id":"-","method":"POST","url":"/user/login","remote-addr":"::1","status":"404","content-length":"9","response-time":"11.936 ms","date":"Wed, 01 Feb 2023 08:38:51 GMT"}
