{"exception":"-","id":"12","method":"GET","url":"/offer/status/","remote-addr":"::1","status":"201","content-length":"28","response-time":"5.143 ms","date":"Thu, 02 Feb 2023 09:21:30 GMT"}
{"exception":"-","id":"12","method":"GET","url":"/offer/","remote-addr":"::1","status":"201","content-length":"28","response-time":"8.544 ms","date":"Thu, 02 Feb 2023 09:21:30 GMT"}
{"exception":"-","id":"12","method":"GET","url":"/offer/","remote-addr":"::1","status":"201","content-length":"28","response-time":"2.919 ms","date":"Thu, 02 Feb 2023 09:21:33 GMT"}
{"exception":"-","id":"12","method":"GET","url":"/offer/status/","remote-addr":"::1","status":"201","content-length":"28","response-time":"3.964 ms","date":"Thu, 02 Feb 2023 09:21:33 GMT"}
{"exception":"-","id":"-","method":"POST","url":"/user/logout","remote-addr":"::1","status":"200","content-length":"47","response-time":"0.795 ms","date":"Thu, 02 Feb 2023 09:21:34 GMT"}
{"exception":"-","id":"-","method":"POST","url":"/user/login","remote-addr":"::1","status":"201","content-length":"413","response-time":"273.638 ms","date":"Thu, 02 Feb 2023 09:21:44 GMT"}
{"exception":"-","id":"14","method":"GET","url":"/user/listing/","remote-addr":"::1","status":"200","content-length":"230","response-time":"6.000 ms","date":"Thu, 02 Feb 2023 09:21:44 GMT"}
{"exception":"-","id":"-","method":"GET","url":"/Orange%20Glow%20Block-1675234739812.png","remote-addr":"::1","status":"304","content-length":"-","response-time":"2.582 ms","date":"Thu, 02 Feb 2023 09:21:44 GMT"}
{"exception":"-","id":"-","method":"GET","url":"/Discord%20Auto%20Typer-1675233788721.exe","remote-addr":"::1","status":"304","content-length":"-","response-time":"1.985 ms","date":"Thu, 02 Feb 2023 09:21:44 GMT"}
{"exception":"-","id":"14","method":"GET","url":"/offer/status/","remote-addr":"::1","status":"201","content-length":"28","response-time":"2.401 ms","date":"Thu, 02 Feb 2023 09:21:46 GMT"}
{"exception":"-","id":"14","method":"GET","url":"/offer/","remote-addr":"::1","status":"201","content-length":"28","response-time":"4.529 ms","date":"Thu, 02 Feb 2023 09:21:46 GMT"}
{"exception":"-","id":"14","method":"GET","url":"/user/listing/","remote-addr":"::1","status":"304","content-length":"-","response-time":"4.445 ms","date":"Thu, 02 Feb 2023 09:21:51 GMT"}
{"exception":"-","id":"-","method":"GET","url":"/Orange%20Glow%20Block-1675234739812.png","remote-addr":"::1","status":"304","content-length":"-","response-time":"1.542 ms","date":"Thu, 02 Feb 2023 09:21:51 GMT"}
{"exception":"-","id":"-","method":"GET","url":"/Discord%20Auto%20Typer-1675233788721.exe","remote-addr":"::1","status":"304","content-length":"-","response-time":"0.848 ms","date":"Thu, 02 Feb 2023 09:21:51 GMT"}
{"exception":"-","id":"-","method":"POST","url":"/user/logout","remote-addr":"::1","status":"200","content-length":"47","response-time":"0.641 ms","date":"Thu, 02 Feb 2023 09:21:53 GMT"}
{"exception":"-","id":"-","method":"POST","url":"/user/login","remote-addr":"::1","status":"201","content-length":"422","response-time":"206.484 ms","date":"Thu, 02 Feb 2023 09:22:04 GMT"}
{"exception":"-","id":"9","method":"GET","url":"/user/listing/","remote-addr":"::1","status":"200","content-length":"1166","response-time":"2.364 ms","date":"Thu, 02 Feb 2023 09:22:04 GMT"}
{"exception":"-","id":"-","method":"GET","url":"/50-1581241713214.jpg","remote-addr":"::1","status":"304","content-length":"-","response-time":"0.817 ms","date":"Thu, 02 Feb 2023 09:22:04 GMT"}
{"exception":"-","id":"-","method":"GET","url":"/Supreme-20th-Anniversary-Box-Logo-Tee-White-1581241779499.jpg","remote-addr":"::1","status":"304","content-length":"-","response-time":"0.787 ms","date":"Thu, 02 Feb 2023 09:22:04 GMT"}
{"exception":"-","id":"-","method":"GET","url":"/supreme-san-francisco-box-logo-tee-black-1581248766336.jfif","remote-addr":"::1","status":"304","content-length":"-","response-time":"0.606 ms","date":"Thu, 02 Feb 2023 09:22:04 GMT"}
{"exception":"-","id":"-","method":"GET","url":"/air-jordan-1-dior-release-info-4-1581248498871.jpg","remote-addr":"::1","status":"304","content-length":"-","response-time":"1.404 ms","date":"Thu, 02 Feb 2023 09:22:04 GMT"}
{"exception":"-","id":"-","method":"GET","url":"/yeezy-boost-350-v2-antlia-lundmark-synth-release-date-price-01-1581241820941.jpg","remote-addr":"::1","status":"304","content-length":"-","response-time":"1.101 ms","date":"Thu, 02 Feb 2023 09:22:04 GMT"}
{"exception":"-","id":"-","method":"GET","url":"/off-white-marianna-1581248830797.jfif","remote-addr":"::1","status":"304","content-length":"-","response-time":"0.965 ms","date":"Thu, 02 Feb 2023 09:22:04 GMT"}
{"exception":"-","id":"-","method":"GET","url":"/BAPE-x-MCM-Camo-Zip-Hoodie-Brown-1581248898688.jpg","remote-addr":"::1","status":"404","content-length":"189","response-time":"2.194 ms","date":"Thu, 02 Feb 2023 09:22:04 GMT"}
{"exception":"-","id":"-","method":"GET","url":"/GitHub-1609999590009.appref-ms","remote-addr":"::1","status":"304","content-length":"-","response-time":"0.770 ms","date":"Thu, 02 Feb 2023 09:22:04 GMT"}
{"exception":"-","id":"-","method":"GET","url":"/snapsell-1610007683525.sql","remote-addr":"::1","status":"304","content-length":"-","response-time":"0.750 ms","date":"Thu, 02 Feb 2023 09:22:04 GMT"}
{"exception":"-","id":"9","method":"GET","url":"/offer/","remote-addr":"::1","status":"201","content-length":"28","response-time":"6.054 ms","date":"Thu, 02 Feb 2023 09:22:06 GMT"}
{"exception":"-","id":"9","method":"GET","url":"/offer/status/","remote-addr":"::1","status":"201","content-length":"361","response-time":"3.380 ms","date":"Thu, 02 Feb 2023 09:22:06 GMT"}
{"exception":"-","id":"9","method":"GET","url":"/offer/","remote-addr":"::1","status":"201","content-length":"28","response-time":"4.970 ms","date":"Thu, 02 Feb 2023 09:22:35 GMT"}
{"exception":"-","id":"9","method":"GET","url":"/offer/status/","remote-addr":"::1","status":"201","content-length":"368","response-time":"4.030 ms","date":"Thu, 02 Feb 2023 09:22:35 GMT"}
{"exception":"-","id":"9","method":"GET","url":"/user/listing/","remote-addr":"::1","status":"304","content-length":"-","response-time":"3.524 ms","date":"Thu, 02 Feb 2023 09:22:38 GMT"}
{"exception":"-","id":"-","method":"GET","url":"/50-1581241713214.jpg","remote-addr":"::1","status":"304","content-length":"-","response-time":"0.421 ms","date":"Thu, 02 Feb 2023 09:22:38 GMT"}
{"exception":"-","id":"-","method":"GET","url":"/Supreme-20th-Anniversary-Box-Logo-Tee-White-1581241779499.jpg","remote-addr":"::1","status":"304","content-length":"-","response-time":"0.532 ms","date":"Thu, 02 Feb 2023 09:22:38 GMT"}
{"exception":"-","id":"-","method":"GET","url":"/yeezy-boost-350-v2-antlia-lundmark-synth-release-date-price-01-1581241820941.jpg","remote-addr":"::1","status":"304","content-length":"-","response-time":"1.996 ms","date":"Thu, 02 Feb 2023 09:22:38 GMT"}
{"exception":"-","id":"-","method":"GET","url":"/air-jordan-1-dior-release-info-4-1581248498871.jpg","remote-addr":"::1","status":"304","content-length":"-","response-time":"1.575 ms","date":"Thu, 02 Feb 2023 09:22:38 GMT"}
{"exception":"-","id":"-","method":"GET","url":"/off-white-marianna-1581248830797.jfif","remote-addr":"::1","status":"304","content-length":"-","response-time":"1.018 ms","date":"Thu, 02 Feb 2023 09:22:38 GMT"}
{"exception":"-","id":"-","method":"GET","url":"/supreme-san-francisco-box-logo-tee-black-1581248766336.jfif","remote-addr":"::1","status":"304","content-length":"-","response-time":"1.850 ms","date":"Thu, 02 Feb 2023 09:22:38 GMT"}
{"exception":"-","id":"-","method":"GET","url":"/BAPE-x-MCM-Camo-Zip-Hoodie-Brown-1581248898688.jpg","remote-addr":"::1","status":"404","content-length":"189","response-time":"1.994 ms","date":"Thu, 02 Feb 2023 09:22:38 GMT"}
{"exception":"-","id":"-","method":"GET","url":"/GitHub-1609999590009.appref-ms","remote-addr":"::1","status":"304","content-length":"-","response-time":"2.205 ms","date":"Thu, 02 Feb 2023 09:22:38 GMT"}
{"exception":"-","id":"-","method":"GET","url":"/snapsell-1610007683525.sql","remote-addr":"::1","status":"304","content-length":"-","response-time":"0.635 ms","date":"Thu, 02 Feb 2023 09:22:38 GMT"}
{"exception":"-","id":"9","method":"GET","url":"/offer/","remote-addr":"::1","status":"201","content-length":"28","response-time":"4.323 ms","date":"Thu, 02 Feb 2023 09:22:40 GMT"}
{"exception":"-","id":"9","method":"GET","url":"/offer/status/","remote-addr":"::1","status":"201","content-length":"368","response-time":"4.263 ms","date":"Thu, 02 Feb 2023 09:22:40 GMT"}
{"exception":"-","id":"9","method":"GET","url":"/offer/status/","remote-addr":"::1","status":"201","content-length":"380","response-time":"3.944 ms","date":"Thu, 02 Feb 2023 09:23:19 GMT"}
{"exception":"-","id":"9","method":"GET","url":"/offer/","remote-addr":"::1","status":"201","content-length":"28","response-time":"8.941 ms","date":"Thu, 02 Feb 2023 09:23:19 GMT"}
{"exception":"-","id":"9","method":"GET","url":"/user/listing/","remote-addr":"::1","status":"304","content-length":"-","response-time":"4.989 ms","date":"Thu, 02 Feb 2023 09:23:23 GMT"}
{"exception":"-","id":"-","method":"GET","url":"/50-1581241713214.jpg","remote-addr":"::1","status":"304","content-length":"-","response-time":"0.901 ms","date":"Thu, 02 Feb 2023 09:23:23 GMT"}
{"exception":"-","id":"-","method":"GET","url":"/Supreme-20th-Anniversary-Box-Logo-Tee-White-1581241779499.jpg","remote-addr":"::1","status":"304","content-length":"-","response-time":"1.335 ms","date":"Thu, 02 Feb 2023 09:23:23 GMT"}
{"exception":"-","id":"-","method":"GET","url":"/yeezy-boost-350-v2-antlia-lundmark-synth-release-date-price-01-1581241820941.jpg","remote-addr":"::1","status":"304","content-length":"-","response-time":"1.218 ms","date":"Thu, 02 Feb 2023 09:23:23 GMT"}
{"exception":"-","id":"-","method":"GET","url":"/air-jordan-1-dior-release-info-4-1581248498871.jpg","remote-addr":"::1","status":"304","content-length":"-","response-time":"1.087 ms","date":"Thu, 02 Feb 2023 09:23:23 GMT"}
{"exception":"-","id":"-","method":"GET","url":"/supreme-san-francisco-box-logo-tee-black-1581248766336.jfif","remote-addr":"::1","status":"304","content-length":"-","response-time":"1.783 ms","date":"Thu, 02 Feb 2023 09:23:23 GMT"}
{"exception":"-","id":"-","method":"GET","url":"/off-white-marianna-1581248830797.jfif","remote-addr":"::1","status":"304","content-length":"-","response-time":"1.460 ms","date":"Thu, 02 Feb 2023 09:23:23 GMT"}
{"exception":"-","id":"-","method":"GET","url":"/BAPE-x-MCM-Camo-Zip-Hoodie-Brown-1581248898688.jpg","remote-addr":"::1","status":"404","content-length":"189","response-time":"1.470 ms","date":"Thu, 02 Feb 2023 09:23:23 GMT"}
{"exception":"-","id":"-","method":"GET","url":"/GitHub-1609999590009.appref-ms","remote-addr":"::1","status":"304","content-length":"-","response-time":"1.081 ms","date":"Thu, 02 Feb 2023 09:23:23 GMT"}
{"exception":"-","id":"-","method":"GET","url":"/snapsell-1610007683525.sql","remote-addr":"::1","status":"304","content-length":"-","response-time":"0.545 ms","date":"Thu, 02 Feb 2023 09:23:23 GMT"}
{"exception":"-","id":"9","method":"GET","url":"/user/listing/","remote-addr":"::1","status":"304","content-length":"-","response-time":"3.131 ms","date":"Thu, 02 Feb 2023 09:24:44 GMT"}
{"exception":"-","id":"-","method":"GET","url":"/50-1581241713214.jpg","remote-addr":"::1","status":"304","content-length":"-","response-time":"0.405 ms","date":"Thu, 02 Feb 2023 09:24:44 GMT"}
{"exception":"-","id":"-","method":"GET","url":"/Supreme-20th-Anniversary-Box-Logo-Tee-White-1581241779499.jpg","remote-addr":"::1","status":"304","content-length":"-","response-time":"0.339 ms","date":"Thu, 02 Feb 2023 09:24:44 GMT"}
{"exception":"-","id":"-","method":"GET","url":"/yeezy-boost-350-v2-antlia-lundmark-synth-release-date-price-01-1581241820941.jpg","remote-addr":"::1","status":"304","content-length":"-","response-time":"1.304 ms","date":"Thu, 02 Feb 2023 09:24:44 GMT"}
{"exception":"-","id":"-","method":"GET","url":"/air-jordan-1-dior-release-info-4-1581248498871.jpg","remote-addr":"::1","status":"304","content-length":"-","response-time":"1.342 ms","date":"Thu, 02 Feb 2023 09:24:44 GMT"}
{"exception":"-","id":"-","method":"GET","url":"/supreme-san-francisco-box-logo-tee-black-1581248766336.jfif","remote-addr":"::1","status":"304","content-length":"-","response-time":"1.340 ms","date":"Thu, 02 Feb 2023 09:24:44 GMT"}
{"exception":"-","id":"-","method":"GET","url":"/off-white-marianna-1581248830797.jfif","remote-addr":"::1","status":"304","content-length":"-","response-time":"1.878 ms","date":"Thu, 02 Feb 2023 09:24:44 GMT"}
{"exception":"-","id":"-","method":"GET","url":"/BAPE-x-MCM-Camo-Zip-Hoodie-Brown-1581248898688.jpg","remote-addr":"::1","status":"404","content-length":"189","response-time":"1.189 ms","date":"Thu, 02 Feb 2023 09:24:44 GMT"}
{"exception":"-","id":"-","method":"GET","url":"/GitHub-1609999590009.appref-ms","remote-addr":"::1","status":"304","content-length":"-","response-time":"1.442 ms","date":"Thu, 02 Feb 2023 09:24:44 GMT"}
{"exception":"-","id":"-","method":"GET","url":"/snapsell-1610007683525.sql","remote-addr":"::1","status":"304","content-length":"-","response-time":"0.441 ms","date":"Thu, 02 Feb 2023 09:24:44 GMT"}
{"exception":"-","id":"9","method":"GET","url":"/search/%3Cscript%3Ealert(1)","remote-addr":"::1","status":"200","content-length":"28","response-time":"7.188 ms","date":"Thu, 02 Feb 2023 09:24:50 GMT"}
{"exception":"-","id":"-","method":"GET","url":"/search/","remote-addr":"::1","status":"404","content-length":"146","response-time":"0.930 ms","date":"Thu, 02 Feb 2023 09:24:51 GMT"}
{"exception":"-","id":"9","method":"GET","url":"/search/'%20ORDER%20BY%203--%20-","remote-addr":"::1","status":"200","content-length":"28","response-time":"2.663 ms","date":"Thu, 02 Feb 2023 09:24:57 GMT"}
{"exception":"-","id":"9","method":"GET","url":"/search/%3Cscript%3Ealert(1)","remote-addr":"::1","status":"304","content-length":"-","response-time":"2.634 ms","date":"Thu, 02 Feb 2023 09:25:04 GMT"}
{"exception":"-","id":"9","method":"GET","url":"/user/listing/","remote-addr":"::1","status":"304","content-length":"-","response-time":"4.429 ms","date":"Thu, 02 Feb 2023 09:25:07 GMT"}
{"exception":"-","id":"-","method":"GET","url":"/50-1581241713214.jpg","remote-addr":"::1","status":"304","content-length":"-","response-time":"0.988 ms","date":"Thu, 02 Feb 2023 09:25:07 GMT"}
{"exception":"-","id":"-","method":"GET","url":"/Supreme-20th-Anniversary-Box-Logo-Tee-White-1581241779499.jpg","remote-addr":"::1","status":"304","content-length":"-","response-time":"0.393 ms","date":"Thu, 02 Feb 2023 09:25:07 GMT"}
{"exception":"-","id":"-","method":"GET","url":"/yeezy-boost-350-v2-antlia-lundmark-synth-release-date-price-01-1581241820941.jpg","remote-addr":"::1","status":"304","content-length":"-","response-time":"0.700 ms","date":"Thu, 02 Feb 2023 09:25:07 GMT"}
{"exception":"-","id":"-","method":"GET","url":"/air-jordan-1-dior-release-info-4-1581248498871.jpg","remote-addr":"::1","status":"304","content-length":"-","response-time":"0.868 ms","date":"Thu, 02 Feb 2023 09:25:07 GMT"}
{"exception":"-","id":"-","method":"GET","url":"/supreme-san-francisco-box-logo-tee-black-1581248766336.jfif","remote-addr":"::1","status":"304","content-length":"-","response-time":"0.696 ms","date":"Thu, 02 Feb 2023 09:25:07 GMT"}
{"exception":"-","id":"-","method":"GET","url":"/off-white-marianna-1581248830797.jfif","remote-addr":"::1","status":"304","content-length":"-","response-time":"0.510 ms","date":"Thu, 02 Feb 2023 09:25:07 GMT"}
{"exception":"-","id":"-","method":"GET","url":"/BAPE-x-MCM-Camo-Zip-Hoodie-Brown-1581248898688.jpg","remote-addr":"::1","status":"404","content-length":"189","response-time":"0.806 ms","date":"Thu, 02 Feb 2023 09:25:07 GMT"}
{"exception":"-","id":"-","method":"GET","url":"/GitHub-1609999590009.appref-ms","remote-addr":"::1","status":"304","content-length":"-","response-time":"1.270 ms","date":"Thu, 02 Feb 2023 09:25:07 GMT"}
{"exception":"-","id":"-","method":"GET","url":"/snapsell-1610007683525.sql","remote-addr":"::1","status":"304","content-length":"-","response-time":"0.551 ms","date":"Thu, 02 Feb 2023 09:25:07 GMT"}
{"exception":"-","id":"9","method":"GET","url":"/search/'%20ORDER%20BY%203--","remote-addr":"::1","status":"200","content-length":"28","response-time":"5.585 ms","date":"Thu, 02 Feb 2023 09:25:13 GMT"}
{"exception":"-","id":"9","method":"GET","url":"/user/listing/","remote-addr":"::1","status":"304","content-length":"-","response-time":"2.423 ms","date":"Thu, 02 Feb 2023 09:25:15 GMT"}
{"exception":"-","id":"-","method":"GET","url":"/50-1581241713214.jpg","remote-addr":"::1","status":"304","content-length":"-","response-time":"1.200 ms","date":"Thu, 02 Feb 2023 09:25:15 GMT"}
{"exception":"-","id":"-","method":"GET","url":"/Supreme-20th-Anniversary-Box-Logo-Tee-White-1581241779499.jpg","remote-addr":"::1","status":"304","content-length":"-","response-time":"1.792 ms","date":"Thu, 02 Feb 2023 09:25:15 GMT"}
{"exception":"-","id":"-","method":"GET","url":"/yeezy-boost-350-v2-antlia-lundmark-synth-release-date-price-01-1581241820941.jpg","remote-addr":"::1","status":"304","content-length":"-","response-time":"1.832 ms","date":"Thu, 02 Feb 2023 09:25:15 GMT"}
{"exception":"-","id":"-","method":"GET","url":"/air-jordan-1-dior-release-info-4-1581248498871.jpg","remote-addr":"::1","status":"304","content-length":"-","response-time":"1.787 ms","date":"Thu, 02 Feb 2023 09:25:15 GMT"}
{"exception":"-","id":"-","method":"GET","url":"/supreme-san-francisco-box-logo-tee-black-1581248766336.jfif","remote-addr":"::1","status":"304","content-length":"-","response-time":"1.814 ms","date":"Thu, 02 Feb 2023 09:25:15 GMT"}
{"exception":"-","id":"-","method":"GET","url":"/off-white-marianna-1581248830797.jfif","remote-addr":"::1","status":"304","content-length":"-","response-time":"1.747 ms","date":"Thu, 02 Feb 2023 09:25:15 GMT"}
{"exception":"-","id":"-","method":"GET","url":"/BAPE-x-MCM-Camo-Zip-Hoodie-Brown-1581248898688.jpg","remote-addr":"::1","status":"404","content-length":"189","response-time":"0.586 ms","date":"Thu, 02 Feb 2023 09:25:15 GMT"}
{"exception":"-","id":"-","method":"GET","url":"/GitHub-1609999590009.appref-ms","remote-addr":"::1","status":"304","content-length":"-","response-time":"0.666 ms","date":"Thu, 02 Feb 2023 09:25:15 GMT"}
{"exception":"-","id":"-","method":"GET","url":"/snapsell-1610007683525.sql","remote-addr":"::1","status":"304","content-length":"-","response-time":"0.644 ms","date":"Thu, 02 Feb 2023 09:25:15 GMT"}
{"exception":"-","id":"9","method":"GET","url":"/offer/","remote-addr":"::1","status":"201","content-length":"28","response-time":"4.526 ms","date":"Thu, 02 Feb 2023 09:30:50 GMT"}
{"exception":"-","id":"9","method":"GET","url":"/offer/status/","remote-addr":"::1","status":"201","content-length":"380","response-time":"3.399 ms","date":"Thu, 02 Feb 2023 09:30:50 GMT"}
{"exception":"-","id":"9","method":"GET","url":"/user/listing/","remote-addr":"::1","status":"304","content-length":"-","response-time":"4.780 ms","date":"Thu, 02 Feb 2023 09:30:59 GMT"}
{"exception":"-","id":"-","method":"GET","url":"/50-1581241713214.jpg","remote-addr":"::1","status":"304","content-length":"-","response-time":"1.320 ms","date":"Thu, 02 Feb 2023 09:30:59 GMT"}
{"exception":"-","id":"-","method":"GET","url":"/Supreme-20th-Anniversary-Box-Logo-Tee-White-1581241779499.jpg","remote-addr":"::1","status":"304","content-length":"-","response-time":"0.647 ms","date":"Thu, 02 Feb 2023 09:30:59 GMT"}
{"exception":"-","id":"-","method":"GET","url":"/yeezy-boost-350-v2-antlia-lundmark-synth-release-date-price-01-1581241820941.jpg","remote-addr":"::1","status":"304","content-length":"-","response-time":"0.738 ms","date":"Thu, 02 Feb 2023 09:30:59 GMT"}
{"exception":"-","id":"-","method":"GET","url":"/air-jordan-1-dior-release-info-4-1581248498871.jpg","remote-addr":"::1","status":"304","content-length":"-","response-time":"0.546 ms","date":"Thu, 02 Feb 2023 09:30:59 GMT"}
{"exception":"-","id":"-","method":"GET","url":"/off-white-marianna-1581248830797.jfif","remote-addr":"::1","status":"304","content-length":"-","response-time":"0.521 ms","date":"Thu, 02 Feb 2023 09:30:59 GMT"}
{"exception":"-","id":"-","method":"GET","url":"/supreme-san-francisco-box-logo-tee-black-1581248766336.jfif","remote-addr":"::1","status":"304","content-length":"-","response-time":"0.988 ms","date":"Thu, 02 Feb 2023 09:30:59 GMT"}
{"exception":"-","id":"-","method":"GET","url":"/BAPE-x-MCM-Camo-Zip-Hoodie-Brown-1581248898688.jpg","remote-addr":"::1","status":"404","content-length":"189","response-time":"1.648 ms","date":"Thu, 02 Feb 2023 09:30:59 GMT"}
{"exception":"-","id":"-","method":"GET","url":"/GitHub-1609999590009.appref-ms","remote-addr":"::1","status":"304","content-length":"-","response-time":"1.231 ms","date":"Thu, 02 Feb 2023 09:30:59 GMT"}
{"exception":"-","id":"-","method":"GET","url":"/snapsell-1610007683525.sql","remote-addr":"::1","status":"304","content-length":"-","response-time":"0.425 ms","date":"Thu, 02 Feb 2023 09:30:59 GMT"}
{"exception":"-","id":"-","method":"GET","url":"/listing/106/","remote-addr":"::1","status":"200","content-length":"175","response-time":"2.587 ms","date":"Thu, 02 Feb 2023 09:31:02 GMT"}
{"exception":"-","id":"-","method":"GET","url":"/50-1581241713214.jpg","remote-addr":"::1","status":"304","content-length":"-","response-time":"0.343 ms","date":"Thu, 02 Feb 2023 09:31:02 GMT"}
{"exception":"-","id":"-","method":"GET","url":"/likes/106/","remote-addr":"::1","status":"200","content-length":"27","response-time":"5.442 ms","date":"Thu, 02 Feb 2023 09:31:02 GMT"}
{"exception":"-","id":"9","method":"GET","url":"/user/listing/","remote-addr":"::1","status":"304","content-length":"-","response-time":"3.133 ms","date":"Thu, 02 Feb 2023 09:31:04 GMT"}
{"exception":"-","id":"-","method":"GET","url":"/50-1581241713214.jpg","remote-addr":"::1","status":"304","content-length":"-","response-time":"1.019 ms","date":"Thu, 02 Feb 2023 09:31:04 GMT"}
{"exception":"-","id":"-","method":"GET","url":"/Supreme-20th-Anniversary-Box-Logo-Tee-White-1581241779499.jpg","remote-addr":"::1","status":"304","content-length":"-","response-time":"2.176 ms","date":"Thu, 02 Feb 2023 09:31:04 GMT"}
{"exception":"-","id":"-","method":"GET","url":"/yeezy-boost-350-v2-antlia-lundmark-synth-release-date-price-01-1581241820941.jpg","remote-addr":"::1","status":"304","content-length":"-","response-time":"1.050 ms","date":"Thu, 02 Feb 2023 09:31:04 GMT"}
{"exception":"-","id":"-","method":"GET","url":"/air-jordan-1-dior-release-info-4-1581248498871.jpg","remote-addr":"::1","status":"304","content-length":"-","response-time":"1.813 ms","date":"Thu, 02 Feb 2023 09:31:04 GMT"}
{"exception":"-","id":"-","method":"GET","url":"/supreme-san-francisco-box-logo-tee-black-1581248766336.jfif","remote-addr":"::1","status":"304","content-length":"-","response-time":"2.395 ms","date":"Thu, 02 Feb 2023 09:31:04 GMT"}
{"exception":"-","id":"-","method":"GET","url":"/off-white-marianna-1581248830797.jfif","remote-addr":"::1","status":"304","content-length":"-","response-time":"2.192 ms","date":"Thu, 02 Feb 2023 09:31:04 GMT"}
{"exception":"-","id":"-","method":"GET","url":"/BAPE-x-MCM-Camo-Zip-Hoodie-Brown-1581248898688.jpg","remote-addr":"::1","status":"404","content-length":"189","response-time":"3.401 ms","date":"Thu, 02 Feb 2023 09:31:04 GMT"}
{"exception":"-","id":"-","method":"GET","url":"/GitHub-1609999590009.appref-ms","remote-addr":"::1","status":"304","content-length":"-","response-time":"2.717 ms","date":"Thu, 02 Feb 2023 09:31:04 GMT"}
{"exception":"-","id":"-","method":"GET","url":"/snapsell-1610007683525.sql","remote-addr":"::1","status":"304","content-length":"-","response-time":"1.386 ms","date":"Thu, 02 Feb 2023 09:31:04 GMT"}
{"exception":"-","id":"9","method":"GET","url":"/search/w","remote-addr":"::1","status":"200","content-length":"28","response-time":"6.170 ms","date":"Thu, 02 Feb 2023 09:31:10 GMT"}
{"exception":"-","id":"9","method":"GET","url":"/search/undefined","remote-addr":"::1","status":"304","content-length":"-","response-time":"4.132 ms","date":"Thu, 02 Feb 2023 09:31:12 GMT"}
{"exception":"-","id":"9","method":"GET","url":"/search/test","remote-addr":"::1","status":"200","content-length":"28","response-time":"3.922 ms","date":"Thu, 02 Feb 2023 09:31:15 GMT"}
{"exception":"-","id":"9","method":"GET","url":"/search/undefined","remote-addr":"::1","status":"304","content-length":"-","response-time":"3.690 ms","date":"Thu, 02 Feb 2023 09:31:19 GMT"}
{"exception":"-","id":"9","method":"GET","url":"/search/test","remote-addr":"::1","status":"304","content-length":"-","response-time":"2.480 ms","date":"Thu, 02 Feb 2023 09:31:21 GMT"}
{"exception":"-","id":"9","method":"GET","url":"/search/undefined","remote-addr":"::1","status":"304","content-length":"-","response-time":"2.418 ms","date":"Thu, 02 Feb 2023 09:31:21 GMT"}
{"exception":"-","id":"9","method":"GET","url":"/search/w","remote-addr":"::1","status":"304","content-length":"-","response-time":"4.554 ms","date":"Thu, 02 Feb 2023 09:31:22 GMT"}
{"exception":"-","id":"9","method":"GET","url":"/user/listing/","remote-addr":"::1","status":"304","content-length":"-","response-time":"4.377 ms","date":"Thu, 02 Feb 2023 09:31:22 GMT"}
{"exception":"-","id":"-","method":"GET","url":"/50-1581241713214.jpg","remote-addr":"::1","status":"304","content-length":"-","response-time":"0.507 ms","date":"Thu, 02 Feb 2023 09:31:22 GMT"}
{"exception":"-","id":"-","method":"GET","url":"/Supreme-20th-Anniversary-Box-Logo-Tee-White-1581241779499.jpg","remote-addr":"::1","status":"304","content-length":"-","response-time":"2.210 ms","date":"Thu, 02 Feb 2023 09:31:22 GMT"}
{"exception":"-","id":"-","method":"GET","url":"/yeezy-boost-350-v2-antlia-lundmark-synth-release-date-price-01-1581241820941.jpg","remote-addr":"::1","status":"304","content-length":"-","response-time":"1.216 ms","date":"Thu, 02 Feb 2023 09:31:22 GMT"}
{"exception":"-","id":"-","method":"GET","url":"/supreme-san-francisco-box-logo-tee-black-1581248766336.jfif","remote-addr":"::1","status":"304","content-length":"-","response-time":"1.011 ms","date":"Thu, 02 Feb 2023 09:31:22 GMT"}
{"exception":"-","id":"-","method":"GET","url":"/air-jordan-1-dior-release-info-4-1581248498871.jpg","remote-addr":"::1","status":"304","content-length":"-","response-time":"1.888 ms","date":"Thu, 02 Feb 2023 09:31:22 GMT"}
{"exception":"-","id":"-","method":"GET","url":"/off-white-marianna-1581248830797.jfif","remote-addr":"::1","status":"304","content-length":"-","response-time":"1.696 ms","date":"Thu, 02 Feb 2023 09:31:22 GMT"}
{"exception":"-","id":"-","method":"GET","url":"/BAPE-x-MCM-Camo-Zip-Hoodie-Brown-1581248898688.jpg","remote-addr":"::1","status":"404","content-length":"189","response-time":"1.807 ms","date":"Thu, 02 Feb 2023 09:31:22 GMT"}
{"exception":"-","id":"-","method":"GET","url":"/GitHub-1609999590009.appref-ms","remote-addr":"::1","status":"304","content-length":"-","response-time":"2.368 ms","date":"Thu, 02 Feb 2023 09:31:22 GMT"}
{"exception":"-","id":"-","method":"GET","url":"/snapsell-1610007683525.sql","remote-addr":"::1","status":"304","content-length":"-","response-time":"1.450 ms","date":"Thu, 02 Feb 2023 09:31:22 GMT"}
{"exception":"-","id":"9","method":"GET","url":"/user/listing/","remote-addr":"::1","status":"304","content-length":"-","response-time":"2.983 ms","date":"Thu, 02 Feb 2023 09:31:23 GMT"}
{"exception":"-","id":"-","method":"GET","url":"/50-1581241713214.jpg","remote-addr":"::1","status":"304","content-length":"-","response-time":"0.487 ms","date":"Thu, 02 Feb 2023 09:31:23 GMT"}
{"exception":"-","id":"-","method":"GET","url":"/Supreme-20th-Anniversary-Box-Logo-Tee-White-1581241779499.jpg","remote-addr":"::1","status":"304","content-length":"-","response-time":"1.407 ms","date":"Thu, 02 Feb 2023 09:31:23 GMT"}
{"exception":"-","id":"-","method":"GET","url":"/yeezy-boost-350-v2-antlia-lundmark-synth-release-date-price-01-1581241820941.jpg","remote-addr":"::1","status":"304","content-length":"-","response-time":"1.924 ms","date":"Thu, 02 Feb 2023 09:31:23 GMT"}
{"exception":"-","id":"-","method":"GET","url":"/air-jordan-1-dior-release-info-4-1581248498871.jpg","remote-addr":"::1","status":"304","content-length":"-","response-time":"1.403 ms","date":"Thu, 02 Feb 2023 09:31:23 GMT"}
{"exception":"-","id":"-","method":"GET","url":"/supreme-san-francisco-box-logo-tee-black-1581248766336.jfif","remote-addr":"::1","status":"304","content-length":"-","response-time":"1.166 ms","date":"Thu, 02 Feb 2023 09:31:23 GMT"}
{"exception":"-","id":"-","method":"GET","url":"/off-white-marianna-1581248830797.jfif","remote-addr":"::1","status":"304","content-length":"-","response-time":"1.513 ms","date":"Thu, 02 Feb 2023 09:31:23 GMT"}
{"exception":"-","id":"-","method":"GET","url":"/BAPE-x-MCM-Camo-Zip-Hoodie-Brown-1581248898688.jpg","remote-addr":"::1","status":"404","content-length":"189","response-time":"0.852 ms","date":"Thu, 02 Feb 2023 09:31:23 GMT"}
{"exception":"-","id":"-","method":"GET","url":"/GitHub-1609999590009.appref-ms","remote-addr":"::1","status":"304","content-length":"-","response-time":"0.566 ms","date":"Thu, 02 Feb 2023 09:31:23 GMT"}
{"exception":"-","id":"-","method":"GET","url":"/snapsell-1610007683525.sql","remote-addr":"::1","status":"304","content-length":"-","response-time":"0.238 ms","date":"Thu, 02 Feb 2023 09:31:23 GMT"}
{"exception":"-","id":"9","method":"GET","url":"/user/listing/","remote-addr":"::1","status":"304","content-length":"-","response-time":"4.170 ms","date":"Thu, 02 Feb 2023 09:31:27 GMT"}
{"exception":"-","id":"-","method":"GET","url":"/50-1581241713214.jpg","remote-addr":"::1","status":"304","content-length":"-","response-time":"0.318 ms","date":"Thu, 02 Feb 2023 09:31:27 GMT"}
{"exception":"-","id":"-","method":"GET","url":"/Supreme-20th-Anniversary-Box-Logo-Tee-White-1581241779499.jpg","remote-addr":"::1","status":"304","content-length":"-","response-time":"0.373 ms","date":"Thu, 02 Feb 2023 09:31:27 GMT"}
{"exception":"-","id":"-","method":"GET","url":"/yeezy-boost-350-v2-antlia-lundmark-synth-release-date-price-01-1581241820941.jpg","remote-addr":"::1","status":"304","content-length":"-","response-time":"1.021 ms","date":"Thu, 02 Feb 2023 09:31:27 GMT"}
{"exception":"-","id":"-","method":"GET","url":"/air-jordan-1-dior-release-info-4-1581248498871.jpg","remote-addr":"::1","status":"304","content-length":"-","response-time":"0.796 ms","date":"Thu, 02 Feb 2023 09:31:27 GMT"}
{"exception":"-","id":"-","method":"GET","url":"/supreme-san-francisco-box-logo-tee-black-1581248766336.jfif","remote-addr":"::1","status":"304","content-length":"-","response-time":"0.582 ms","date":"Thu, 02 Feb 2023 09:31:27 GMT"}
{"exception":"-","id":"-","method":"GET","url":"/off-white-marianna-1581248830797.jfif","remote-addr":"::1","status":"304","content-length":"-","response-time":"0.930 ms","date":"Thu, 02 Feb 2023 09:31:27 GMT"}
{"exception":"-","id":"-","method":"GET","url":"/BAPE-x-MCM-Camo-Zip-Hoodie-Brown-1581248898688.jpg","remote-addr":"::1","status":"404","content-length":"189","response-time":"0.815 ms","date":"Thu, 02 Feb 2023 09:31:27 GMT"}
{"exception":"-","id":"-","method":"GET","url":"/GitHub-1609999590009.appref-ms","remote-addr":"::1","status":"304","content-length":"-","response-time":"0.599 ms","date":"Thu, 02 Feb 2023 09:31:27 GMT"}
{"exception":"-","id":"-","method":"GET","url":"/snapsell-1610007683525.sql","remote-addr":"::1","status":"304","content-length":"-","response-time":"0.265 ms","date":"Thu, 02 Feb 2023 09:31:27 GMT"}
{"exception":"-","id":"-","method":"GET","url":"/listing/130/","remote-addr":"::1","status":"200","content-length":"164","response-time":"4.409 ms","date":"Thu, 02 Feb 2023 09:31:31 GMT"}
{"exception":"-","id":"-","method":"GET","url":"/snapsell-1610007683525.sql","remote-addr":"::1","status":"304","content-length":"-","response-time":"0.299 ms","date":"Thu, 02 Feb 2023 09:31:31 GMT"}
{"exception":"-","id":"-","method":"GET","url":"/likes/130/","remote-addr":"::1","status":"200","content-length":"27","response-time":"2.237 ms","date":"Thu, 02 Feb 2023 09:31:31 GMT"}
{"exception":"-","id":"9","method":"GET","url":"/user/listing/","remote-addr":"::1","status":"304","content-length":"-","response-time":"4.198 ms","date":"Thu, 02 Feb 2023 09:31:33 GMT"}
{"exception":"-","id":"-","method":"GET","url":"/50-1581241713214.jpg","remote-addr":"::1","status":"304","content-length":"-","response-time":"0.486 ms","date":"Thu, 02 Feb 2023 09:31:33 GMT"}
{"exception":"-","id":"-","method":"GET","url":"/Supreme-20th-Anniversary-Box-Logo-Tee-White-1581241779499.jpg","remote-addr":"::1","status":"304","content-length":"-","response-time":"1.639 ms","date":"Thu, 02 Feb 2023 09:31:33 GMT"}
{"exception":"-","id":"-","method":"GET","url":"/yeezy-boost-350-v2-antlia-lundmark-synth-release-date-price-01-1581241820941.jpg","remote-addr":"::1","status":"304","content-length":"-","response-time":"1.764 ms","date":"Thu, 02 Feb 2023 09:31:33 GMT"}
{"exception":"-","id":"-","method":"GET","url":"/air-jordan-1-dior-release-info-4-1581248498871.jpg","remote-addr":"::1","status":"304","content-length":"-","response-time":"1.514 ms","date":"Thu, 02 Feb 2023 09:31:33 GMT"}
{"exception":"-","id":"-","method":"GET","url":"/supreme-san-francisco-box-logo-tee-black-1581248766336.jfif","remote-addr":"::1","status":"304","content-length":"-","response-time":"0.677 ms","date":"Thu, 02 Feb 2023 09:31:33 GMT"}
{"exception":"-","id":"-","method":"GET","url":"/off-white-marianna-1581248830797.jfif","remote-addr":"::1","status":"304","content-length":"-","response-time":"0.949 ms","date":"Thu, 02 Feb 2023 09:31:33 GMT"}
{"exception":"-","id":"-","method":"GET","url":"/BAPE-x-MCM-Camo-Zip-Hoodie-Brown-1581248898688.jpg","remote-addr":"::1","status":"404","content-length":"189","response-time":"0.682 ms","date":"Thu, 02 Feb 2023 09:31:33 GMT"}
{"exception":"-","id":"-","method":"GET","url":"/GitHub-1609999590009.appref-ms","remote-addr":"::1","status":"304","content-length":"-","response-time":"0.496 ms","date":"Thu, 02 Feb 2023 09:31:33 GMT"}
{"exception":"-","id":"-","method":"GET","url":"/snapsell-1610007683525.sql","remote-addr":"::1","status":"304","content-length":"-","response-time":"0.593 ms","date":"Thu, 02 Feb 2023 09:31:33 GMT"}
{"exception":"-","id":"-","method":"GET","url":"/listing/129/","remote-addr":"::1","status":"304","content-length":"-","response-time":"3.982 ms","date":"Thu, 02 Feb 2023 09:31:36 GMT"}
{"exception":"-","id":"-","method":"GET","url":"/GitHub-1609999590009.appref-ms","remote-addr":"::1","status":"304","content-length":"-","response-time":"1.495 ms","date":"Thu, 02 Feb 2023 09:31:36 GMT"}
{"exception":"-","id":"-","method":"GET","url":"/likes/129/","remote-addr":"::1","status":"304","content-length":"-","response-time":"3.106 ms","date":"Thu, 02 Feb 2023 09:31:36 GMT"}
{"exception":"-","id":"9","method":"GET","url":"/user/listing/","remote-addr":"::1","status":"304","content-length":"-","response-time":"4.548 ms","date":"Thu, 02 Feb 2023 09:31:37 GMT"}
{"exception":"-","id":"-","method":"GET","url":"/50-1581241713214.jpg","remote-addr":"::1","status":"304","content-length":"-","response-time":"2.038 ms","date":"Thu, 02 Feb 2023 09:31:37 GMT"}
{"exception":"-","id":"-","method":"GET","url":"/Supreme-20th-Anniversary-Box-Logo-Tee-White-1581241779499.jpg","remote-addr":"::1","status":"304","content-length":"-","response-time":"1.868 ms","date":"Thu, 02 Feb 2023 09:31:37 GMT"}
{"exception":"-","id":"-","method":"GET","url":"/yeezy-boost-350-v2-antlia-lundmark-synth-release-date-price-01-1581241820941.jpg","remote-addr":"::1","status":"304","content-length":"-","response-time":"2.048 ms","date":"Thu, 02 Feb 2023 09:31:37 GMT"}
{"exception":"-","id":"-","method":"GET","url":"/air-jordan-1-dior-release-info-4-1581248498871.jpg","remote-addr":"::1","status":"304","content-length":"-","response-time":"0.931 ms","date":"Thu, 02 Feb 2023 09:31:37 GMT"}
{"exception":"-","id":"-","method":"GET","url":"/supreme-san-francisco-box-logo-tee-black-1581248766336.jfif","remote-addr":"::1","status":"304","content-length":"-","response-time":"0.644 ms","date":"Thu, 02 Feb 2023 09:31:37 GMT"}
{"exception":"-","id":"-","method":"GET","url":"/off-white-marianna-1581248830797.jfif","remote-addr":"::1","status":"304","content-length":"-","response-time":"0.834 ms","date":"Thu, 02 Feb 2023 09:31:37 GMT"}
{"exception":"-","id":"-","method":"GET","url":"/GitHub-1609999590009.appref-ms","remote-addr":"::1","status":"304","content-length":"-","response-time":"0.887 ms","date":"Thu, 02 Feb 2023 09:31:37 GMT"}
{"exception":"-","id":"-","method":"GET","url":"/BAPE-x-MCM-Camo-Zip-Hoodie-Brown-1581248898688.jpg","remote-addr":"::1","status":"404","content-length":"189","response-time":"1.598 ms","date":"Thu, 02 Feb 2023 09:31:37 GMT"}
{"exception":"-","id":"-","method":"GET","url":"/snapsell-1610007683525.sql","remote-addr":"::1","status":"304","content-length":"-","response-time":"1.304 ms","date":"Thu, 02 Feb 2023 09:31:37 GMT"}
{"exception":"-","id":"9","method":"GET","url":"/user/listing/","remote-addr":"::1","status":"304","content-length":"-","response-time":"3.909 ms","date":"Thu, 02 Feb 2023 09:31:45 GMT"}
{"exception":"-","id":"-","method":"GET","url":"/50-1581241713214.jpg","remote-addr":"::1","status":"304","content-length":"-","response-time":"1.047 ms","date":"Thu, 02 Feb 2023 09:31:45 GMT"}
{"exception":"-","id":"-","method":"GET","url":"/Supreme-20th-Anniversary-Box-Logo-Tee-White-1581241779499.jpg","remote-addr":"::1","status":"304","content-length":"-","response-time":"0.655 ms","date":"Thu, 02 Feb 2023 09:31:45 GMT"}
{"exception":"-","id":"-","method":"GET","url":"/yeezy-boost-350-v2-antlia-lundmark-synth-release-date-price-01-1581241820941.jpg","remote-addr":"::1","status":"304","content-length":"-","response-time":"0.399 ms","date":"Thu, 02 Feb 2023 09:31:45 GMT"}
{"exception":"-","id":"-","method":"GET","url":"/air-jordan-1-dior-release-info-4-1581248498871.jpg","remote-addr":"::1","status":"304","content-length":"-","response-time":"0.292 ms","date":"Thu, 02 Feb 2023 09:31:45 GMT"}
{"exception":"-","id":"-","method":"GET","url":"/supreme-san-francisco-box-logo-tee-black-1581248766336.jfif","remote-addr":"::1","status":"304","content-length":"-","response-time":"0.372 ms","date":"Thu, 02 Feb 2023 09:31:45 GMT"}
{"exception":"-","id":"-","method":"GET","url":"/off-white-marianna-1581248830797.jfif","remote-addr":"::1","status":"304","content-length":"-","response-time":"0.404 ms","date":"Thu, 02 Feb 2023 09:31:45 GMT"}
{"exception":"-","id":"-","method":"GET","url":"/BAPE-x-MCM-Camo-Zip-Hoodie-Brown-1581248898688.jpg","remote-addr":"::1","status":"404","content-length":"189","response-time":"1.283 ms","date":"Thu, 02 Feb 2023 09:31:45 GMT"}
{"exception":"-","id":"-","method":"GET","url":"/GitHub-1609999590009.appref-ms","remote-addr":"::1","status":"304","content-length":"-","response-time":"0.876 ms","date":"Thu, 02 Feb 2023 09:31:45 GMT"}
{"exception":"-","id":"-","method":"GET","url":"/snapsell-1610007683525.sql","remote-addr":"::1","status":"304","content-length":"-","response-time":"0.747 ms","date":"Thu, 02 Feb 2023 09:31:45 GMT"}
{"exception":"-","id":"9","method":"GET","url":"/search/'%20ORDER%20BY%203--%20-","remote-addr":"::1","status":"304","content-length":"-","response-time":"3.960 ms","date":"Thu, 02 Feb 2023 09:31:48 GMT"}
{"exception":"-","id":"9","method":"GET","url":"/search/undefined","remote-addr":"::1","status":"304","content-length":"-","response-time":"4.815 ms","date":"Thu, 02 Feb 2023 09:31:53 GMT"}
{"exception":"-","id":"9","method":"GET","url":"/search/undefined","remote-addr":"::1","status":"304","content-length":"-","response-time":"4.198 ms","date":"Thu, 02 Feb 2023 09:31:55 GMT"}
{"exception":"-","id":"9","method":"GET","url":"/search/undefined","remote-addr":"::1","status":"304","content-length":"-","response-time":"5.615 ms","date":"Thu, 02 Feb 2023 09:31:57 GMT"}
{"exception":"-","id":"9","method":"GET","url":"/search/'%20ORDER%20BY%203--%20-","remote-addr":"::1","status":"304","content-length":"-","response-time":"5.433 ms","date":"Thu, 02 Feb 2023 09:32:00 GMT"}
{"exception":"-","id":"9","method":"GET","url":"/search/virus","remote-addr":"::1","status":"200","content-length":"28","response-time":"5.370 ms","date":"Thu, 02 Feb 2023 09:32:03 GMT"}
{"exception":"-","id":"-","method":"GET","url":"/search/","remote-addr":"::1","status":"404","content-length":"146","response-time":"1.661 ms","date":"Thu, 02 Feb 2023 09:32:03 GMT"}
{"exception":"-","id":"9","method":"GET","url":"/user/listing/","remote-addr":"::1","status":"304","content-length":"-","response-time":"2.702 ms","date":"Thu, 02 Feb 2023 09:32:06 GMT"}
{"exception":"-","id":"-","method":"GET","url":"/50-1581241713214.jpg","remote-addr":"::1","status":"304","content-length":"-","response-time":"0.313 ms","date":"Thu, 02 Feb 2023 09:32:06 GMT"}
{"exception":"-","id":"-","method":"GET","url":"/Supreme-20th-Anniversary-Box-Logo-Tee-White-1581241779499.jpg","remote-addr":"::1","status":"304","content-length":"-","response-time":"0.491 ms","date":"Thu, 02 Feb 2023 09:32:06 GMT"}
{"exception":"-","id":"-","method":"GET","url":"/yeezy-boost-350-v2-antlia-lundmark-synth-release-date-price-01-1581241820941.jpg","remote-addr":"::1","status":"304","content-length":"-","response-time":"0.545 ms","date":"Thu, 02 Feb 2023 09:32:06 GMT"}
{"exception":"-","id":"-","method":"GET","url":"/air-jordan-1-dior-release-info-4-1581248498871.jpg","remote-addr":"::1","status":"304","content-length":"-","response-time":"0.405 ms","date":"Thu, 02 Feb 2023 09:32:06 GMT"}
{"exception":"-","id":"-","method":"GET","url":"/supreme-san-francisco-box-logo-tee-black-1581248766336.jfif","remote-addr":"::1","status":"304","content-length":"-","response-time":"0.560 ms","date":"Thu, 02 Feb 2023 09:32:06 GMT"}
{"exception":"-","id":"-","method":"GET","url":"/off-white-marianna-1581248830797.jfif","remote-addr":"::1","status":"304","content-length":"-","response-time":"0.570 ms","date":"Thu, 02 Feb 2023 09:32:06 GMT"}
{"exception":"-","id":"-","method":"GET","url":"/BAPE-x-MCM-Camo-Zip-Hoodie-Brown-1581248898688.jpg","remote-addr":"::1","status":"404","content-length":"189","response-time":"0.888 ms","date":"Thu, 02 Feb 2023 09:32:06 GMT"}
{"exception":"-","id":"-","method":"GET","url":"/GitHub-1609999590009.appref-ms","remote-addr":"::1","status":"304","content-length":"-","response-time":"0.614 ms","date":"Thu, 02 Feb 2023 09:32:06 GMT"}
{"exception":"-","id":"-","method":"GET","url":"/snapsell-1610007683525.sql","remote-addr":"::1","status":"304","content-length":"-","response-time":"0.395 ms","date":"Thu, 02 Feb 2023 09:32:06 GMT"}
{"exception":"-","id":"-","method":"GET","url":"/listing/107/","remote-addr":"::1","status":"200","content-length":"303","response-time":"3.004 ms","date":"Thu, 02 Feb 2023 09:32:09 GMT"}
{"exception":"-","id":"-","method":"GET","url":"/Supreme-20th-Anniversary-Box-Logo-Tee-White-1581241779499.jpg","remote-addr":"::1","status":"304","content-length":"-","response-time":"1.498 ms","date":"Thu, 02 Feb 2023 09:32:09 GMT"}
{"exception":"-","id":"-","method":"GET","url":"/likes/107/","remote-addr":"::1","status":"200","content-length":"27","response-time":"2.420 ms","date":"Thu, 02 Feb 2023 09:32:09 GMT"}
{"exception":"-","id":"-","method":"GET","url":"/listing/145/","remote-addr":"::1","status":"200","content-length":"28","response-time":"4.491 ms","date":"Thu, 02 Feb 2023 09:32:11 GMT"}
{"exception":"-","id":"-","method":"GET","url":"/listing/143/","remote-addr":"::1","status":"200","content-length":"28","response-time":"2.793 ms","date":"Thu, 02 Feb 2023 09:32:14 GMT"}
{"exception":"-","id":"-","method":"GET","url":"/listing/142/","remote-addr":"::1","status":"200","content-length":"28","response-time":"4.297 ms","date":"Thu, 02 Feb 2023 09:32:16 GMT"}
{"exception":"-","id":"-","method":"GET","url":"/listing/122/","remote-addr":"::1","status":"200","content-length":"245","response-time":"3.294 ms","date":"Thu, 02 Feb 2023 09:32:23 GMT"}
{"exception":"-","id":"-","method":"GET","url":"/OffWhiteXAirMax90-1581252083619.jfif","remote-addr":"::1","status":"304","content-length":"-","response-time":"0.605 ms","date":"Thu, 02 Feb 2023 09:32:23 GMT"}
{"exception":"-","id":"-","method":"GET","url":"/likes/122/","remote-addr":"::1","status":"200","content-length":"27","response-time":"2.030 ms","date":"Thu, 02 Feb 2023 09:32:23 GMT"}
{"exception":"-","id":"9","method":"GET","url":"/likeorunlike/122/","remote-addr":"::1","status":"201","content-length":"33","response-time":"7.211 ms","date":"Thu, 02 Feb 2023 09:32:30 GMT"}
{"exception":"-","id":"-","method":"GET","url":"/listing/122/","remote-addr":"::1","status":"304","content-length":"-","response-time":"2.567 ms","date":"Thu, 02 Feb 2023 09:32:30 GMT"}
{"exception":"-","id":"-","method":"GET","url":"/OffWhiteXAirMax90-1581252083619.jfif","remote-addr":"::1","status":"304","content-length":"-","response-time":"0.465 ms","date":"Thu, 02 Feb 2023 09:32:30 GMT"}
{"exception":"-","id":"-","method":"GET","url":"/likes/122/","remote-addr":"::1","status":"200","content-length":"27","response-time":"3.165 ms","date":"Thu, 02 Feb 2023 09:32:30 GMT"}
{"exception":"-","id":"9","method":"GET","url":"/likeorunlike/122/","remote-addr":"::1","status":"200","content-length":"35","response-time":"6.584 ms","date":"Thu, 02 Feb 2023 09:32:30 GMT"}
{"exception":"-","id":"-","method":"GET","url":"/listing/122/","remote-addr":"::1","status":"304","content-length":"-","response-time":"2.677 ms","date":"Thu, 02 Feb 2023 09:32:30 GMT"}
{"exception":"-","id":"-","method":"GET","url":"/OffWhiteXAirMax90-1581252083619.jfif","remote-addr":"::1","status":"304","content-length":"-","response-time":"0.621 ms","date":"Thu, 02 Feb 2023 09:32:31 GMT"}
{"exception":"-","id":"-","method":"GET","url":"/likes/122/","remote-addr":"::1","status":"200","content-length":"27","response-time":"3.521 ms","date":"Thu, 02 Feb 2023 09:32:31 GMT"}
{"exception":"-","id":"9","method":"GET","url":"/offer/","remote-addr":"::1","status":"201","content-length":"28","response-time":"3.718 ms","date":"Thu, 02 Feb 2023 09:32:35 GMT"}
{"exception":"-","id":"9","method":"GET","url":"/offer/status/","remote-addr":"::1","status":"201","content-length":"380","response-time":"2.657 ms","date":"Thu, 02 Feb 2023 09:32:35 GMT"}
{"exception":"-","id":"9","method":"GET","url":"/user/listing/","remote-addr":"::1","status":"304","content-length":"-","response-time":"5.433 ms","date":"Thu, 02 Feb 2023 09:36:27 GMT"}
{"exception":"-","id":"-","method":"GET","url":"/50-1581241713214.jpg","remote-addr":"::1","status":"304","content-length":"-","response-time":"1.535 ms","date":"Thu, 02 Feb 2023 09:36:27 GMT"}
{"exception":"-","id":"-","method":"GET","url":"/Supreme-20th-Anniversary-Box-Logo-Tee-White-1581241779499.jpg","remote-addr":"::1","status":"304","content-length":"-","response-time":"2.059 ms","date":"Thu, 02 Feb 2023 09:36:27 GMT"}
{"exception":"-","id":"-","method":"GET","url":"/yeezy-boost-350-v2-antlia-lundmark-synth-release-date-price-01-1581241820941.jpg","remote-addr":"::1","status":"304","content-length":"-","response-time":"2.144 ms","date":"Thu, 02 Feb 2023 09:36:27 GMT"}
{"exception":"-","id":"-","method":"GET","url":"/supreme-san-francisco-box-logo-tee-black-1581248766336.jfif","remote-addr":"::1","status":"304","content-length":"-","response-time":"4.660 ms","date":"Thu, 02 Feb 2023 09:36:27 GMT"}
{"exception":"-","id":"-","method":"GET","url":"/air-jordan-1-dior-release-info-4-1581248498871.jpg","remote-addr":"::1","status":"304","content-length":"-","response-time":"1.083 ms","date":"Thu, 02 Feb 2023 09:36:27 GMT"}
{"exception":"-","id":"-","method":"GET","url":"/off-white-marianna-1581248830797.jfif","remote-addr":"::1","status":"304","content-length":"-","response-time":"1.261 ms","date":"Thu, 02 Feb 2023 09:36:27 GMT"}
{"exception":"-","id":"-","method":"GET","url":"/BAPE-x-MCM-Camo-Zip-Hoodie-Brown-1581248898688.jpg","remote-addr":"::1","status":"404","content-length":"189","response-time":"0.857 ms","date":"Thu, 02 Feb 2023 09:36:27 GMT"}
{"exception":"-","id":"-","method":"GET","url":"/GitHub-1609999590009.appref-ms","remote-addr":"::1","status":"304","content-length":"-","response-time":"0.685 ms","date":"Thu, 02 Feb 2023 09:36:27 GMT"}
{"exception":"-","id":"-","method":"GET","url":"/snapsell-1610007683525.sql","remote-addr":"::1","status":"304","content-length":"-","response-time":"0.702 ms","date":"Thu, 02 Feb 2023 09:36:27 GMT"}
{"exception":"-","id":"9","method":"GET","url":"/offer/","remote-addr":"::1","status":"201","content-length":"28","response-time":"3.146 ms","date":"Thu, 02 Feb 2023 09:36:28 GMT"}
{"exception":"-","id":"9","method":"GET","url":"/offer/status/","remote-addr":"::1","status":"201","content-length":"380","response-time":"3.364 ms","date":"Thu, 02 Feb 2023 09:36:28 GMT"}
