{"exception":"-","id":"9","method":"GET","url":"/offer/","remote-addr":"::1","status":"201","content-length":"28","response-time":"3.446 ms","date":"Thu, 02 Feb 2023 09:42:25 GMT"}
{"exception":"-","id":"9","method":"GET","url":"/offer/status/","remote-addr":"::1","status":"201","content-length":"380","response-time":"4.703 ms","date":"Thu, 02 Feb 2023 09:42:25 GMT"}
{"exception":"-","id":"-","method":"POST","url":"/user/logout","remote-addr":"::1","status":"200","content-length":"47","response-time":"0.537 ms","date":"Thu, 02 Feb 2023 09:42:28 GMT"}
{"exception":"-","id":"-","method":"POST","url":"/user/login","remote-addr":"::1","status":"201","content-length":"432","response-time":"301.362 ms","date":"Thu, 02 Feb 2023 09:42:36 GMT"}
{"exception":"-","id":"14","method":"GET","url":"/user/listing/","remote-addr":"::1","status":"200","content-length":"230","response-time":"2.700 ms","date":"Thu, 02 Feb 2023 09:42:36 GMT"}
{"exception":"-","id":"-","method":"GET","url":"/Discord%20Auto%20Typer-1675233788721.exe","remote-addr":"::1","status":"304","content-length":"-","response-time":"0.580 ms","date":"Thu, 02 Feb 2023 09:42:36 GMT"}
{"exception":"-","id":"-","method":"GET","url":"/Orange%20Glow%20Block-1675234739812.png","remote-addr":"::1","status":"304","content-length":"-","response-time":"0.672 ms","date":"Thu, 02 Feb 2023 09:42:36 GMT"}
{"exception":"-","id":"14","method":"GET","url":"/offer/status/","remote-addr":"::1","status":"201","content-length":"28","response-time":"1.868 ms","date":"Thu, 02 Feb 2023 09:42:42 GMT"}
{"exception":"-","id":"14","method":"GET","url":"/offer/","remote-addr":"::1","status":"201","content-length":"28","response-time":"3.698 ms","date":"Thu, 02 Feb 2023 09:42:42 GMT"}
{"exception":"-","id":"14","method":"PUT","url":"/user/update/","remote-addr":"::1","status":"200","content-length":"16","response-time":"3.872 ms","date":"Thu, 02 Feb 2023 09:43:11 GMT"}
{"exception":"-","id":"14","method":"PUT","url":"/user/update/","remote-addr":"::1","status":"200","content-length":"16","response-time":"2.963 ms","date":"Thu, 02 Feb 2023 09:43:16 GMT"}
{"exception":"-","id":"14","method":"PUT","url":"/user/update/","remote-addr":"::1","status":"200","content-length":"16","response-time":"3.202 ms","date":"Thu, 02 Feb 2023 09:43:19 GMT"}
{"exception":"-","id":"14","method":"GET","url":"/offer/status/","remote-addr":"::1","status":"201","content-length":"28","response-time":"3.266 ms","date":"Thu, 02 Feb 2023 09:43:21 GMT"}
{"exception":"-","id":"14","method":"GET","url":"/offer/","remote-addr":"::1","status":"201","content-length":"28","response-time":"6.128 ms","date":"Thu, 02 Feb 2023 09:43:21 GMT"}
{"exception":"-","id":"14","method":"GET","url":"/user/listing/","remote-addr":"::1","status":"304","content-length":"-","response-time":"2.918 ms","date":"Thu, 02 Feb 2023 09:44:14 GMT"}
{"exception":"-","id":"-","method":"GET","url":"/Orange%20Glow%20Block-1675234739812.png","remote-addr":"::1","status":"304","content-length":"-","response-time":"0.744 ms","date":"Thu, 02 Feb 2023 09:44:14 GMT"}
{"exception":"-","id":"-","method":"GET","url":"/Discord%20Auto%20Typer-1675233788721.exe","remote-addr":"::1","status":"304","content-length":"-","response-time":"0.536 ms","date":"Thu, 02 Feb 2023 09:44:14 GMT"}
{"exception":"-","id":"-","method":"GET","url":"/listing/135/","remote-addr":"::1","status":"200","content-length":"196","response-time":"3.097 ms","date":"Thu, 02 Feb 2023 09:44:16 GMT"}
{"exception":"-","id":"-","method":"GET","url":"/Discord%20Auto%20Typer-1675233788721.exe","remote-addr":"::1","status":"304","content-length":"-","response-time":"0.492 ms","date":"Thu, 02 Feb 2023 09:44:16 GMT"}
{"exception":"-","id":"-","method":"GET","url":"/likes/135/","remote-addr":"::1","status":"304","content-length":"-","response-time":"2.015 ms","date":"Thu, 02 Feb 2023 09:44:16 GMT"}
{"exception":"-","id":"14","method":"GET","url":"/user/listing/","remote-addr":"::1","status":"304","content-length":"-","response-time":"3.056 ms","date":"Thu, 02 Feb 2023 09:44:38 GMT"}
{"exception":"-","id":"-","method":"GET","url":"/Orange%20Glow%20Block-1675234739812.png","remote-addr":"::1","status":"304","content-length":"-","response-time":"0.507 ms","date":"Thu, 02 Feb 2023 09:44:38 GMT"}
{"exception":"-","id":"-","method":"GET","url":"/Discord%20Auto%20Typer-1675233788721.exe","remote-addr":"::1","status":"304","content-length":"-","response-time":"0.443 ms","date":"Thu, 02 Feb 2023 09:44:38 GMT"}
{"exception":"-","id":"-","method":"GET","url":"/listing/139/","remote-addr":"::1","status":"200","content-length":"191","response-time":"2.531 ms","date":"Thu, 02 Feb 2023 09:44:39 GMT"}
{"exception":"-","id":"-","method":"GET","url":"/Orange%20Glow%20Block-1675234739812.png","remote-addr":"::1","status":"304","content-length":"-","response-time":"0.435 ms","date":"Thu, 02 Feb 2023 09:44:39 GMT"}
{"exception":"-","id":"-","method":"GET","url":"/likes/139/","remote-addr":"::1","status":"200","content-length":"27","response-time":"2.586 ms","date":"Thu, 02 Feb 2023 09:44:39 GMT"}
{"exception":"-","id":"-","method":"GET","url":"/listing/139/","remote-addr":"::1","status":"304","content-length":"-","response-time":"5.487 ms","date":"Thu, 02 Feb 2023 09:45:04 GMT"}
{"exception":"-","id":"-","method":"GET","url":"/Orange%20Glow%20Block-1675234739812.png","remote-addr":"::1","status":"304","content-length":"-","response-time":"0.516 ms","date":"Thu, 02 Feb 2023 09:45:04 GMT"}
{"exception":"-","id":"-","method":"GET","url":"/likes/139/","remote-addr":"::1","status":"304","content-length":"-","response-time":"11.306 ms","date":"Thu, 02 Feb 2023 09:45:04 GMT"}
{"exception":"-","id":"14","method":"GET","url":"/offer/","remote-addr":"::1","status":"201","content-length":"28","response-time":"4.969 ms","date":"Thu, 02 Feb 2023 09:45:28 GMT"}
{"exception":"-","id":"14","method":"GET","url":"/offer/status/","remote-addr":"::1","status":"201","content-length":"28","response-time":"4.400 ms","date":"Thu, 02 Feb 2023 09:45:28 GMT"}
{"exception":"-","id":"14","method":"GET","url":"/offer/status/","remote-addr":"::1","status":"201","content-length":"28","response-time":"3.492 ms","date":"Thu, 02 Feb 2023 09:46:17 GMT"}
{"exception":"-","id":"14","method":"GET","url":"/offer/","remote-addr":"::1","status":"201","content-length":"28","response-time":"5.019 ms","date":"Thu, 02 Feb 2023 09:46:18 GMT"}
{"exception":"-","id":"14","method":"GET","url":"/offer/status/","remote-addr":"::1","status":"201","content-length":"28","response-time":"2.287 ms","date":"Thu, 02 Feb 2023 09:46:26 GMT"}
{"exception":"-","id":"14","method":"GET","url":"/offer/","remote-addr":"::1","status":"201","content-length":"28","response-time":"4.478 ms","date":"Thu, 02 Feb 2023 09:46:26 GMT"}
{"exception":"-","id":"14","method":"GET","url":"/search/undefined","remote-addr":"::1","status":"304","content-length":"-","response-time":"5.525 ms","date":"Thu, 02 Feb 2023 09:46:35 GMT"}
{"exception":"-","id":"14","method":"GET","url":"/search/undefined","remote-addr":"::1","status":"304","content-length":"-","response-time":"3.214 ms","date":"Thu, 02 Feb 2023 09:46:39 GMT"}
{"exception":"-","id":"14","method":"GET","url":"/user/listing/","remote-addr":"::1","status":"304","content-length":"-","response-time":"4.345 ms","date":"Thu, 02 Feb 2023 09:46:40 GMT"}
{"exception":"-","id":"-","method":"GET","url":"/Orange%20Glow%20Block-1675234739812.png","remote-addr":"::1","status":"304","content-length":"-","response-time":"0.862 ms","date":"Thu, 02 Feb 2023 09:46:40 GMT"}
{"exception":"-","id":"-","method":"GET","url":"/Discord%20Auto%20Typer-1675233788721.exe","remote-addr":"::1","status":"304","content-length":"-","response-time":"0.727 ms","date":"Thu, 02 Feb 2023 09:46:40 GMT"}
{"exception":"-","id":"14","method":"GET","url":"/user/listing/","remote-addr":"::1","status":"304","content-length":"-","response-time":"5.134 ms","date":"Thu, 02 Feb 2023 09:46:42 GMT"}
{"exception":"-","id":"-","method":"GET","url":"/Orange%20Glow%20Block-1675234739812.png","remote-addr":"::1","status":"304","content-length":"-","response-time":"0.453 ms","date":"Thu, 02 Feb 2023 09:46:42 GMT"}
{"exception":"-","id":"-","method":"GET","url":"/Discord%20Auto%20Typer-1675233788721.exe","remote-addr":"::1","status":"304","content-length":"-","response-time":"0.461 ms","date":"Thu, 02 Feb 2023 09:46:42 GMT"}
{"exception":"-","id":"-","method":"GET","url":"/search/","remote-addr":"::1","status":"404","content-length":"146","response-time":"1.297 ms","date":"Thu, 02 Feb 2023 09:46:43 GMT"}
{"exception":"-","id":"14","method":"GET","url":"/search/undefined","remote-addr":"::1","status":"304","content-length":"-","response-time":"2.798 ms","date":"Thu, 02 Feb 2023 09:47:03 GMT"}
{"exception":"-","id":"14","method":"GET","url":"/search/%3Cb%3Ewow","remote-addr":"::1","status":"200","content-length":"28","response-time":"4.053 ms","date":"Thu, 02 Feb 2023 09:47:11 GMT"}
{"exception":"-","id":"14","method":"GET","url":"/search/virus","remote-addr":"::1","status":"304","content-length":"-","response-time":"3.439 ms","date":"Thu, 02 Feb 2023 09:47:36 GMT"}
{"exception":"-","id":"14","method":"GET","url":"/search/aa","remote-addr":"::1","status":"200","content-length":"28","response-time":"3.266 ms","date":"Thu, 02 Feb 2023 09:47:39 GMT"}
{"exception":"-","id":"14","method":"GET","url":"/search/john","remote-addr":"::1","status":"200","content-length":"28","response-time":"2.878 ms","date":"Thu, 02 Feb 2023 09:47:43 GMT"}
{"exception":"-","id":"14","method":"GET","url":"/search/d","remote-addr":"::1","status":"200","content-length":"28","response-time":"3.536 ms","date":"Thu, 02 Feb 2023 09:47:45 GMT"}
{"exception":"-","id":"14","method":"GET","url":"/search/apple","remote-addr":"::1","status":"200","content-length":"28","response-time":"4.319 ms","date":"Thu, 02 Feb 2023 09:47:49 GMT"}
{"exception":"-","id":"14","method":"GET","url":"/offer/","remote-addr":"::1","status":"201","content-length":"28","response-time":"3.545 ms","date":"Thu, 02 Feb 2023 09:48:10 GMT"}
{"exception":"-","id":"14","method":"GET","url":"/offer/status/","remote-addr":"::1","status":"201","content-length":"28","response-time":"3.303 ms","date":"Thu, 02 Feb 2023 09:48:10 GMT"}
{"exception":"-","id":"14","method":"GET","url":"/user/listing/","remote-addr":"::1","status":"304","content-length":"-","response-time":"3.703 ms","date":"Thu, 02 Feb 2023 09:48:26 GMT"}
{"exception":"-","id":"-","method":"GET","url":"/Orange%20Glow%20Block-1675234739812.png","remote-addr":"::1","status":"304","content-length":"-","response-time":"0.886 ms","date":"Thu, 02 Feb 2023 09:48:26 GMT"}
{"exception":"-","id":"-","method":"GET","url":"/Discord%20Auto%20Typer-1675233788721.exe","remote-addr":"::1","status":"304","content-length":"-","response-time":"2.260 ms","date":"Thu, 02 Feb 2023 09:48:26 GMT"}
{"exception":"-","id":"14","method":"GET","url":"/offer/","remote-addr":"::1","status":"201","content-length":"28","response-time":"4.081 ms","date":"Thu, 02 Feb 2023 09:48:27 GMT"}
{"exception":"-","id":"14","method":"GET","url":"/offer/status/","remote-addr":"::1","status":"201","content-length":"28","response-time":"5.205 ms","date":"Thu, 02 Feb 2023 09:48:27 GMT"}
{"exception":"-","id":"14","method":"GET","url":"/offer/","remote-addr":"::1","status":"201","content-length":"28","response-time":"4.167 ms","date":"Thu, 02 Feb 2023 09:48:32 GMT"}
{"exception":"-","id":"14","method":"GET","url":"/offer/status/","remote-addr":"::1","status":"201","content-length":"28","response-time":"3.624 ms","date":"Thu, 02 Feb 2023 09:48:32 GMT"}
{"exception":"-","id":"14","method":"GET","url":"/offer/status/","remote-addr":"::1","status":"201","content-length":"28","response-time":"2.905 ms","date":"Thu, 02 Feb 2023 09:48:32 GMT"}
{"exception":"-","id":"14","method":"GET","url":"/offer/","remote-addr":"::1","status":"201","content-length":"28","response-time":"5.044 ms","date":"Thu, 02 Feb 2023 09:48:32 GMT"}
{"exception":"-","id":"14","method":"GET","url":"/offer/status/","remote-addr":"::1","status":"201","content-length":"28","response-time":"2.446 ms","date":"Thu, 02 Feb 2023 09:48:32 GMT"}
{"exception":"-","id":"14","method":"GET","url":"/offer/","remote-addr":"::1","status":"201","content-length":"28","response-time":"4.044 ms","date":"Thu, 02 Feb 2023 09:48:32 GMT"}
{"exception":"-","id":"14","method":"GET","url":"/offer/status/","remote-addr":"::1","status":"201","content-length":"28","response-time":"3.896 ms","date":"Thu, 02 Feb 2023 09:48:33 GMT"}
{"exception":"-","id":"14","method":"GET","url":"/offer/","remote-addr":"::1","status":"201","content-length":"28","response-time":"5.791 ms","date":"Thu, 02 Feb 2023 09:48:33 GMT"}
{"exception":"-","id":"-","method":"POST","url":"/user/logout","remote-addr":"::1","status":"200","content-length":"47","response-time":"0.423 ms","date":"Thu, 02 Feb 2023 09:48:38 GMT"}
{"exception":"-","id":"-","method":"POST","url":"/user/login","remote-addr":"::1","status":"201","content-length":"422","response-time":"315.902 ms","date":"Thu, 02 Feb 2023 09:48:47 GMT"}
{"exception":"-","id":"9","method":"GET","url":"/user/listing/","remote-addr":"::1","status":"200","content-length":"1166","response-time":"2.183 ms","date":"Thu, 02 Feb 2023 09:48:47 GMT"}
{"exception":"-","id":"-","method":"GET","url":"/50-1581241713214.jpg","remote-addr":"::1","status":"304","content-length":"-","response-time":"0.500 ms","date":"Thu, 02 Feb 2023 09:48:47 GMT"}
{"exception":"-","id":"-","method":"GET","url":"/Supreme-20th-Anniversary-Box-Logo-Tee-White-1581241779499.jpg","remote-addr":"::1","status":"304","content-length":"-","response-time":"0.610 ms","date":"Thu, 02 Feb 2023 09:48:47 GMT"}
{"exception":"-","id":"-","method":"GET","url":"/yeezy-boost-350-v2-antlia-lundmark-synth-release-date-price-01-1581241820941.jpg","remote-addr":"::1","status":"304","content-length":"-","response-time":"0.586 ms","date":"Thu, 02 Feb 2023 09:48:47 GMT"}
{"exception":"-","id":"-","method":"GET","url":"/air-jordan-1-dior-release-info-4-1581248498871.jpg","remote-addr":"::1","status":"304","content-length":"-","response-time":"1.194 ms","date":"Thu, 02 Feb 2023 09:48:47 GMT"}
{"exception":"-","id":"-","method":"GET","url":"/supreme-san-francisco-box-logo-tee-black-1581248766336.jfif","remote-addr":"::1","status":"304","content-length":"-","response-time":"0.609 ms","date":"Thu, 02 Feb 2023 09:48:47 GMT"}
{"exception":"-","id":"-","method":"GET","url":"/off-white-marianna-1581248830797.jfif","remote-addr":"::1","status":"304","content-length":"-","response-time":"0.596 ms","date":"Thu, 02 Feb 2023 09:48:47 GMT"}
{"exception":"-","id":"-","method":"GET","url":"/BAPE-x-MCM-Camo-Zip-Hoodie-Brown-1581248898688.jpg","remote-addr":"::1","status":"404","content-length":"189","response-time":"0.739 ms","date":"Thu, 02 Feb 2023 09:48:47 GMT"}
{"exception":"-","id":"-","method":"GET","url":"/GitHub-1609999590009.appref-ms","remote-addr":"::1","status":"304","content-length":"-","response-time":"0.746 ms","date":"Thu, 02 Feb 2023 09:48:47 GMT"}
{"exception":"-","id":"-","method":"GET","url":"/snapsell-1610007683525.sql","remote-addr":"::1","status":"304","content-length":"-","response-time":"0.695 ms","date":"Thu, 02 Feb 2023 09:48:47 GMT"}
{"exception":"-","id":"9","method":"GET","url":"/offer/","remote-addr":"::1","status":"201","content-length":"28","response-time":"3.303 ms","date":"Thu, 02 Feb 2023 09:48:49 GMT"}
{"exception":"-","id":"9","method":"GET","url":"/offer/status/","remote-addr":"::1","status":"201","content-length":"380","response-time":"4.311 ms","date":"Thu, 02 Feb 2023 09:48:49 GMT"}
{"exception":"-","id":"9","method":"GET","url":"/offer/","remote-addr":"::1","status":"201","content-length":"28","response-time":"4.842 ms","date":"Thu, 02 Feb 2023 09:49:04 GMT"}
{"exception":"-","id":"9","method":"GET","url":"/offer/status/","remote-addr":"::1","status":"201","content-length":"380","response-time":"5.029 ms","date":"Thu, 02 Feb 2023 09:49:04 GMT"}
{"exception":"-","id":"-","method":"POST","url":"/user/logout","remote-addr":"::1","status":"200","content-length":"47","response-time":"0.460 ms","date":"Thu, 02 Feb 2023 09:49:13 GMT"}
{"exception":"-","id":"-","method":"POST","url":"/user/login","remote-addr":"::1","status":"201","content-length":"459","response-time":"186.832 ms","date":"Thu, 02 Feb 2023 09:49:22 GMT"}
{"exception":"-","id":"12","method":"GET","url":"/user/listing/","remote-addr":"::1","status":"200","content-length":"28","response-time":"2.528 ms","date":"Thu, 02 Feb 2023 09:49:22 GMT"}
{"exception":"-","id":"12","method":"GET","url":"/offer/","remote-addr":"::1","status":"201","content-length":"28","response-time":"3.363 ms","date":"Thu, 02 Feb 2023 09:49:23 GMT"}
{"exception":"-","id":"12","method":"GET","url":"/offer/status/","remote-addr":"::1","status":"201","content-length":"28","response-time":"3.418 ms","date":"Thu, 02 Feb 2023 09:49:23 GMT"}
{"exception":"-","id":"12","method":"GET","url":"/user/listing/","remote-addr":"::1","status":"304","content-length":"-","response-time":"3.439 ms","date":"Thu, 02 Feb 2023 09:49:26 GMT"}
{"exception":"-","id":"-","method":"POST","url":"/user/logout","remote-addr":"::1","status":"200","content-length":"47","response-time":"0.441 ms","date":"Thu, 02 Feb 2023 09:49:30 GMT"}
{"exception":"-","id":"-","method":"POST","url":"/user/login","remote-addr":"::1","status":"201","content-length":"422","response-time":"172.226 ms","date":"Thu, 02 Feb 2023 09:49:36 GMT"}
{"exception":"-","id":"9","method":"GET","url":"/user/listing/","remote-addr":"::1","status":"200","content-length":"1166","response-time":"2.031 ms","date":"Thu, 02 Feb 2023 09:49:37 GMT"}
{"exception":"-","id":"-","method":"GET","url":"/50-1581241713214.jpg","remote-addr":"::1","status":"304","content-length":"-","response-time":"1.079 ms","date":"Thu, 02 Feb 2023 09:49:37 GMT"}
{"exception":"-","id":"-","method":"GET","url":"/Supreme-20th-Anniversary-Box-Logo-Tee-White-1581241779499.jpg","remote-addr":"::1","status":"304","content-length":"-","response-time":"0.502 ms","date":"Thu, 02 Feb 2023 09:49:37 GMT"}
{"exception":"-","id":"-","method":"GET","url":"/yeezy-boost-350-v2-antlia-lundmark-synth-release-date-price-01-1581241820941.jpg","remote-addr":"::1","status":"304","content-length":"-","response-time":"1.081 ms","date":"Thu, 02 Feb 2023 09:49:37 GMT"}
{"exception":"-","id":"-","method":"GET","url":"/air-jordan-1-dior-release-info-4-1581248498871.jpg","remote-addr":"::1","status":"304","content-length":"-","response-time":"0.883 ms","date":"Thu, 02 Feb 2023 09:49:37 GMT"}
{"exception":"-","id":"-","method":"GET","url":"/supreme-san-francisco-box-logo-tee-black-1581248766336.jfif","remote-addr":"::1","status":"304","content-length":"-","response-time":"0.849 ms","date":"Thu, 02 Feb 2023 09:49:37 GMT"}
{"exception":"-","id":"-","method":"GET","url":"/off-white-marianna-1581248830797.jfif","remote-addr":"::1","status":"304","content-length":"-","response-time":"1.052 ms","date":"Thu, 02 Feb 2023 09:49:37 GMT"}
{"exception":"-","id":"-","method":"GET","url":"/BAPE-x-MCM-Camo-Zip-Hoodie-Brown-1581248898688.jpg","remote-addr":"::1","status":"404","content-length":"189","response-time":"0.708 ms","date":"Thu, 02 Feb 2023 09:49:37 GMT"}
{"exception":"-","id":"-","method":"GET","url":"/GitHub-1609999590009.appref-ms","remote-addr":"::1","status":"304","content-length":"-","response-time":"0.455 ms","date":"Thu, 02 Feb 2023 09:49:37 GMT"}
{"exception":"-","id":"-","method":"GET","url":"/snapsell-1610007683525.sql","remote-addr":"::1","status":"304","content-length":"-","response-time":"0.305 ms","date":"Thu, 02 Feb 2023 09:49:37 GMT"}
{"exception":"-","id":"9","method":"GET","url":"/user/listing/","remote-addr":"::1","status":"304","content-length":"-","response-time":"3.600 ms","date":"Thu, 02 Feb 2023 09:49:59 GMT"}
{"exception":"-","id":"-","method":"GET","url":"/50-1581241713214.jpg","remote-addr":"::1","status":"304","content-length":"-","response-time":"1.844 ms","date":"Thu, 02 Feb 2023 09:50:00 GMT"}
{"exception":"-","id":"-","method":"GET","url":"/Supreme-20th-Anniversary-Box-Logo-Tee-White-1581241779499.jpg","remote-addr":"::1","status":"304","content-length":"-","response-time":"4.476 ms","date":"Thu, 02 Feb 2023 09:50:00 GMT"}
{"exception":"-","id":"-","method":"GET","url":"/yeezy-boost-350-v2-antlia-lundmark-synth-release-date-price-01-1581241820941.jpg","remote-addr":"::1","status":"304","content-length":"-","response-time":"4.332 ms","date":"Thu, 02 Feb 2023 09:50:00 GMT"}
{"exception":"-","id":"-","method":"GET","url":"/air-jordan-1-dior-release-info-4-1581248498871.jpg","remote-addr":"::1","status":"304","content-length":"-","response-time":"3.687 ms","date":"Thu, 02 Feb 2023 09:50:00 GMT"}
{"exception":"-","id":"-","method":"GET","url":"/supreme-san-francisco-box-logo-tee-black-1581248766336.jfif","remote-addr":"::1","status":"304","content-length":"-","response-time":"1.172 ms","date":"Thu, 02 Feb 2023 09:50:00 GMT"}
{"exception":"-","id":"-","method":"GET","url":"/off-white-marianna-1581248830797.jfif","remote-addr":"::1","status":"304","content-length":"-","response-time":"1.655 ms","date":"Thu, 02 Feb 2023 09:50:00 GMT"}
{"exception":"-","id":"-","method":"GET","url":"/BAPE-x-MCM-Camo-Zip-Hoodie-Brown-1581248898688.jpg","remote-addr":"::1","status":"404","content-length":"189","response-time":"0.867 ms","date":"Thu, 02 Feb 2023 09:50:00 GMT"}
{"exception":"-","id":"-","method":"GET","url":"/GitHub-1609999590009.appref-ms","remote-addr":"::1","status":"304","content-length":"-","response-time":"0.998 ms","date":"Thu, 02 Feb 2023 09:50:00 GMT"}
{"exception":"-","id":"-","method":"GET","url":"/snapsell-1610007683525.sql","remote-addr":"::1","status":"304","content-length":"-","response-time":"1.001 ms","date":"Thu, 02 Feb 2023 09:50:00 GMT"}
{"exception":"-","id":"9","method":"GET","url":"/offer/","remote-addr":"::1","status":"201","content-length":"28","response-time":"2.587 ms","date":"Thu, 02 Feb 2023 09:50:02 GMT"}
{"exception":"-","id":"9","method":"GET","url":"/offer/status/","remote-addr":"::1","status":"201","content-length":"380","response-time":"2.827 ms","date":"Thu, 02 Feb 2023 09:50:02 GMT"}
{"exception":"-","id":"9","method":"GET","url":"/user/listing/","remote-addr":"::1","status":"304","content-length":"-","response-time":"5.494 ms","date":"Thu, 02 Feb 2023 09:50:04 GMT"}
{"exception":"-","id":"-","method":"GET","url":"/50-1581241713214.jpg","remote-addr":"::1","status":"304","content-length":"-","response-time":"0.914 ms","date":"Thu, 02 Feb 2023 09:50:04 GMT"}
{"exception":"-","id":"-","method":"GET","url":"/Supreme-20th-Anniversary-Box-Logo-Tee-White-1581241779499.jpg","remote-addr":"::1","status":"304","content-length":"-","response-time":"0.942 ms","date":"Thu, 02 Feb 2023 09:50:04 GMT"}
{"exception":"-","id":"-","method":"GET","url":"/yeezy-boost-350-v2-antlia-lundmark-synth-release-date-price-01-1581241820941.jpg","remote-addr":"::1","status":"304","content-length":"-","response-time":"0.951 ms","date":"Thu, 02 Feb 2023 09:50:04 GMT"}
{"exception":"-","id":"-","method":"GET","url":"/air-jordan-1-dior-release-info-4-1581248498871.jpg","remote-addr":"::1","status":"304","content-length":"-","response-time":"1.192 ms","date":"Thu, 02 Feb 2023 09:50:04 GMT"}
{"exception":"-","id":"-","method":"GET","url":"/supreme-san-francisco-box-logo-tee-black-1581248766336.jfif","remote-addr":"::1","status":"304","content-length":"-","response-time":"1.297 ms","date":"Thu, 02 Feb 2023 09:50:04 GMT"}
{"exception":"-","id":"-","method":"GET","url":"/off-white-marianna-1581248830797.jfif","remote-addr":"::1","status":"304","content-length":"-","response-time":"1.090 ms","date":"Thu, 02 Feb 2023 09:50:04 GMT"}
{"exception":"-","id":"-","method":"GET","url":"/BAPE-x-MCM-Camo-Zip-Hoodie-Brown-1581248898688.jpg","remote-addr":"::1","status":"404","content-length":"189","response-time":"2.567 ms","date":"Thu, 02 Feb 2023 09:50:04 GMT"}
{"exception":"-","id":"-","method":"GET","url":"/GitHub-1609999590009.appref-ms","remote-addr":"::1","status":"304","content-length":"-","response-time":"2.865 ms","date":"Thu, 02 Feb 2023 09:50:04 GMT"}
{"exception":"-","id":"-","method":"GET","url":"/snapsell-1610007683525.sql","remote-addr":"::1","status":"304","content-length":"-","response-time":"0.710 ms","date":"Thu, 02 Feb 2023 09:50:04 GMT"}
{"exception":"-","id":"9","method":"GET","url":"/offer/","remote-addr":"::1","status":"201","content-length":"28","response-time":"4.325 ms","date":"Thu, 02 Feb 2023 09:50:06 GMT"}
{"exception":"-","id":"9","method":"GET","url":"/offer/status/","remote-addr":"::1","status":"201","content-length":"380","response-time":"4.440 ms","date":"Thu, 02 Feb 2023 09:50:06 GMT"}
{"exception":"-","id":"9","method":"GET","url":"/offer/","remote-addr":"::1","status":"201","content-length":"28","response-time":"3.690 ms","date":"Thu, 02 Feb 2023 09:50:09 GMT"}
{"exception":"-","id":"9","method":"GET","url":"/offer/status/","remote-addr":"::1","status":"201","content-length":"380","response-time":"4.039 ms","date":"Thu, 02 Feb 2023 09:50:09 GMT"}
{"exception":"-","id":"9","method":"GET","url":"/offer/status/","remote-addr":"::1","status":"201","content-length":"380","response-time":"18.352 ms","date":"Thu, 02 Feb 2023 09:50:19 GMT"}
{"exception":"-","id":"9","method":"GET","url":"/offer/","remote-addr":"::1","status":"201","content-length":"28","response-time":"104.533 ms","date":"Thu, 02 Feb 2023 09:50:19 GMT"}
{"exception":"-","id":"9","method":"GET","url":"/offer/status/","remote-addr":"::1","status":"201","content-length":"380","response-time":"4.614 ms","date":"Thu, 02 Feb 2023 09:50:43 GMT"}
{"exception":"-","id":"9","method":"GET","url":"/offer/","remote-addr":"::1","status":"201","content-length":"28","response-time":"6.568 ms","date":"Thu, 02 Feb 2023 09:50:43 GMT"}
{"exception":"-","id":"9","method":"GET","url":"/offer/","remote-addr":"::1","status":"201","content-length":"28","response-time":"4.986 ms","date":"Thu, 02 Feb 2023 09:51:05 GMT"}
{"exception":"-","id":"9","method":"GET","url":"/offer/status/","remote-addr":"::1","status":"201","content-length":"380","response-time":"4.917 ms","date":"Thu, 02 Feb 2023 09:51:05 GMT"}
{"exception":"-","id":"9","method":"GET","url":"/offer/","remote-addr":"::1","status":"201","content-length":"28","response-time":"3.211 ms","date":"Thu, 02 Feb 2023 09:51:12 GMT"}
{"exception":"-","id":"9","method":"GET","url":"/offer/status/","remote-addr":"::1","status":"201","content-length":"380","response-time":"3.249 ms","date":"Thu, 02 Feb 2023 09:51:12 GMT"}
{"exception":"-","id":"9","method":"GET","url":"/offer/","remote-addr":"::1","status":"201","content-length":"28","response-time":"4.254 ms","date":"Thu, 02 Feb 2023 09:51:13 GMT"}
{"exception":"-","id":"9","method":"GET","url":"/offer/status/","remote-addr":"::1","status":"201","content-length":"380","response-time":"4.327 ms","date":"Thu, 02 Feb 2023 09:51:13 GMT"}
{"exception":"-","id":"9","method":"GET","url":"/offer/status/","remote-addr":"::1","status":"201","content-length":"380","response-time":"18.104 ms","date":"Thu, 02 Feb 2023 09:51:20 GMT"}
{"exception":"-","id":"9","method":"GET","url":"/offer/","remote-addr":"::1","status":"201","content-length":"28","response-time":"99.569 ms","date":"Thu, 02 Feb 2023 09:51:20 GMT"}
{"exception":"-","id":"9","method":"GET","url":"/offer/status/","remote-addr":"::1","status":"201","content-length":"380","response-time":"4.194 ms","date":"Thu, 02 Feb 2023 09:51:29 GMT"}
{"exception":"-","id":"9","method":"GET","url":"/offer/","remote-addr":"::1","status":"201","content-length":"28","response-time":"6.557 ms","date":"Thu, 02 Feb 2023 09:51:29 GMT"}
{"exception":"-","id":"9","method":"PUT","url":"/user/update/","remote-addr":"::1","status":"200","content-length":"16","response-time":"6.636 ms","date":"Thu, 02 Feb 2023 09:51:52 GMT"}
{"exception":"-","id":"9","method":"GET","url":"/offer/status/","remote-addr":"::1","status":"201","content-length":"380","response-time":"3.236 ms","date":"Thu, 02 Feb 2023 09:51:54 GMT"}
{"exception":"-","id":"9","method":"GET","url":"/offer/","remote-addr":"::1","status":"201","content-length":"28","response-time":"5.214 ms","date":"Thu, 02 Feb 2023 09:51:54 GMT"}
{"exception":"-","id":"9","method":"GET","url":"/offer/","remote-addr":"::1","status":"201","content-length":"28","response-time":"5.037 ms","date":"Thu, 02 Feb 2023 09:52:09 GMT"}
{"exception":"-","id":"9","method":"GET","url":"/offer/status/","remote-addr":"::1","status":"201","content-length":"380","response-time":"5.371 ms","date":"Thu, 02 Feb 2023 09:52:09 GMT"}
{"exception":"-","id":"9","method":"GET","url":"/offer/","remote-addr":"::1","status":"201","content-length":"28","response-time":"3.764 ms","date":"Thu, 02 Feb 2023 09:52:25 GMT"}
{"exception":"-","id":"9","method":"GET","url":"/offer/status/","remote-addr":"::1","status":"201","content-length":"380","response-time":"3.275 ms","date":"Thu, 02 Feb 2023 09:52:25 GMT"}
{"exception":"-","id":"9","method":"GET","url":"/offer/status/","remote-addr":"::1","status":"201","content-length":"380","response-time":"5.168 ms","date":"Thu, 02 Feb 2023 09:52:29 GMT"}
{"exception":"-","id":"9","method":"GET","url":"/offer/","remote-addr":"::1","status":"201","content-length":"28","response-time":"7.759 ms","date":"Thu, 02 Feb 2023 09:52:29 GMT"}
{"exception":"-","id":"9","method":"GET","url":"/offer/status/","remote-addr":"::1","status":"201","content-length":"380","response-time":"2.832 ms","date":"Thu, 02 Feb 2023 09:52:44 GMT"}
{"exception":"-","id":"9","method":"GET","url":"/offer/","remote-addr":"::1","status":"201","content-length":"28","response-time":"5.537 ms","date":"Thu, 02 Feb 2023 09:52:44 GMT"}
{"exception":"-","id":"9","method":"GET","url":"/offer/","remote-addr":"::1","status":"201","content-length":"28","response-time":"3.527 ms","date":"Thu, 02 Feb 2023 09:52:51 GMT"}
{"exception":"-","id":"9","method":"GET","url":"/offer/status/","remote-addr":"::1","status":"201","content-length":"380","response-time":"3.292 ms","date":"Thu, 02 Feb 2023 09:52:51 GMT"}
{"exception":"-","id":"9","method":"GET","url":"/offer/","remote-addr":"::1","status":"201","content-length":"28","response-time":"4.468 ms","date":"Thu, 02 Feb 2023 09:53:43 GMT"}
{"exception":"-","id":"9","method":"GET","url":"/offer/status/","remote-addr":"::1","status":"201","content-length":"380","response-time":"3.881 ms","date":"Thu, 02 Feb 2023 09:53:43 GMT"}
{"exception":"-","id":"9","method":"GET","url":"/offer/","remote-addr":"::1","status":"201","content-length":"28","response-time":"8.926 ms","date":"Thu, 02 Feb 2023 09:53:48 GMT"}
{"exception":"-","id":"9","method":"GET","url":"/offer/status/","remote-addr":"::1","status":"201","content-length":"380","response-time":"9.124 ms","date":"Thu, 02 Feb 2023 09:53:48 GMT"}
{"exception":"-","id":"9","method":"GET","url":"/offer/","remote-addr":"::1","status":"201","content-length":"28","response-time":"6.267 ms","date":"Thu, 02 Feb 2023 09:56:06 GMT"}
{"exception":"-","id":"9","method":"GET","url":"/offer/status/","remote-addr":"::1","status":"201","content-length":"380","response-time":"6.204 ms","date":"Thu, 02 Feb 2023 09:56:06 GMT"}
{"exception":"-","id":"9","method":"GET","url":"/offer/status/","remote-addr":"::1","status":"201","content-length":"380","response-time":"4.461 ms","date":"Thu, 02 Feb 2023 09:56:07 GMT"}
{"exception":"-","id":"9","method":"GET","url":"/offer/","remote-addr":"::1","status":"201","content-length":"28","response-time":"8.273 ms","date":"Thu, 02 Feb 2023 09:56:07 GMT"}
{"exception":"-","id":"9","method":"GET","url":"/offer/","remote-addr":"::1","status":"201","content-length":"28","response-time":"4.008 ms","date":"Thu, 02 Feb 2023 09:56:32 GMT"}
{"exception":"-","id":"9","method":"GET","url":"/offer/status/","remote-addr":"::1","status":"201","content-length":"380","response-time":"3.363 ms","date":"Thu, 02 Feb 2023 09:56:32 GMT"}
{"exception":"-","id":"9","method":"GET","url":"/offer/","remote-addr":"::1","status":"201","content-length":"28","response-time":"87.938 ms","date":"Thu, 02 Feb 2023 09:56:38 GMT"}
{"exception":"-","id":"9","method":"GET","url":"/offer/status/","remote-addr":"::1","status":"201","content-length":"380","response-time":"17.061 ms","date":"Thu, 02 Feb 2023 09:56:38 GMT"}
{"exception":"-","id":"9","method":"GET","url":"/offer/","remote-addr":"::1","status":"201","content-length":"28","response-time":"6.046 ms","date":"Thu, 02 Feb 2023 09:57:54 GMT"}
{"exception":"-","id":"9","method":"GET","url":"/offer/status/","remote-addr":"::1","status":"201","content-length":"380","response-time":"6.171 ms","date":"Thu, 02 Feb 2023 09:57:54 GMT"}
{"exception":"-","id":"9","method":"GET","url":"/user/listing/","remote-addr":"::1","status":"304","content-length":"-","response-time":"7.180 ms","date":"Thu, 02 Feb 2023 09:58:11 GMT"}
{"exception":"-","id":"-","method":"GET","url":"/50-1581241713214.jpg","remote-addr":"::1","status":"304","content-length":"-","response-time":"5.802 ms","date":"Thu, 02 Feb 2023 09:58:11 GMT"}
{"exception":"-","id":"-","method":"GET","url":"/Supreme-20th-Anniversary-Box-Logo-Tee-White-1581241779499.jpg","remote-addr":"::1","status":"304","content-length":"-","response-time":"3.105 ms","date":"Thu, 02 Feb 2023 09:58:11 GMT"}
{"exception":"-","id":"-","method":"GET","url":"/yeezy-boost-350-v2-antlia-lundmark-synth-release-date-price-01-1581241820941.jpg","remote-addr":"::1","status":"304","content-length":"-","response-time":"2.848 ms","date":"Thu, 02 Feb 2023 09:58:11 GMT"}
{"exception":"-","id":"-","method":"GET","url":"/air-jordan-1-dior-release-info-4-1581248498871.jpg","remote-addr":"::1","status":"304","content-length":"-","response-time":"2.866 ms","date":"Thu, 02 Feb 2023 09:58:11 GMT"}
{"exception":"-","id":"-","method":"GET","url":"/supreme-san-francisco-box-logo-tee-black-1581248766336.jfif","remote-addr":"::1","status":"304","content-length":"-","response-time":"2.916 ms","date":"Thu, 02 Feb 2023 09:58:11 GMT"}
{"exception":"-","id":"-","method":"GET","url":"/off-white-marianna-1581248830797.jfif","remote-addr":"::1","status":"304","content-length":"-","response-time":"3.064 ms","date":"Thu, 02 Feb 2023 09:58:11 GMT"}
{"exception":"-","id":"-","method":"GET","url":"/BAPE-x-MCM-Camo-Zip-Hoodie-Brown-1581248898688.jpg","remote-addr":"::1","status":"404","content-length":"189","response-time":"3.270 ms","date":"Thu, 02 Feb 2023 09:58:11 GMT"}
{"exception":"-","id":"-","method":"GET","url":"/GitHub-1609999590009.appref-ms","remote-addr":"::1","status":"304","content-length":"-","response-time":"0.877 ms","date":"Thu, 02 Feb 2023 09:58:11 GMT"}
{"exception":"-","id":"-","method":"GET","url":"/snapsell-1610007683525.sql","remote-addr":"::1","status":"304","content-length":"-","response-time":"1.277 ms","date":"Thu, 02 Feb 2023 09:58:11 GMT"}
{"exception":"-","id":"9","method":"GET","url":"/user/listing/","remote-addr":"::1","status":"304","content-length":"-","response-time":"3.611 ms","date":"Thu, 02 Feb 2023 09:58:31 GMT"}
{"exception":"-","id":"-","method":"GET","url":"/50-1581241713214.jpg","remote-addr":"::1","status":"304","content-length":"-","response-time":"0.397 ms","date":"Thu, 02 Feb 2023 09:58:31 GMT"}
{"exception":"-","id":"-","method":"GET","url":"/Supreme-20th-Anniversary-Box-Logo-Tee-White-1581241779499.jpg","remote-addr":"::1","status":"304","content-length":"-","response-time":"0.486 ms","date":"Thu, 02 Feb 2023 09:58:31 GMT"}
{"exception":"-","id":"-","method":"GET","url":"/yeezy-boost-350-v2-antlia-lundmark-synth-release-date-price-01-1581241820941.jpg","remote-addr":"::1","status":"304","content-length":"-","response-time":"0.841 ms","date":"Thu, 02 Feb 2023 09:58:31 GMT"}
{"exception":"-","id":"-","method":"GET","url":"/air-jordan-1-dior-release-info-4-1581248498871.jpg","remote-addr":"::1","status":"304","content-length":"-","response-time":"0.865 ms","date":"Thu, 02 Feb 2023 09:58:31 GMT"}
{"exception":"-","id":"-","method":"GET","url":"/supreme-san-francisco-box-logo-tee-black-1581248766336.jfif","remote-addr":"::1","status":"304","content-length":"-","response-time":"0.577 ms","date":"Thu, 02 Feb 2023 09:58:31 GMT"}
{"exception":"-","id":"-","method":"GET","url":"/off-white-marianna-1581248830797.jfif","remote-addr":"::1","status":"304","content-length":"-","response-time":"0.464 ms","date":"Thu, 02 Feb 2023 09:58:31 GMT"}
{"exception":"-","id":"-","method":"GET","url":"/BAPE-x-MCM-Camo-Zip-Hoodie-Brown-1581248898688.jpg","remote-addr":"::1","status":"404","content-length":"189","response-time":"2.334 ms","date":"Thu, 02 Feb 2023 09:58:31 GMT"}
{"exception":"-","id":"-","method":"GET","url":"/GitHub-1609999590009.appref-ms","remote-addr":"::1","status":"304","content-length":"-","response-time":"2.151 ms","date":"Thu, 02 Feb 2023 09:58:31 GMT"}
{"exception":"-","id":"-","method":"GET","url":"/snapsell-1610007683525.sql","remote-addr":"::1","status":"304","content-length":"-","response-time":"2.044 ms","date":"Thu, 02 Feb 2023 09:58:31 GMT"}
{"exception":"-","id":"9","method":"GET","url":"/user/listing/","remote-addr":"::1","status":"304","content-length":"-","response-time":"3.464 ms","date":"Thu, 02 Feb 2023 09:58:41 GMT"}
{"exception":"-","id":"9","method":"GET","url":"/user/listing/","remote-addr":"::1","status":"304","content-length":"-","response-time":"4.546 ms","date":"Thu, 02 Feb 2023 09:58:45 GMT"}
{"exception":"-","id":"-","method":"GET","url":"/50-1581241713214.jpg","remote-addr":"::1","status":"304","content-length":"-","response-time":"0.640 ms","date":"Thu, 02 Feb 2023 09:58:45 GMT"}
{"exception":"-","id":"-","method":"GET","url":"/Supreme-20th-Anniversary-Box-Logo-Tee-White-1581241779499.jpg","remote-addr":"::1","status":"304","content-length":"-","response-time":"1.449 ms","date":"Thu, 02 Feb 2023 09:58:45 GMT"}
{"exception":"-","id":"-","method":"GET","url":"/yeezy-boost-350-v2-antlia-lundmark-synth-release-date-price-01-1581241820941.jpg","remote-addr":"::1","status":"304","content-length":"-","response-time":"1.507 ms","date":"Thu, 02 Feb 2023 09:58:45 GMT"}
{"exception":"-","id":"-","method":"GET","url":"/supreme-san-francisco-box-logo-tee-black-1581248766336.jfif","remote-addr":"::1","status":"304","content-length":"-","response-time":"1.371 ms","date":"Thu, 02 Feb 2023 09:58:45 GMT"}
{"exception":"-","id":"-","method":"GET","url":"/air-jordan-1-dior-release-info-4-1581248498871.jpg","remote-addr":"::1","status":"304","content-length":"-","response-time":"1.636 ms","date":"Thu, 02 Feb 2023 09:58:45 GMT"}
{"exception":"-","id":"-","method":"GET","url":"/off-white-marianna-1581248830797.jfif","remote-addr":"::1","status":"304","content-length":"-","response-time":"0.716 ms","date":"Thu, 02 Feb 2023 09:58:45 GMT"}
{"exception":"-","id":"-","method":"GET","url":"/BAPE-x-MCM-Camo-Zip-Hoodie-Brown-1581248898688.jpg","remote-addr":"::1","status":"404","content-length":"189","response-time":"0.417 ms","date":"Thu, 02 Feb 2023 09:58:45 GMT"}
{"exception":"-","id":"-","method":"GET","url":"/GitHub-1609999590009.appref-ms","remote-addr":"::1","status":"304","content-length":"-","response-time":"1.893 ms","date":"Thu, 02 Feb 2023 09:58:45 GMT"}
{"exception":"-","id":"-","method":"GET","url":"/snapsell-1610007683525.sql","remote-addr":"::1","status":"304","content-length":"-","response-time":"1.857 ms","date":"Thu, 02 Feb 2023 09:58:45 GMT"}
{"exception":"-","id":"9","method":"GET","url":"/user/listing/","remote-addr":"::1","status":"304","content-length":"-","response-time":"4.185 ms","date":"Thu, 02 Feb 2023 09:58:55 GMT"}
{"exception":"-","id":"-","method":"GET","url":"/50-1581241713214.jpg","remote-addr":"::1","status":"304","content-length":"-","response-time":"0.627 ms","date":"Thu, 02 Feb 2023 09:58:55 GMT"}
{"exception":"-","id":"-","method":"GET","url":"/Supreme-20th-Anniversary-Box-Logo-Tee-White-1581241779499.jpg","remote-addr":"::1","status":"304","content-length":"-","response-time":"1.192 ms","date":"Thu, 02 Feb 2023 09:58:55 GMT"}
{"exception":"-","id":"-","method":"GET","url":"/yeezy-boost-350-v2-antlia-lundmark-synth-release-date-price-01-1581241820941.jpg","remote-addr":"::1","status":"304","content-length":"-","response-time":"1.281 ms","date":"Thu, 02 Feb 2023 09:58:55 GMT"}
{"exception":"-","id":"-","method":"GET","url":"/air-jordan-1-dior-release-info-4-1581248498871.jpg","remote-addr":"::1","status":"304","content-length":"-","response-time":"1.283 ms","date":"Thu, 02 Feb 2023 09:58:55 GMT"}
{"exception":"-","id":"-","method":"GET","url":"/supreme-san-francisco-box-logo-tee-black-1581248766336.jfif","remote-addr":"::1","status":"304","content-length":"-","response-time":"1.238 ms","date":"Thu, 02 Feb 2023 09:58:55 GMT"}
{"exception":"-","id":"-","method":"GET","url":"/off-white-marianna-1581248830797.jfif","remote-addr":"::1","status":"304","content-length":"-","response-time":"1.521 ms","date":"Thu, 02 Feb 2023 09:58:55 GMT"}
{"exception":"-","id":"-","method":"GET","url":"/BAPE-x-MCM-Camo-Zip-Hoodie-Brown-1581248898688.jpg","remote-addr":"::1","status":"404","content-length":"189","response-time":"0.816 ms","date":"Thu, 02 Feb 2023 09:58:55 GMT"}
{"exception":"-","id":"-","method":"GET","url":"/GitHub-1609999590009.appref-ms","remote-addr":"::1","status":"304","content-length":"-","response-time":"0.542 ms","date":"Thu, 02 Feb 2023 09:58:55 GMT"}
{"exception":"-","id":"-","method":"GET","url":"/snapsell-1610007683525.sql","remote-addr":"::1","status":"304","content-length":"-","response-time":"1.034 ms","date":"Thu, 02 Feb 2023 09:58:55 GMT"}
{"exception":"-","id":"-","method":"GET","url":"/listing/106/","remote-addr":"::1","status":"200","content-length":"182","response-time":"4.767 ms","date":"Thu, 02 Feb 2023 09:58:57 GMT"}
{"exception":"-","id":"-","method":"GET","url":"/50-1581241713214.jpg","remote-addr":"::1","status":"304","content-length":"-","response-time":"0.562 ms","date":"Thu, 02 Feb 2023 09:58:57 GMT"}
{"exception":"-","id":"-","method":"GET","url":"/likes/106/","remote-addr":"::1","status":"304","content-length":"-","response-time":"2.398 ms","date":"Thu, 02 Feb 2023 09:58:57 GMT"}
{"exception":"-","id":"-","method":"GET","url":"/listing/106","remote-addr":"::1","status":"200","content-length":"182","response-time":"3.060 ms","date":"Thu, 02 Feb 2023 09:58:58 GMT"}
{"exception":"-","id":"-","method":"GET","url":"/listing/106","remote-addr":"::1","status":"304","content-length":"-","response-time":"2.821 ms","date":"Thu, 02 Feb 2023 09:59:19 GMT"}
{"exception":"-","id":"9","method":"GET","url":"/user/listing/","remote-addr":"::1","status":"304","content-length":"-","response-time":"2.144 ms","date":"Thu, 02 Feb 2023 09:59:21 GMT"}
{"exception":"-","id":"-","method":"GET","url":"/50-1581241713214.jpg","remote-addr":"::1","status":"304","content-length":"-","response-time":"1.088 ms","date":"Thu, 02 Feb 2023 09:59:21 GMT"}
{"exception":"-","id":"-","method":"GET","url":"/Supreme-20th-Anniversary-Box-Logo-Tee-White-1581241779499.jpg","remote-addr":"::1","status":"304","content-length":"-","response-time":"1.120 ms","date":"Thu, 02 Feb 2023 09:59:21 GMT"}
{"exception":"-","id":"-","method":"GET","url":"/yeezy-boost-350-v2-antlia-lundmark-synth-release-date-price-01-1581241820941.jpg","remote-addr":"::1","status":"304","content-length":"-","response-time":"1.649 ms","date":"Thu, 02 Feb 2023 09:59:21 GMT"}
{"exception":"-","id":"-","method":"GET","url":"/air-jordan-1-dior-release-info-4-1581248498871.jpg","remote-addr":"::1","status":"304","content-length":"-","response-time":"2.095 ms","date":"Thu, 02 Feb 2023 09:59:21 GMT"}
{"exception":"-","id":"-","method":"GET","url":"/supreme-san-francisco-box-logo-tee-black-1581248766336.jfif","remote-addr":"::1","status":"304","content-length":"-","response-time":"0.603 ms","date":"Thu, 02 Feb 2023 09:59:21 GMT"}
{"exception":"-","id":"-","method":"GET","url":"/off-white-marianna-1581248830797.jfif","remote-addr":"::1","status":"304","content-length":"-","response-time":"1.635 ms","date":"Thu, 02 Feb 2023 09:59:21 GMT"}
{"exception":"-","id":"-","method":"GET","url":"/GitHub-1609999590009.appref-ms","remote-addr":"::1","status":"304","content-length":"-","response-time":"1.273 ms","date":"Thu, 02 Feb 2023 09:59:21 GMT"}
{"exception":"-","id":"-","method":"GET","url":"/snapsell-1610007683525.sql","remote-addr":"::1","status":"304","content-length":"-","response-time":"1.207 ms","date":"Thu, 02 Feb 2023 09:59:21 GMT"}
{"exception":"-","id":"-","method":"GET","url":"/BAPE-x-MCM-Camo-Zip-Hoodie-Brown-1581248898688.jpg","remote-addr":"::1","status":"404","content-length":"189","response-time":"4.095 ms","date":"Thu, 02 Feb 2023 09:59:21 GMT"}
{"exception":"-","id":"-","method":"GET","url":"/listing/107/","remote-addr":"::1","status":"200","content-length":"310","response-time":"2.889 ms","date":"Thu, 02 Feb 2023 09:59:24 GMT"}
{"exception":"-","id":"-","method":"GET","url":"/Supreme-20th-Anniversary-Box-Logo-Tee-White-1581241779499.jpg","remote-addr":"::1","status":"304","content-length":"-","response-time":"0.979 ms","date":"Thu, 02 Feb 2023 09:59:24 GMT"}
{"exception":"-","id":"-","method":"GET","url":"/likes/107/","remote-addr":"::1","status":"304","content-length":"-","response-time":"1.876 ms","date":"Thu, 02 Feb 2023 09:59:24 GMT"}
{"exception":"-","id":"-","method":"GET","url":"/listing/107/","remote-addr":"::1","status":"304","content-length":"-","response-time":"2.341 ms","date":"Thu, 02 Feb 2023 09:59:51 GMT"}
{"exception":"-","id":"-","method":"GET","url":"/Supreme-20th-Anniversary-Box-Logo-Tee-White-1581241779499.jpg","remote-addr":"::1","status":"304","content-length":"-","response-time":"1.015 ms","date":"Thu, 02 Feb 2023 09:59:51 GMT"}
{"exception":"-","id":"-","method":"GET","url":"/likes/107/","remote-addr":"::1","status":"304","content-length":"-","response-time":"2.991 ms","date":"Thu, 02 Feb 2023 09:59:51 GMT"}
{"exception":"-","id":"-","method":"GET","url":"/listing/107/","remote-addr":"::1","status":"304","content-length":"-","response-time":"3.109 ms","date":"Thu, 02 Feb 2023 09:59:55 GMT"}
{"exception":"-","id":"-","method":"GET","url":"/Supreme-20th-Anniversary-Box-Logo-Tee-White-1581241779499.jpg","remote-addr":"::1","status":"304","content-length":"-","response-time":"0.957 ms","date":"Thu, 02 Feb 2023 09:59:55 GMT"}
{"exception":"-","id":"-","method":"GET","url":"/likes/107/","remote-addr":"::1","status":"304","content-length":"-","response-time":"2.286 ms","date":"Thu, 02 Feb 2023 09:59:55 GMT"}
