{"exception":"-","id":"-","method":"GET","url":"/offer/","remote-addr":"::1","status":"403","content-length":"1534","response-time":"4.807 ms","date":"Mon, 30 Jan 2023 04:27:02 GMT"}
{"exception":"-","id":"-","method":"GET","url":"/offer/status/","remote-addr":"::1","status":"403","content-length":"1534","response-time":"2.003 ms","date":"Mon, 30 Jan 2023 04:27:02 GMT"}
{"exception":"-","id":"-","method":"GET","url":"/user/listing/","remote-addr":"::1","status":"403","content-length":"1534","response-time":"2.363 ms","date":"Mon, 30 Jan 2023 04:27:35 GMT"}
{"exception":"-","id":"-","method":"PUT","url":"/user/update/","remote-addr":"::1","status":"403","content-length":"1534","response-time":"0.544 ms","date":"Mon, 30 Jan 2023 04:27:40 GMT"}
{"exception":"-","id":"-","method":"POST","url":"/user/logout","remote-addr":"::1","status":"200","content-length":"47","response-time":"2.127 ms","date":"Mon, 30 Jan 2023 04:28:15 GMT"}
{"exception":"-","id":"-","method":"POST","url":"/user/login","remote-addr":"::1","status":"201","content-length":"422","response-time":"77.554 ms","date":"Mon, 30 Jan 2023 04:29:27 GMT"}
{"exception":"-","id":"9","method":"GET","url":"/user/listing/","remote-addr":"::1","status":"200","content-length":"1166","response-time":"12.498 ms","date":"Mon, 30 Jan 2023 04:29:28 GMT"}
{"exception":"-","id":"-","method":"GET","url":"/Supreme-20th-Anniversary-Box-Logo-Tee-White-1581241779499.jpg","remote-addr":"::1","status":"200","content-length":"46802","response-time":"6.493 ms","date":"Mon, 30 Jan 2023 04:29:28 GMT"}
{"exception":"-","id":"-","method":"GET","url":"/yeezy-boost-350-v2-antlia-lundmark-synth-release-date-price-01-1581241820941.jpg","remote-addr":"::1","status":"200","content-length":"11705","response-time":"7.928 ms","date":"Mon, 30 Jan 2023 04:29:28 GMT"}
{"exception":"-","id":"-","method":"GET","url":"/supreme-san-francisco-box-logo-tee-black-1581248766336.jfif","remote-addr":"::1","status":"200","content-length":"59681","response-time":"7.711 ms","date":"Mon, 30 Jan 2023 04:29:28 GMT"}
{"exception":"-","id":"-","method":"GET","url":"/off-white-marianna-1581248830797.jfif","remote-addr":"::1","status":"200","content-length":"6318","response-time":"6.358 ms","date":"Mon, 30 Jan 2023 04:29:28 GMT"}
{"exception":"-","id":"-","method":"GET","url":"/50-1581241713214.jpg","remote-addr":"::1","status":"200","content-length":"469379","response-time":"7.354 ms","date":"Mon, 30 Jan 2023 04:29:28 GMT"}
{"exception":"-","id":"-","method":"GET","url":"/air-jordan-1-dior-release-info-4-1581248498871.jpg","remote-addr":"::1","status":"200","content-length":"352147","response-time":"7.858 ms","date":"Mon, 30 Jan 2023 04:29:28 GMT"}
{"exception":"-","id":"-","method":"GET","url":"/BAPE-x-MCM-Camo-Zip-Hoodie-Brown-1581248898688.jpg","remote-addr":"::1","status":"404","content-length":"189","response-time":"4.987 ms","date":"Mon, 30 Jan 2023 04:29:28 GMT"}
{"exception":"-","id":"-","method":"GET","url":"/GitHub-1609999590009.appref-ms","remote-addr":"::1","status":"200","content-length":"308","response-time":"4.619 ms","date":"Mon, 30 Jan 2023 04:29:28 GMT"}
{"exception":"-","id":"-","method":"GET","url":"/snapsell-1610007683525.sql","remote-addr":"::1","status":"200","content-length":"11218","response-time":"1.655 ms","date":"Mon, 30 Jan 2023 04:29:28 GMT"}
{"exception":"-","id":"9","method":"GET","url":"/user/listing/","remote-addr":"::1","status":"304","content-length":"-","response-time":"5.550 ms","date":"Mon, 30 Jan 2023 04:29:32 GMT"}
{"exception":"-","id":"-","method":"GET","url":"/50-1581241713214.jpg","remote-addr":"::1","status":"304","content-length":"-","response-time":"1.543 ms","date":"Mon, 30 Jan 2023 04:29:32 GMT"}
{"exception":"-","id":"-","method":"GET","url":"/Supreme-20th-Anniversary-Box-Logo-Tee-White-1581241779499.jpg","remote-addr":"::1","status":"304","content-length":"-","response-time":"1.835 ms","date":"Mon, 30 Jan 2023 04:29:32 GMT"}
{"exception":"-","id":"-","method":"GET","url":"/yeezy-boost-350-v2-antlia-lundmark-synth-release-date-price-01-1581241820941.jpg","remote-addr":"::1","status":"304","content-length":"-","response-time":"2.019 ms","date":"Mon, 30 Jan 2023 04:29:32 GMT"}
{"exception":"-","id":"-","method":"GET","url":"/air-jordan-1-dior-release-info-4-1581248498871.jpg","remote-addr":"::1","status":"304","content-length":"-","response-time":"2.040 ms","date":"Mon, 30 Jan 2023 04:29:32 GMT"}
{"exception":"-","id":"-","method":"GET","url":"/supreme-san-francisco-box-logo-tee-black-1581248766336.jfif","remote-addr":"::1","status":"304","content-length":"-","response-time":"1.866 ms","date":"Mon, 30 Jan 2023 04:29:32 GMT"}
{"exception":"-","id":"-","method":"GET","url":"/off-white-marianna-1581248830797.jfif","remote-addr":"::1","status":"304","content-length":"-","response-time":"0.780 ms","date":"Mon, 30 Jan 2023 04:29:32 GMT"}
{"exception":"-","id":"-","method":"GET","url":"/BAPE-x-MCM-Camo-Zip-Hoodie-Brown-1581248898688.jpg","remote-addr":"::1","status":"404","content-length":"189","response-time":"1.687 ms","date":"Mon, 30 Jan 2023 04:29:32 GMT"}
{"exception":"-","id":"-","method":"GET","url":"/GitHub-1609999590009.appref-ms","remote-addr":"::1","status":"304","content-length":"-","response-time":"1.084 ms","date":"Mon, 30 Jan 2023 04:29:32 GMT"}
{"exception":"-","id":"-","method":"GET","url":"/snapsell-1610007683525.sql","remote-addr":"::1","status":"304","content-length":"-","response-time":"1.034 ms","date":"Mon, 30 Jan 2023 04:29:32 GMT"}
