{"exception":"-","id":"-","method":"POST","url":"/user/login","remote-addr":"::1","status":"404","content-length":"9","response-time":"69.626 ms","date":"Wed, 01 Feb 2023 06:40:30 GMT"}
{"exception":"-","id":"-","method":"POST","url":"/user/login","remote-addr":"::1","status":"201","content-length":"413","response-time":"68.326 ms","date":"Wed, 01 Feb 2023 06:40:34 GMT"}
{"exception":"-","id":"14","method":"GET","url":"/user/listing/","remote-addr":"::1","status":"304","content-length":"-","response-time":"6.944 ms","date":"Wed, 01 Feb 2023 06:40:34 GMT"}
{"exception":"-","id":"-","method":"POST","url":"/user/logout","remote-addr":"::1","status":"200","content-length":"47","response-time":"0.660 ms","date":"Wed, 01 Feb 2023 06:41:53 GMT"}
{"exception":"-","id":"-","method":"POST","url":"/user/login","remote-addr":"::1","status":"201","content-length":"413","response-time":"70.513 ms","date":"Wed, 01 Feb 2023 06:42:00 GMT"}
{"exception":"-","id":"14","method":"GET","url":"/user/listing/","remote-addr":"::1","status":"304","content-length":"-","response-time":"5.011 ms","date":"Wed, 01 Feb 2023 06:42:00 GMT"}
{"exception":"-","id":"14","method":"GET","url":"/offer/","remote-addr":"::1","status":"201","content-length":"28","response-time":"6.579 ms","date":"Wed, 01 Feb 2023 06:42:01 GMT"}
{"exception":"-","id":"14","method":"GET","url":"/offer/status/","remote-addr":"::1","status":"201","content-length":"28","response-time":"5.830 ms","date":"Wed, 01 Feb 2023 06:42:01 GMT"}
{"exception":"-","id":"14","method":"GET","url":"/user/listing/","remote-addr":"::1","status":"304","content-length":"-","response-time":"3.619 ms","date":"Wed, 01 Feb 2023 06:42:05 GMT"}
{"exception":"-","id":"14","method":"POST","url":"/listing/","remote-addr":"::1","status":"201","content-length":"25","response-time":"7.752 ms","date":"Wed, 01 Feb 2023 06:42:18 GMT"}
{"exception":"-","id":"-","method":"POST","url":"/images/131/","remote-addr":"::1","status":"500","content-length":"1198","response-time":"1268.563 ms","date":"Wed, 01 Feb 2023 06:42:19 GMT"}
{"exception":"-","id":"14","method":"POST","url":"/listing/","remote-addr":"::1","status":"201","content-length":"25","response-time":"13.370 ms","date":"Wed, 01 Feb 2023 06:42:44 GMT"}
{"exception":"-","id":"14","method":"POST","url":"/listing/","remote-addr":"::1","status":"201","content-length":"25","response-time":"9.804 ms","date":"Wed, 01 Feb 2023 06:42:44 GMT"}
{"exception":"-","id":"-","method":"POST","url":"/images/132/","remote-addr":"::1","status":"500","content-length":"1198","response-time":"250.175 ms","date":"Wed, 01 Feb 2023 06:42:44 GMT"}
{"exception":"-","id":"-","method":"POST","url":"/images/133/","remote-addr":"::1","status":"500","content-length":"1198","response-time":"413.971 ms","date":"Wed, 01 Feb 2023 06:42:45 GMT"}
{"exception":"-","id":"14","method":"POST","url":"/listing/","remote-addr":"::1","status":"201","content-length":"25","response-time":"13.712 ms","date":"Wed, 01 Feb 2023 06:43:08 GMT"}
{"exception":"-","id":"14","method":"POST","url":"/listing/","remote-addr":"::1","status":"201","content-length":"25","response-time":"9.498 ms","date":"Wed, 01 Feb 2023 06:43:08 GMT"}
{"exception":"-","id":"14","method":"POST","url":"/listing/","remote-addr":"::1","status":"201","content-length":"25","response-time":"11.172 ms","date":"Wed, 01 Feb 2023 06:43:08 GMT"}
{"exception":"-","id":"-","method":"POST","url":"/images/135/","remote-addr":"::1","status":"201","content-length":"16","response-time":"9.663 ms","date":"Wed, 01 Feb 2023 06:43:08 GMT"}
{"exception":"-","id":"-","method":"POST","url":"/images/136/","remote-addr":"::1","status":"500","content-length":"1198","response-time":"163.546 ms","date":"Wed, 01 Feb 2023 06:43:08 GMT"}
{"exception":"-","id":"-","method":"POST","url":"/images/134/","remote-addr":"::1","status":"500","content-length":"1198","response-time":"476.039 ms","date":"Wed, 01 Feb 2023 06:43:09 GMT"}
{"exception":"-","id":"14","method":"GET","url":"/user/listing/","remote-addr":"::1","status":"200","content-length":"131","response-time":"15.065 ms","date":"Wed, 01 Feb 2023 06:43:12 GMT"}
{"exception":"-","id":"-","method":"GET","url":"/Discord%20Auto%20Typer-1675233788721.exe","remote-addr":"::1","status":"200","content-length":"66048","response-time":"3.977 ms","date":"Wed, 01 Feb 2023 06:43:12 GMT"}
{"exception":"-","id":"14","method":"GET","url":"/user/listing/","remote-addr":"::1","status":"304","content-length":"-","response-time":"5.472 ms","date":"Wed, 01 Feb 2023 06:43:41 GMT"}
{"exception":"-","id":"-","method":"GET","url":"/Discord%20Auto%20Typer-1675233788721.exe","remote-addr":"::1","status":"304","content-length":"-","response-time":"0.750 ms","date":"Wed, 01 Feb 2023 06:43:41 GMT"}
{"exception":"-","id":"14","method":"GET","url":"/user/listing/","remote-addr":"::1","status":"304","content-length":"-","response-time":"6.450 ms","date":"Wed, 01 Feb 2023 06:43:43 GMT"}
{"exception":"-","id":"-","method":"GET","url":"/Discord%20Auto%20Typer-1675233788721.exe","remote-addr":"::1","status":"304","content-length":"-","response-time":"0.662 ms","date":"Wed, 01 Feb 2023 06:43:43 GMT"}
{"exception":"-","id":"-","method":"GET","url":"/search/","remote-addr":"::1","status":"404","content-length":"146","response-time":"2.810 ms","date":"Wed, 01 Feb 2023 06:43:46 GMT"}
{"exception":"-","id":"14","method":"GET","url":"/offer/status/","remote-addr":"::1","status":"201","content-length":"28","response-time":"5.705 ms","date":"Wed, 01 Feb 2023 06:43:48 GMT"}
{"exception":"-","id":"14","method":"GET","url":"/offer/","remote-addr":"::1","status":"201","content-length":"28","response-time":"8.968 ms","date":"Wed, 01 Feb 2023 06:43:48 GMT"}
{"exception":"-","id":"14","method":"GET","url":"/user/listing/","remote-addr":"::1","status":"304","content-length":"-","response-time":"4.448 ms","date":"Wed, 01 Feb 2023 06:43:49 GMT"}
{"exception":"-","id":"-","method":"GET","url":"/Discord%20Auto%20Typer-1675233788721.exe","remote-addr":"::1","status":"304","content-length":"-","response-time":"0.427 ms","date":"Wed, 01 Feb 2023 06:43:49 GMT"}
{"exception":"-","id":"14","method":"GET","url":"/user/listing/","remote-addr":"::1","status":"304","content-length":"-","response-time":"2.779 ms","date":"Wed, 01 Feb 2023 06:44:25 GMT"}
{"exception":"-","id":"-","method":"GET","url":"/Discord%20Auto%20Typer-1675233788721.exe","remote-addr":"::1","status":"304","content-length":"-","response-time":"0.397 ms","date":"Wed, 01 Feb 2023 06:44:25 GMT"}
{"exception":"-","id":"-","method":"POST","url":"/user/logout","remote-addr":"::1","status":"200","content-length":"47","response-time":"1.124 ms","date":"Wed, 01 Feb 2023 06:44:27 GMT"}
{"exception":"-","id":"-","method":"POST","url":"/user/login","remote-addr":"::1","status":"201","content-length":"422","response-time":"72.656 ms","date":"Wed, 01 Feb 2023 06:44:32 GMT"}
{"exception":"-","id":"9","method":"GET","url":"/user/listing/","remote-addr":"::1","status":"200","content-length":"1166","response-time":"2.804 ms","date":"Wed, 01 Feb 2023 06:44:32 GMT"}
{"exception":"-","id":"-","method":"GET","url":"/50-1581241713214.jpg","remote-addr":"::1","status":"304","content-length":"-","response-time":"1.599 ms","date":"Wed, 01 Feb 2023 06:44:32 GMT"}
{"exception":"-","id":"-","method":"GET","url":"/Supreme-20th-Anniversary-Box-Logo-Tee-White-1581241779499.jpg","remote-addr":"::1","status":"304","content-length":"-","response-time":"1.593 ms","date":"Wed, 01 Feb 2023 06:44:32 GMT"}
{"exception":"-","id":"-","method":"GET","url":"/air-jordan-1-dior-release-info-4-1581248498871.jpg","remote-addr":"::1","status":"304","content-length":"-","response-time":"1.475 ms","date":"Wed, 01 Feb 2023 06:44:32 GMT"}
{"exception":"-","id":"-","method":"GET","url":"/supreme-san-francisco-box-logo-tee-black-1581248766336.jfif","remote-addr":"::1","status":"304","content-length":"-","response-time":"1.454 ms","date":"Wed, 01 Feb 2023 06:44:32 GMT"}
{"exception":"-","id":"-","method":"GET","url":"/off-white-marianna-1581248830797.jfif","remote-addr":"::1","status":"304","content-length":"-","response-time":"1.444 ms","date":"Wed, 01 Feb 2023 06:44:32 GMT"}
{"exception":"-","id":"-","method":"GET","url":"/yeezy-boost-350-v2-antlia-lundmark-synth-release-date-price-01-1581241820941.jpg","remote-addr":"::1","status":"304","content-length":"-","response-time":"1.497 ms","date":"Wed, 01 Feb 2023 06:44:32 GMT"}
{"exception":"-","id":"-","method":"GET","url":"/BAPE-x-MCM-Camo-Zip-Hoodie-Brown-1581248898688.jpg","remote-addr":"::1","status":"404","content-length":"189","response-time":"1.111 ms","date":"Wed, 01 Feb 2023 06:44:32 GMT"}
{"exception":"-","id":"-","method":"GET","url":"/GitHub-1609999590009.appref-ms","remote-addr":"::1","status":"304","content-length":"-","response-time":"0.832 ms","date":"Wed, 01 Feb 2023 06:44:32 GMT"}
{"exception":"-","id":"-","method":"GET","url":"/snapsell-1610007683525.sql","remote-addr":"::1","status":"304","content-length":"-","response-time":"1.073 ms","date":"Wed, 01 Feb 2023 06:44:32 GMT"}
{"exception":"-","id":"9","method":"GET","url":"/user/listing/","remote-addr":"::1","status":"304","content-length":"-","response-time":"4.955 ms","date":"Wed, 01 Feb 2023 06:44:39 GMT"}
{"exception":"-","id":"-","method":"GET","url":"/50-1581241713214.jpg","remote-addr":"::1","status":"304","content-length":"-","response-time":"0.858 ms","date":"Wed, 01 Feb 2023 06:44:39 GMT"}
{"exception":"-","id":"-","method":"GET","url":"/Supreme-20th-Anniversary-Box-Logo-Tee-White-1581241779499.jpg","remote-addr":"::1","status":"304","content-length":"-","response-time":"0.756 ms","date":"Wed, 01 Feb 2023 06:44:39 GMT"}
{"exception":"-","id":"-","method":"GET","url":"/yeezy-boost-350-v2-antlia-lundmark-synth-release-date-price-01-1581241820941.jpg","remote-addr":"::1","status":"304","content-length":"-","response-time":"0.873 ms","date":"Wed, 01 Feb 2023 06:44:39 GMT"}
{"exception":"-","id":"-","method":"GET","url":"/supreme-san-francisco-box-logo-tee-black-1581248766336.jfif","remote-addr":"::1","status":"304","content-length":"-","response-time":"1.228 ms","date":"Wed, 01 Feb 2023 06:44:39 GMT"}
{"exception":"-","id":"-","method":"GET","url":"/off-white-marianna-1581248830797.jfif","remote-addr":"::1","status":"304","content-length":"-","response-time":"1.134 ms","date":"Wed, 01 Feb 2023 06:44:39 GMT"}
{"exception":"-","id":"-","method":"GET","url":"/air-jordan-1-dior-release-info-4-1581248498871.jpg","remote-addr":"::1","status":"304","content-length":"-","response-time":"1.279 ms","date":"Wed, 01 Feb 2023 06:44:39 GMT"}
{"exception":"-","id":"-","method":"GET","url":"/BAPE-x-MCM-Camo-Zip-Hoodie-Brown-1581248898688.jpg","remote-addr":"::1","status":"404","content-length":"189","response-time":"1.036 ms","date":"Wed, 01 Feb 2023 06:44:39 GMT"}
{"exception":"-","id":"-","method":"GET","url":"/GitHub-1609999590009.appref-ms","remote-addr":"::1","status":"304","content-length":"-","response-time":"0.726 ms","date":"Wed, 01 Feb 2023 06:44:39 GMT"}
{"exception":"-","id":"-","method":"GET","url":"/snapsell-1610007683525.sql","remote-addr":"::1","status":"304","content-length":"-","response-time":"0.335 ms","date":"Wed, 01 Feb 2023 06:44:39 GMT"}
{"exception":"-","id":"9","method":"GET","url":"/user/listing/","remote-addr":"::1","status":"304","content-length":"-","response-time":"5.433 ms","date":"Wed, 01 Feb 2023 06:44:43 GMT"}
{"exception":"-","id":"-","method":"GET","url":"/50-1581241713214.jpg","remote-addr":"::1","status":"304","content-length":"-","response-time":"0.592 ms","date":"Wed, 01 Feb 2023 06:44:43 GMT"}
{"exception":"-","id":"-","method":"GET","url":"/Supreme-20th-Anniversary-Box-Logo-Tee-White-1581241779499.jpg","remote-addr":"::1","status":"304","content-length":"-","response-time":"0.895 ms","date":"Wed, 01 Feb 2023 06:44:43 GMT"}
{"exception":"-","id":"-","method":"GET","url":"/yeezy-boost-350-v2-antlia-lundmark-synth-release-date-price-01-1581241820941.jpg","remote-addr":"::1","status":"304","content-length":"-","response-time":"1.644 ms","date":"Wed, 01 Feb 2023 06:44:43 GMT"}
{"exception":"-","id":"-","method":"GET","url":"/air-jordan-1-dior-release-info-4-1581248498871.jpg","remote-addr":"::1","status":"304","content-length":"-","response-time":"1.502 ms","date":"Wed, 01 Feb 2023 06:44:43 GMT"}
{"exception":"-","id":"-","method":"GET","url":"/supreme-san-francisco-box-logo-tee-black-1581248766336.jfif","remote-addr":"::1","status":"304","content-length":"-","response-time":"1.229 ms","date":"Wed, 01 Feb 2023 06:44:43 GMT"}
{"exception":"-","id":"-","method":"GET","url":"/off-white-marianna-1581248830797.jfif","remote-addr":"::1","status":"304","content-length":"-","response-time":"1.278 ms","date":"Wed, 01 Feb 2023 06:44:43 GMT"}
{"exception":"-","id":"-","method":"GET","url":"/BAPE-x-MCM-Camo-Zip-Hoodie-Brown-1581248898688.jpg","remote-addr":"::1","status":"404","content-length":"189","response-time":"1.687 ms","date":"Wed, 01 Feb 2023 06:44:43 GMT"}
{"exception":"-","id":"-","method":"GET","url":"/GitHub-1609999590009.appref-ms","remote-addr":"::1","status":"304","content-length":"-","response-time":"0.387 ms","date":"Wed, 01 Feb 2023 06:44:43 GMT"}
{"exception":"-","id":"-","method":"GET","url":"/snapsell-1610007683525.sql","remote-addr":"::1","status":"304","content-length":"-","response-time":"0.669 ms","date":"Wed, 01 Feb 2023 06:44:43 GMT"}
{"exception":"-","id":"9","method":"GET","url":"/offer/status/","remote-addr":"::1","status":"201","content-length":"293","response-time":"4.159 ms","date":"Wed, 01 Feb 2023 06:44:45 GMT"}
{"exception":"-","id":"9","method":"GET","url":"/offer/","remote-addr":"::1","status":"201","content-length":"28","response-time":"6.740 ms","date":"Wed, 01 Feb 2023 06:44:45 GMT"}
{"exception":"-","id":"9","method":"GET","url":"/user/listing/","remote-addr":"::1","status":"304","content-length":"-","response-time":"7.949 ms","date":"Wed, 01 Feb 2023 06:44:49 GMT"}
{"exception":"-","id":"-","method":"GET","url":"/50-1581241713214.jpg","remote-addr":"::1","status":"304","content-length":"-","response-time":"0.806 ms","date":"Wed, 01 Feb 2023 06:44:49 GMT"}
{"exception":"-","id":"-","method":"GET","url":"/Supreme-20th-Anniversary-Box-Logo-Tee-White-1581241779499.jpg","remote-addr":"::1","status":"304","content-length":"-","response-time":"3.469 ms","date":"Wed, 01 Feb 2023 06:44:49 GMT"}
{"exception":"-","id":"-","method":"GET","url":"/yeezy-boost-350-v2-antlia-lundmark-synth-release-date-price-01-1581241820941.jpg","remote-addr":"::1","status":"304","content-length":"-","response-time":"3.845 ms","date":"Wed, 01 Feb 2023 06:44:49 GMT"}
{"exception":"-","id":"-","method":"GET","url":"/air-jordan-1-dior-release-info-4-1581248498871.jpg","remote-addr":"::1","status":"304","content-length":"-","response-time":"3.682 ms","date":"Wed, 01 Feb 2023 06:44:49 GMT"}
{"exception":"-","id":"-","method":"GET","url":"/supreme-san-francisco-box-logo-tee-black-1581248766336.jfif","remote-addr":"::1","status":"304","content-length":"-","response-time":"4.600 ms","date":"Wed, 01 Feb 2023 06:44:49 GMT"}
{"exception":"-","id":"-","method":"GET","url":"/off-white-marianna-1581248830797.jfif","remote-addr":"::1","status":"304","content-length":"-","response-time":"3.045 ms","date":"Wed, 01 Feb 2023 06:44:49 GMT"}
{"exception":"-","id":"-","method":"GET","url":"/BAPE-x-MCM-Camo-Zip-Hoodie-Brown-1581248898688.jpg","remote-addr":"::1","status":"404","content-length":"189","response-time":"1.134 ms","date":"Wed, 01 Feb 2023 06:44:49 GMT"}
{"exception":"-","id":"-","method":"GET","url":"/GitHub-1609999590009.appref-ms","remote-addr":"::1","status":"304","content-length":"-","response-time":"0.398 ms","date":"Wed, 01 Feb 2023 06:44:49 GMT"}
{"exception":"-","id":"-","method":"GET","url":"/snapsell-1610007683525.sql","remote-addr":"::1","status":"304","content-length":"-","response-time":"0.364 ms","date":"Wed, 01 Feb 2023 06:44:49 GMT"}
{"exception":"-","id":"9","method":"GET","url":"/user/listing/","remote-addr":"::1","status":"304","content-length":"-","response-time":"6.603 ms","date":"Wed, 01 Feb 2023 06:44:51 GMT"}
{"exception":"-","id":"-","method":"GET","url":"/50-1581241713214.jpg","remote-addr":"::1","status":"304","content-length":"-","response-time":"3.008 ms","date":"Wed, 01 Feb 2023 06:44:51 GMT"}
{"exception":"-","id":"-","method":"GET","url":"/Supreme-20th-Anniversary-Box-Logo-Tee-White-1581241779499.jpg","remote-addr":"::1","status":"304","content-length":"-","response-time":"2.169 ms","date":"Wed, 01 Feb 2023 06:44:51 GMT"}
{"exception":"-","id":"-","method":"GET","url":"/yeezy-boost-350-v2-antlia-lundmark-synth-release-date-price-01-1581241820941.jpg","remote-addr":"::1","status":"304","content-length":"-","response-time":"2.076 ms","date":"Wed, 01 Feb 2023 06:44:51 GMT"}
{"exception":"-","id":"-","method":"GET","url":"/air-jordan-1-dior-release-info-4-1581248498871.jpg","remote-addr":"::1","status":"304","content-length":"-","response-time":"1.777 ms","date":"Wed, 01 Feb 2023 06:44:51 GMT"}
{"exception":"-","id":"-","method":"GET","url":"/supreme-san-francisco-box-logo-tee-black-1581248766336.jfif","remote-addr":"::1","status":"304","content-length":"-","response-time":"2.733 ms","date":"Wed, 01 Feb 2023 06:44:51 GMT"}
{"exception":"-","id":"-","method":"GET","url":"/off-white-marianna-1581248830797.jfif","remote-addr":"::1","status":"304","content-length":"-","response-time":"1.156 ms","date":"Wed, 01 Feb 2023 06:44:51 GMT"}
{"exception":"-","id":"-","method":"GET","url":"/BAPE-x-MCM-Camo-Zip-Hoodie-Brown-1581248898688.jpg","remote-addr":"::1","status":"404","content-length":"189","response-time":"0.402 ms","date":"Wed, 01 Feb 2023 06:44:51 GMT"}
{"exception":"-","id":"-","method":"GET","url":"/GitHub-1609999590009.appref-ms","remote-addr":"::1","status":"304","content-length":"-","response-time":"0.415 ms","date":"Wed, 01 Feb 2023 06:44:51 GMT"}
{"exception":"-","id":"-","method":"GET","url":"/snapsell-1610007683525.sql","remote-addr":"::1","status":"304","content-length":"-","response-time":"0.529 ms","date":"Wed, 01 Feb 2023 06:44:51 GMT"}
{"exception":"-","id":"9","method":"GET","url":"/user/listing/","remote-addr":"::1","status":"304","content-length":"-","response-time":"8.824 ms","date":"Wed, 01 Feb 2023 06:44:52 GMT"}
{"exception":"-","id":"-","method":"GET","url":"/50-1581241713214.jpg","remote-addr":"::1","status":"304","content-length":"-","response-time":"1.362 ms","date":"Wed, 01 Feb 2023 06:44:52 GMT"}
{"exception":"-","id":"-","method":"GET","url":"/Supreme-20th-Anniversary-Box-Logo-Tee-White-1581241779499.jpg","remote-addr":"::1","status":"304","content-length":"-","response-time":"2.177 ms","date":"Wed, 01 Feb 2023 06:44:52 GMT"}
{"exception":"-","id":"-","method":"GET","url":"/yeezy-boost-350-v2-antlia-lundmark-synth-release-date-price-01-1581241820941.jpg","remote-addr":"::1","status":"304","content-length":"-","response-time":"1.370 ms","date":"Wed, 01 Feb 2023 06:44:52 GMT"}
{"exception":"-","id":"-","method":"GET","url":"/air-jordan-1-dior-release-info-4-1581248498871.jpg","remote-addr":"::1","status":"304","content-length":"-","response-time":"1.247 ms","date":"Wed, 01 Feb 2023 06:44:52 GMT"}
{"exception":"-","id":"-","method":"GET","url":"/supreme-san-francisco-box-logo-tee-black-1581248766336.jfif","remote-addr":"::1","status":"304","content-length":"-","response-time":"2.351 ms","date":"Wed, 01 Feb 2023 06:44:52 GMT"}
{"exception":"-","id":"-","method":"GET","url":"/off-white-marianna-1581248830797.jfif","remote-addr":"::1","status":"304","content-length":"-","response-time":"1.692 ms","date":"Wed, 01 Feb 2023 06:44:52 GMT"}
{"exception":"-","id":"-","method":"GET","url":"/BAPE-x-MCM-Camo-Zip-Hoodie-Brown-1581248898688.jpg","remote-addr":"::1","status":"404","content-length":"189","response-time":"0.679 ms","date":"Wed, 01 Feb 2023 06:44:52 GMT"}
{"exception":"-","id":"-","method":"GET","url":"/GitHub-1609999590009.appref-ms","remote-addr":"::1","status":"304","content-length":"-","response-time":"0.256 ms","date":"Wed, 01 Feb 2023 06:44:52 GMT"}
{"exception":"-","id":"-","method":"GET","url":"/snapsell-1610007683525.sql","remote-addr":"::1","status":"304","content-length":"-","response-time":"0.236 ms","date":"Wed, 01 Feb 2023 06:44:52 GMT"}
{"exception":"-","id":"9","method":"GET","url":"/user/listing/","remote-addr":"::1","status":"304","content-length":"-","response-time":"2.509 ms","date":"Wed, 01 Feb 2023 06:44:55 GMT"}
{"exception":"-","id":"-","method":"GET","url":"/50-1581241713214.jpg","remote-addr":"::1","status":"304","content-length":"-","response-time":"0.326 ms","date":"Wed, 01 Feb 2023 06:44:55 GMT"}
{"exception":"-","id":"-","method":"GET","url":"/Supreme-20th-Anniversary-Box-Logo-Tee-White-1581241779499.jpg","remote-addr":"::1","status":"304","content-length":"-","response-time":"0.719 ms","date":"Wed, 01 Feb 2023 06:44:55 GMT"}
{"exception":"-","id":"-","method":"GET","url":"/yeezy-boost-350-v2-antlia-lundmark-synth-release-date-price-01-1581241820941.jpg","remote-addr":"::1","status":"304","content-length":"-","response-time":"1.175 ms","date":"Wed, 01 Feb 2023 06:44:55 GMT"}
{"exception":"-","id":"-","method":"GET","url":"/air-jordan-1-dior-release-info-4-1581248498871.jpg","remote-addr":"::1","status":"304","content-length":"-","response-time":"0.518 ms","date":"Wed, 01 Feb 2023 06:44:55 GMT"}
{"exception":"-","id":"-","method":"GET","url":"/supreme-san-francisco-box-logo-tee-black-1581248766336.jfif","remote-addr":"::1","status":"304","content-length":"-","response-time":"0.408 ms","date":"Wed, 01 Feb 2023 06:44:55 GMT"}
{"exception":"-","id":"-","method":"GET","url":"/off-white-marianna-1581248830797.jfif","remote-addr":"::1","status":"304","content-length":"-","response-time":"0.438 ms","date":"Wed, 01 Feb 2023 06:44:55 GMT"}
{"exception":"-","id":"-","method":"GET","url":"/BAPE-x-MCM-Camo-Zip-Hoodie-Brown-1581248898688.jpg","remote-addr":"::1","status":"404","content-length":"189","response-time":"0.369 ms","date":"Wed, 01 Feb 2023 06:44:55 GMT"}
{"exception":"-","id":"-","method":"GET","url":"/GitHub-1609999590009.appref-ms","remote-addr":"::1","status":"304","content-length":"-","response-time":"0.391 ms","date":"Wed, 01 Feb 2023 06:44:55 GMT"}
{"exception":"-","id":"-","method":"GET","url":"/snapsell-1610007683525.sql","remote-addr":"::1","status":"304","content-length":"-","response-time":"0.594 ms","date":"Wed, 01 Feb 2023 06:44:55 GMT"}
{"exception":"-","id":"9","method":"GET","url":"/user/listing/","remote-addr":"::1","status":"304","content-length":"-","response-time":"6.436 ms","date":"Wed, 01 Feb 2023 06:44:57 GMT"}
{"exception":"-","id":"-","method":"GET","url":"/50-1581241713214.jpg","remote-addr":"::1","status":"304","content-length":"-","response-time":"0.695 ms","date":"Wed, 01 Feb 2023 06:44:57 GMT"}
{"exception":"-","id":"-","method":"GET","url":"/Supreme-20th-Anniversary-Box-Logo-Tee-White-1581241779499.jpg","remote-addr":"::1","status":"304","content-length":"-","response-time":"0.700 ms","date":"Wed, 01 Feb 2023 06:44:57 GMT"}
{"exception":"-","id":"-","method":"GET","url":"/yeezy-boost-350-v2-antlia-lundmark-synth-release-date-price-01-1581241820941.jpg","remote-addr":"::1","status":"304","content-length":"-","response-time":"0.690 ms","date":"Wed, 01 Feb 2023 06:44:57 GMT"}
{"exception":"-","id":"-","method":"GET","url":"/air-jordan-1-dior-release-info-4-1581248498871.jpg","remote-addr":"::1","status":"304","content-length":"-","response-time":"0.246 ms","date":"Wed, 01 Feb 2023 06:44:57 GMT"}
{"exception":"-","id":"-","method":"GET","url":"/supreme-san-francisco-box-logo-tee-black-1581248766336.jfif","remote-addr":"::1","status":"304","content-length":"-","response-time":"1.240 ms","date":"Wed, 01 Feb 2023 06:44:57 GMT"}
{"exception":"-","id":"-","method":"GET","url":"/off-white-marianna-1581248830797.jfif","remote-addr":"::1","status":"304","content-length":"-","response-time":"1.930 ms","date":"Wed, 01 Feb 2023 06:44:57 GMT"}
{"exception":"-","id":"-","method":"GET","url":"/GitHub-1609999590009.appref-ms","remote-addr":"::1","status":"304","content-length":"-","response-time":"0.489 ms","date":"Wed, 01 Feb 2023 06:44:57 GMT"}
{"exception":"-","id":"-","method":"GET","url":"/BAPE-x-MCM-Camo-Zip-Hoodie-Brown-1581248898688.jpg","remote-addr":"::1","status":"404","content-length":"189","response-time":"1.089 ms","date":"Wed, 01 Feb 2023 06:44:57 GMT"}
{"exception":"-","id":"-","method":"GET","url":"/snapsell-1610007683525.sql","remote-addr":"::1","status":"304","content-length":"-","response-time":"0.776 ms","date":"Wed, 01 Feb 2023 06:44:57 GMT"}
{"exception":"-","id":"9","method":"GET","url":"/search/'%20ORDER%20BY%203--%20-","remote-addr":"::1","status":"200","content-length":"1125","response-time":"7.764 ms","date":"Wed, 01 Feb 2023 06:44:59 GMT"}
{"exception":"-","id":"-","method":"GET","url":"/vlads+-1581252198429.png","remote-addr":"::1","status":"404","content-length":"163","response-time":"0.627 ms","date":"Wed, 01 Feb 2023 06:44:59 GMT"}
{"exception":"-","id":"-","method":"GET","url":"/Discord%20Auto%20Typer-1675233788721.exe","remote-addr":"::1","status":"304","content-length":"-","response-time":"0.732 ms","date":"Wed, 01 Feb 2023 06:44:59 GMT"}
{"exception":"-","id":"-","method":"GET","url":"/blackbadanasupreme-1581253650812.jfif","remote-addr":"::1","status":"304","content-length":"-","response-time":"1.462 ms","date":"Wed, 01 Feb 2023 06:44:59 GMT"}
{"exception":"-","id":"-","method":"GET","url":"/vlad-1581252129491.png","remote-addr":"::1","status":"304","content-length":"-","response-time":"1.576 ms","date":"Wed, 01 Feb 2023 06:44:59 GMT"}
{"exception":"-","id":"-","method":"GET","url":"/Air-Jordan-1-Retro-Low-Travis-Scott-Product-1581251985871.jpg","remote-addr":"::1","status":"304","content-length":"-","response-time":"1.468 ms","date":"Wed, 01 Feb 2023 06:44:59 GMT"}
{"exception":"-","id":"-","method":"GET","url":"/redbadanasupreme-1581253625505.jpg","remote-addr":"::1","status":"304","content-length":"-","response-time":"1.617 ms","date":"Wed, 01 Feb 2023 06:44:59 GMT"}
{"exception":"-","id":"-","method":"GET","url":"/listing/135/","remote-addr":"::1","status":"200","content-length":"177","response-time":"3.106 ms","date":"Wed, 01 Feb 2023 06:45:03 GMT"}
{"exception":"-","id":"-","method":"GET","url":"/Discord%20Auto%20Typer-1675233788721.exe","remote-addr":"::1","status":"304","content-length":"-","response-time":"0.832 ms","date":"Wed, 01 Feb 2023 06:45:03 GMT"}
{"exception":"-","id":"-","method":"GET","url":"/likes/135/","remote-addr":"::1","status":"200","content-length":"27","response-time":"3.039 ms","date":"Wed, 01 Feb 2023 06:45:03 GMT"}
{"exception":"-","id":"-","method":"GET","url":"/listing/undefined/","remote-addr":"::1","status":"200","content-length":"28","response-time":"3.419 ms","date":"Wed, 01 Feb 2023 06:45:11 GMT"}
{"exception":"-","id":"9","method":"GET","url":"/user/listing/","remote-addr":"::1","status":"304","content-length":"-","response-time":"4.295 ms","date":"Wed, 01 Feb 2023 06:45:13 GMT"}
{"exception":"-","id":"-","method":"GET","url":"/50-1581241713214.jpg","remote-addr":"::1","status":"304","content-length":"-","response-time":"0.383 ms","date":"Wed, 01 Feb 2023 06:45:13 GMT"}
{"exception":"-","id":"-","method":"GET","url":"/off-white-marianna-1581248830797.jfif","remote-addr":"::1","status":"304","content-length":"-","response-time":"3.934 ms","date":"Wed, 01 Feb 2023 06:45:13 GMT"}
{"exception":"-","id":"-","method":"GET","url":"/Supreme-20th-Anniversary-Box-Logo-Tee-White-1581241779499.jpg","remote-addr":"::1","status":"304","content-length":"-","response-time":"3.581 ms","date":"Wed, 01 Feb 2023 06:45:13 GMT"}
{"exception":"-","id":"-","method":"GET","url":"/yeezy-boost-350-v2-antlia-lundmark-synth-release-date-price-01-1581241820941.jpg","remote-addr":"::1","status":"304","content-length":"-","response-time":"3.400 ms","date":"Wed, 01 Feb 2023 06:45:13 GMT"}
{"exception":"-","id":"-","method":"GET","url":"/air-jordan-1-dior-release-info-4-1581248498871.jpg","remote-addr":"::1","status":"304","content-length":"-","response-time":"3.343 ms","date":"Wed, 01 Feb 2023 06:45:13 GMT"}
{"exception":"-","id":"-","method":"GET","url":"/supreme-san-francisco-box-logo-tee-black-1581248766336.jfif","remote-addr":"::1","status":"304","content-length":"-","response-time":"2.961 ms","date":"Wed, 01 Feb 2023 06:45:13 GMT"}
{"exception":"-","id":"-","method":"GET","url":"/BAPE-x-MCM-Camo-Zip-Hoodie-Brown-1581248898688.jpg","remote-addr":"::1","status":"404","content-length":"189","response-time":"2.769 ms","date":"Wed, 01 Feb 2023 06:45:13 GMT"}
{"exception":"-","id":"-","method":"GET","url":"/GitHub-1609999590009.appref-ms","remote-addr":"::1","status":"304","content-length":"-","response-time":"0.658 ms","date":"Wed, 01 Feb 2023 06:45:13 GMT"}
{"exception":"-","id":"-","method":"GET","url":"/snapsell-1610007683525.sql","remote-addr":"::1","status":"304","content-length":"-","response-time":"0.309 ms","date":"Wed, 01 Feb 2023 06:45:13 GMT"}
{"exception":"-","id":"9","method":"GET","url":"/user/listing/","remote-addr":"::1","status":"304","content-length":"-","response-time":"4.611 ms","date":"Wed, 01 Feb 2023 06:45:15 GMT"}
{"exception":"-","id":"-","method":"GET","url":"/50-1581241713214.jpg","remote-addr":"::1","status":"304","content-length":"-","response-time":"1.481 ms","date":"Wed, 01 Feb 2023 06:45:15 GMT"}
{"exception":"-","id":"-","method":"GET","url":"/Supreme-20th-Anniversary-Box-Logo-Tee-White-1581241779499.jpg","remote-addr":"::1","status":"304","content-length":"-","response-time":"1.717 ms","date":"Wed, 01 Feb 2023 06:45:15 GMT"}
{"exception":"-","id":"-","method":"GET","url":"/yeezy-boost-350-v2-antlia-lundmark-synth-release-date-price-01-1581241820941.jpg","remote-addr":"::1","status":"304","content-length":"-","response-time":"1.617 ms","date":"Wed, 01 Feb 2023 06:45:15 GMT"}
{"exception":"-","id":"-","method":"GET","url":"/air-jordan-1-dior-release-info-4-1581248498871.jpg","remote-addr":"::1","status":"304","content-length":"-","response-time":"1.687 ms","date":"Wed, 01 Feb 2023 06:45:15 GMT"}
{"exception":"-","id":"-","method":"GET","url":"/supreme-san-francisco-box-logo-tee-black-1581248766336.jfif","remote-addr":"::1","status":"304","content-length":"-","response-time":"0.895 ms","date":"Wed, 01 Feb 2023 06:45:15 GMT"}
{"exception":"-","id":"-","method":"GET","url":"/off-white-marianna-1581248830797.jfif","remote-addr":"::1","status":"304","content-length":"-","response-time":"0.627 ms","date":"Wed, 01 Feb 2023 06:45:15 GMT"}
{"exception":"-","id":"-","method":"GET","url":"/BAPE-x-MCM-Camo-Zip-Hoodie-Brown-1581248898688.jpg","remote-addr":"::1","status":"404","content-length":"189","response-time":"0.954 ms","date":"Wed, 01 Feb 2023 06:45:15 GMT"}
{"exception":"-","id":"-","method":"GET","url":"/GitHub-1609999590009.appref-ms","remote-addr":"::1","status":"304","content-length":"-","response-time":"0.893 ms","date":"Wed, 01 Feb 2023 06:45:15 GMT"}
{"exception":"-","id":"-","method":"GET","url":"/snapsell-1610007683525.sql","remote-addr":"::1","status":"304","content-length":"-","response-time":"0.678 ms","date":"Wed, 01 Feb 2023 06:45:15 GMT"}
{"exception":"-","id":"9","method":"GET","url":"/search/'%20ORDER%20BY%203--%20-","remote-addr":"::1","status":"304","content-length":"-","response-time":"4.554 ms","date":"Wed, 01 Feb 2023 06:45:18 GMT"}
{"exception":"-","id":"-","method":"GET","url":"/Discord%20Auto%20Typer-1675233788721.exe","remote-addr":"::1","status":"304","content-length":"-","response-time":"1.175 ms","date":"Wed, 01 Feb 2023 06:45:18 GMT"}
{"exception":"-","id":"-","method":"GET","url":"/vlads+-1581252198429.png","remote-addr":"::1","status":"404","content-length":"163","response-time":"2.067 ms","date":"Wed, 01 Feb 2023 06:45:18 GMT"}
{"exception":"-","id":"-","method":"GET","url":"/vlad-1581252129491.png","remote-addr":"::1","status":"304","content-length":"-","response-time":"1.802 ms","date":"Wed, 01 Feb 2023 06:45:18 GMT"}
{"exception":"-","id":"-","method":"GET","url":"/Air-Jordan-1-Retro-Low-Travis-Scott-Product-1581251985871.jpg","remote-addr":"::1","status":"304","content-length":"-","response-time":"0.741 ms","date":"Wed, 01 Feb 2023 06:45:18 GMT"}
{"exception":"-","id":"-","method":"GET","url":"/redbadanasupreme-1581253625505.jpg","remote-addr":"::1","status":"304","content-length":"-","response-time":"0.523 ms","date":"Wed, 01 Feb 2023 06:45:18 GMT"}
{"exception":"-","id":"-","method":"GET","url":"/blackbadanasupreme-1581253650812.jfif","remote-addr":"::1","status":"304","content-length":"-","response-time":"0.760 ms","date":"Wed, 01 Feb 2023 06:45:18 GMT"}
{"exception":"-","id":"-","method":"GET","url":"/listing/135/","remote-addr":"::1","status":"304","content-length":"-","response-time":"5.385 ms","date":"Wed, 01 Feb 2023 06:45:21 GMT"}
{"exception":"-","id":"-","method":"GET","url":"/Discord%20Auto%20Typer-1675233788721.exe","remote-addr":"::1","status":"304","content-length":"-","response-time":"0.641 ms","date":"Wed, 01 Feb 2023 06:45:21 GMT"}
{"exception":"-","id":"-","method":"GET","url":"/likes/135/","remote-addr":"::1","status":"304","content-length":"-","response-time":"4.618 ms","date":"Wed, 01 Feb 2023 06:45:21 GMT"}
{"exception":"-","id":"9","method":"GET","url":"/user/listing/","remote-addr":"::1","status":"304","content-length":"-","response-time":"5.189 ms","date":"Wed, 01 Feb 2023 06:45:23 GMT"}
{"exception":"-","id":"-","method":"GET","url":"/50-1581241713214.jpg","remote-addr":"::1","status":"304","content-length":"-","response-time":"0.612 ms","date":"Wed, 01 Feb 2023 06:45:23 GMT"}
{"exception":"-","id":"-","method":"GET","url":"/Supreme-20th-Anniversary-Box-Logo-Tee-White-1581241779499.jpg","remote-addr":"::1","status":"304","content-length":"-","response-time":"1.950 ms","date":"Wed, 01 Feb 2023 06:45:23 GMT"}
{"exception":"-","id":"-","method":"GET","url":"/yeezy-boost-350-v2-antlia-lundmark-synth-release-date-price-01-1581241820941.jpg","remote-addr":"::1","status":"304","content-length":"-","response-time":"1.367 ms","date":"Wed, 01 Feb 2023 06:45:23 GMT"}
{"exception":"-","id":"-","method":"GET","url":"/air-jordan-1-dior-release-info-4-1581248498871.jpg","remote-addr":"::1","status":"304","content-length":"-","response-time":"1.649 ms","date":"Wed, 01 Feb 2023 06:45:23 GMT"}
{"exception":"-","id":"-","method":"GET","url":"/supreme-san-francisco-box-logo-tee-black-1581248766336.jfif","remote-addr":"::1","status":"304","content-length":"-","response-time":"3.332 ms","date":"Wed, 01 Feb 2023 06:45:23 GMT"}
{"exception":"-","id":"-","method":"GET","url":"/off-white-marianna-1581248830797.jfif","remote-addr":"::1","status":"304","content-length":"-","response-time":"1.008 ms","date":"Wed, 01 Feb 2023 06:45:23 GMT"}
{"exception":"-","id":"-","method":"GET","url":"/BAPE-x-MCM-Camo-Zip-Hoodie-Brown-1581248898688.jpg","remote-addr":"::1","status":"404","content-length":"189","response-time":"0.538 ms","date":"Wed, 01 Feb 2023 06:45:23 GMT"}
{"exception":"-","id":"-","method":"GET","url":"/GitHub-1609999590009.appref-ms","remote-addr":"::1","status":"304","content-length":"-","response-time":"0.392 ms","date":"Wed, 01 Feb 2023 06:45:23 GMT"}
{"exception":"-","id":"-","method":"GET","url":"/snapsell-1610007683525.sql","remote-addr":"::1","status":"304","content-length":"-","response-time":"0.730 ms","date":"Wed, 01 Feb 2023 06:45:23 GMT"}
{"exception":"-","id":"9","method":"GET","url":"/user/listing/","remote-addr":"::1","status":"304","content-length":"-","response-time":"3.961 ms","date":"Wed, 01 Feb 2023 06:45:25 GMT"}
{"exception":"-","id":"-","method":"GET","url":"/50-1581241713214.jpg","remote-addr":"::1","status":"304","content-length":"-","response-time":"1.173 ms","date":"Wed, 01 Feb 2023 06:45:25 GMT"}
{"exception":"-","id":"-","method":"GET","url":"/Supreme-20th-Anniversary-Box-Logo-Tee-White-1581241779499.jpg","remote-addr":"::1","status":"304","content-length":"-","response-time":"1.262 ms","date":"Wed, 01 Feb 2023 06:45:25 GMT"}
{"exception":"-","id":"-","method":"GET","url":"/yeezy-boost-350-v2-antlia-lundmark-synth-release-date-price-01-1581241820941.jpg","remote-addr":"::1","status":"304","content-length":"-","response-time":"1.300 ms","date":"Wed, 01 Feb 2023 06:45:25 GMT"}
{"exception":"-","id":"-","method":"GET","url":"/air-jordan-1-dior-release-info-4-1581248498871.jpg","remote-addr":"::1","status":"304","content-length":"-","response-time":"1.306 ms","date":"Wed, 01 Feb 2023 06:45:25 GMT"}
{"exception":"-","id":"-","method":"GET","url":"/supreme-san-francisco-box-logo-tee-black-1581248766336.jfif","remote-addr":"::1","status":"304","content-length":"-","response-time":"1.323 ms","date":"Wed, 01 Feb 2023 06:45:25 GMT"}
{"exception":"-","id":"-","method":"GET","url":"/off-white-marianna-1581248830797.jfif","remote-addr":"::1","status":"304","content-length":"-","response-time":"1.383 ms","date":"Wed, 01 Feb 2023 06:45:25 GMT"}
{"exception":"-","id":"-","method":"GET","url":"/BAPE-x-MCM-Camo-Zip-Hoodie-Brown-1581248898688.jpg","remote-addr":"::1","status":"404","content-length":"189","response-time":"0.412 ms","date":"Wed, 01 Feb 2023 06:45:25 GMT"}
{"exception":"-","id":"-","method":"GET","url":"/GitHub-1609999590009.appref-ms","remote-addr":"::1","status":"304","content-length":"-","response-time":"0.588 ms","date":"Wed, 01 Feb 2023 06:45:25 GMT"}
{"exception":"-","id":"-","method":"GET","url":"/snapsell-1610007683525.sql","remote-addr":"::1","status":"304","content-length":"-","response-time":"0.811 ms","date":"Wed, 01 Feb 2023 06:45:25 GMT"}
{"exception":"-","id":"9","method":"GET","url":"/user/listing/","remote-addr":"::1","status":"304","content-length":"-","response-time":"3.771 ms","date":"Wed, 01 Feb 2023 06:45:28 GMT"}
{"exception":"-","id":"-","method":"GET","url":"/50-1581241713214.jpg","remote-addr":"::1","status":"304","content-length":"-","response-time":"1.385 ms","date":"Wed, 01 Feb 2023 06:45:28 GMT"}
{"exception":"-","id":"-","method":"GET","url":"/Supreme-20th-Anniversary-Box-Logo-Tee-White-1581241779499.jpg","remote-addr":"::1","status":"304","content-length":"-","response-time":"1.039 ms","date":"Wed, 01 Feb 2023 06:45:28 GMT"}
{"exception":"-","id":"-","method":"GET","url":"/yeezy-boost-350-v2-antlia-lundmark-synth-release-date-price-01-1581241820941.jpg","remote-addr":"::1","status":"304","content-length":"-","response-time":"1.035 ms","date":"Wed, 01 Feb 2023 06:45:28 GMT"}
{"exception":"-","id":"-","method":"GET","url":"/air-jordan-1-dior-release-info-4-1581248498871.jpg","remote-addr":"::1","status":"304","content-length":"-","response-time":"1.033 ms","date":"Wed, 01 Feb 2023 06:45:28 GMT"}
{"exception":"-","id":"-","method":"GET","url":"/supreme-san-francisco-box-logo-tee-black-1581248766336.jfif","remote-addr":"::1","status":"304","content-length":"-","response-time":"1.451 ms","date":"Wed, 01 Feb 2023 06:45:28 GMT"}
{"exception":"-","id":"-","method":"GET","url":"/off-white-marianna-1581248830797.jfif","remote-addr":"::1","status":"304","content-length":"-","response-time":"0.537 ms","date":"Wed, 01 Feb 2023 06:45:28 GMT"}
{"exception":"-","id":"-","method":"GET","url":"/BAPE-x-MCM-Camo-Zip-Hoodie-Brown-1581248898688.jpg","remote-addr":"::1","status":"404","content-length":"189","response-time":"1.042 ms","date":"Wed, 01 Feb 2023 06:45:28 GMT"}
{"exception":"-","id":"-","method":"GET","url":"/GitHub-1609999590009.appref-ms","remote-addr":"::1","status":"304","content-length":"-","response-time":"0.898 ms","date":"Wed, 01 Feb 2023 06:45:28 GMT"}
{"exception":"-","id":"-","method":"GET","url":"/snapsell-1610007683525.sql","remote-addr":"::1","status":"304","content-length":"-","response-time":"0.420 ms","date":"Wed, 01 Feb 2023 06:45:28 GMT"}
{"exception":"-","id":"9","method":"GET","url":"/user/listing/","remote-addr":"::1","status":"304","content-length":"-","response-time":"3.877 ms","date":"Wed, 01 Feb 2023 06:45:29 GMT"}
{"exception":"-","id":"-","method":"GET","url":"/50-1581241713214.jpg","remote-addr":"::1","status":"304","content-length":"-","response-time":"0.843 ms","date":"Wed, 01 Feb 2023 06:45:29 GMT"}
{"exception":"-","id":"-","method":"GET","url":"/Supreme-20th-Anniversary-Box-Logo-Tee-White-1581241779499.jpg","remote-addr":"::1","status":"304","content-length":"-","response-time":"5.521 ms","date":"Wed, 01 Feb 2023 06:45:29 GMT"}
{"exception":"-","id":"-","method":"GET","url":"/yeezy-boost-350-v2-antlia-lundmark-synth-release-date-price-01-1581241820941.jpg","remote-addr":"::1","status":"304","content-length":"-","response-time":"6.268 ms","date":"Wed, 01 Feb 2023 06:45:29 GMT"}
{"exception":"-","id":"-","method":"GET","url":"/air-jordan-1-dior-release-info-4-1581248498871.jpg","remote-addr":"::1","status":"304","content-length":"-","response-time":"8.402 ms","date":"Wed, 01 Feb 2023 06:45:29 GMT"}
{"exception":"-","id":"-","method":"GET","url":"/supreme-san-francisco-box-logo-tee-black-1581248766336.jfif","remote-addr":"::1","status":"304","content-length":"-","response-time":"2.708 ms","date":"Wed, 01 Feb 2023 06:45:29 GMT"}
{"exception":"-","id":"-","method":"GET","url":"/off-white-marianna-1581248830797.jfif","remote-addr":"::1","status":"304","content-length":"-","response-time":"3.635 ms","date":"Wed, 01 Feb 2023 06:45:29 GMT"}
{"exception":"-","id":"-","method":"GET","url":"/BAPE-x-MCM-Camo-Zip-Hoodie-Brown-1581248898688.jpg","remote-addr":"::1","status":"404","content-length":"189","response-time":"2.184 ms","date":"Wed, 01 Feb 2023 06:45:29 GMT"}
{"exception":"-","id":"-","method":"GET","url":"/GitHub-1609999590009.appref-ms","remote-addr":"::1","status":"304","content-length":"-","response-time":"0.852 ms","date":"Wed, 01 Feb 2023 06:45:29 GMT"}
{"exception":"-","id":"-","method":"GET","url":"/snapsell-1610007683525.sql","remote-addr":"::1","status":"304","content-length":"-","response-time":"0.531 ms","date":"Wed, 01 Feb 2023 06:45:29 GMT"}
{"exception":"-","id":"9","method":"GET","url":"/user/listing/","remote-addr":"::1","status":"304","content-length":"-","response-time":"4.142 ms","date":"Wed, 01 Feb 2023 06:45:35 GMT"}
{"exception":"-","id":"-","method":"GET","url":"/50-1581241713214.jpg","remote-addr":"::1","status":"304","content-length":"-","response-time":"2.644 ms","date":"Wed, 01 Feb 2023 06:45:35 GMT"}
{"exception":"-","id":"-","method":"GET","url":"/off-white-marianna-1581248830797.jfif","remote-addr":"::1","status":"304","content-length":"-","response-time":"2.360 ms","date":"Wed, 01 Feb 2023 06:45:35 GMT"}
{"exception":"-","id":"-","method":"GET","url":"/Supreme-20th-Anniversary-Box-Logo-Tee-White-1581241779499.jpg","remote-addr":"::1","status":"304","content-length":"-","response-time":"2.534 ms","date":"Wed, 01 Feb 2023 06:45:35 GMT"}
{"exception":"-","id":"-","method":"GET","url":"/yeezy-boost-350-v2-antlia-lundmark-synth-release-date-price-01-1581241820941.jpg","remote-addr":"::1","status":"304","content-length":"-","response-time":"2.718 ms","date":"Wed, 01 Feb 2023 06:45:35 GMT"}
{"exception":"-","id":"-","method":"GET","url":"/air-jordan-1-dior-release-info-4-1581248498871.jpg","remote-addr":"::1","status":"304","content-length":"-","response-time":"2.680 ms","date":"Wed, 01 Feb 2023 06:45:35 GMT"}
{"exception":"-","id":"-","method":"GET","url":"/supreme-san-francisco-box-logo-tee-black-1581248766336.jfif","remote-addr":"::1","status":"304","content-length":"-","response-time":"3.431 ms","date":"Wed, 01 Feb 2023 06:45:35 GMT"}
{"exception":"-","id":"-","method":"GET","url":"/BAPE-x-MCM-Camo-Zip-Hoodie-Brown-1581248898688.jpg","remote-addr":"::1","status":"404","content-length":"189","response-time":"0.590 ms","date":"Wed, 01 Feb 2023 06:45:35 GMT"}
{"exception":"-","id":"-","method":"GET","url":"/GitHub-1609999590009.appref-ms","remote-addr":"::1","status":"304","content-length":"-","response-time":"0.845 ms","date":"Wed, 01 Feb 2023 06:45:35 GMT"}
{"exception":"-","id":"-","method":"GET","url":"/snapsell-1610007683525.sql","remote-addr":"::1","status":"304","content-length":"-","response-time":"1.062 ms","date":"Wed, 01 Feb 2023 06:45:35 GMT"}
{"exception":"-","id":"9","method":"GET","url":"/offer/status/","remote-addr":"::1","status":"201","content-length":"293","response-time":"4.388 ms","date":"Wed, 01 Feb 2023 06:45:37 GMT"}
{"exception":"-","id":"9","method":"GET","url":"/offer/","remote-addr":"::1","status":"201","content-length":"28","response-time":"4.445 ms","date":"Wed, 01 Feb 2023 06:45:37 GMT"}
{"exception":"-","id":"9","method":"GET","url":"/search/'%20ORDER%20BY%203--%20-","remote-addr":"::1","status":"304","content-length":"-","response-time":"6.547 ms","date":"Wed, 01 Feb 2023 06:45:40 GMT"}
{"exception":"-","id":"-","method":"GET","url":"/vlads+-1581252198429.png","remote-addr":"::1","status":"404","content-length":"163","response-time":"0.625 ms","date":"Wed, 01 Feb 2023 06:45:40 GMT"}
{"exception":"-","id":"-","method":"GET","url":"/Discord%20Auto%20Typer-1675233788721.exe","remote-addr":"::1","status":"304","content-length":"-","response-time":"2.926 ms","date":"Wed, 01 Feb 2023 06:45:40 GMT"}
{"exception":"-","id":"-","method":"GET","url":"/vlad-1581252129491.png","remote-addr":"::1","status":"304","content-length":"-","response-time":"2.482 ms","date":"Wed, 01 Feb 2023 06:45:40 GMT"}
{"exception":"-","id":"-","method":"GET","url":"/Air-Jordan-1-Retro-Low-Travis-Scott-Product-1581251985871.jpg","remote-addr":"::1","status":"304","content-length":"-","response-time":"3.991 ms","date":"Wed, 01 Feb 2023 06:45:40 GMT"}
{"exception":"-","id":"-","method":"GET","url":"/redbadanasupreme-1581253625505.jpg","remote-addr":"::1","status":"304","content-length":"-","response-time":"4.359 ms","date":"Wed, 01 Feb 2023 06:45:40 GMT"}
{"exception":"-","id":"-","method":"GET","url":"/blackbadanasupreme-1581253650812.jfif","remote-addr":"::1","status":"304","content-length":"-","response-time":"5.000 ms","date":"Wed, 01 Feb 2023 06:45:40 GMT"}
{"exception":"-","id":"9","method":"GET","url":"/user/listing/","remote-addr":"::1","status":"304","content-length":"-","response-time":"3.172 ms","date":"Wed, 01 Feb 2023 06:45:43 GMT"}
{"exception":"-","id":"-","method":"GET","url":"/50-1581241713214.jpg","remote-addr":"::1","status":"304","content-length":"-","response-time":"2.573 ms","date":"Wed, 01 Feb 2023 06:45:43 GMT"}
{"exception":"-","id":"-","method":"GET","url":"/Supreme-20th-Anniversary-Box-Logo-Tee-White-1581241779499.jpg","remote-addr":"::1","status":"304","content-length":"-","response-time":"1.815 ms","date":"Wed, 01 Feb 2023 06:45:43 GMT"}
{"exception":"-","id":"-","method":"GET","url":"/yeezy-boost-350-v2-antlia-lundmark-synth-release-date-price-01-1581241820941.jpg","remote-addr":"::1","status":"304","content-length":"-","response-time":"1.560 ms","date":"Wed, 01 Feb 2023 06:45:43 GMT"}
{"exception":"-","id":"-","method":"GET","url":"/air-jordan-1-dior-release-info-4-1581248498871.jpg","remote-addr":"::1","status":"304","content-length":"-","response-time":"1.393 ms","date":"Wed, 01 Feb 2023 06:45:43 GMT"}
{"exception":"-","id":"-","method":"GET","url":"/supreme-san-francisco-box-logo-tee-black-1581248766336.jfif","remote-addr":"::1","status":"304","content-length":"-","response-time":"1.279 ms","date":"Wed, 01 Feb 2023 06:45:43 GMT"}
{"exception":"-","id":"-","method":"GET","url":"/off-white-marianna-1581248830797.jfif","remote-addr":"::1","status":"304","content-length":"-","response-time":"0.295 ms","date":"Wed, 01 Feb 2023 06:45:43 GMT"}
{"exception":"-","id":"-","method":"GET","url":"/BAPE-x-MCM-Camo-Zip-Hoodie-Brown-1581248898688.jpg","remote-addr":"::1","status":"404","content-length":"189","response-time":"0.495 ms","date":"Wed, 01 Feb 2023 06:45:43 GMT"}
{"exception":"-","id":"-","method":"GET","url":"/GitHub-1609999590009.appref-ms","remote-addr":"::1","status":"304","content-length":"-","response-time":"1.004 ms","date":"Wed, 01 Feb 2023 06:45:43 GMT"}
{"exception":"-","id":"-","method":"GET","url":"/snapsell-1610007683525.sql","remote-addr":"::1","status":"304","content-length":"-","response-time":"0.848 ms","date":"Wed, 01 Feb 2023 06:45:43 GMT"}
{"exception":"-","id":"9","method":"GET","url":"/search/'%20ORDER%20BY%203--%20-","remote-addr":"::1","status":"304","content-length":"-","response-time":"2.722 ms","date":"Wed, 01 Feb 2023 06:46:18 GMT"}
{"exception":"-","id":"-","method":"GET","url":"/vlad-1581252129491.png","remote-addr":"::1","status":"304","content-length":"-","response-time":"1.331 ms","date":"Wed, 01 Feb 2023 06:46:18 GMT"}
{"exception":"-","id":"-","method":"GET","url":"/Air-Jordan-1-Retro-Low-Travis-Scott-Product-1581251985871.jpg","remote-addr":"::1","status":"304","content-length":"-","response-time":"0.653 ms","date":"Wed, 01 Feb 2023 06:46:18 GMT"}
{"exception":"-","id":"-","method":"GET","url":"/redbadanasupreme-1581253625505.jpg","remote-addr":"::1","status":"304","content-length":"-","response-time":"0.769 ms","date":"Wed, 01 Feb 2023 06:46:18 GMT"}
{"exception":"-","id":"-","method":"GET","url":"/blackbadanasupreme-1581253650812.jfif","remote-addr":"::1","status":"304","content-length":"-","response-time":"0.909 ms","date":"Wed, 01 Feb 2023 06:46:18 GMT"}
{"exception":"-","id":"-","method":"GET","url":"/vlads+-1581252198429.png","remote-addr":"::1","status":"404","content-length":"163","response-time":"3.087 ms","date":"Wed, 01 Feb 2023 06:46:18 GMT"}
{"exception":"-","id":"-","method":"GET","url":"/Discord%20Auto%20Typer-1675233788721.exe","remote-addr":"::1","status":"304","content-length":"-","response-time":"2.942 ms","date":"Wed, 01 Feb 2023 06:46:18 GMT"}
{"exception":"-","id":"-","method":"GET","url":"/listing/135/","remote-addr":"::1","status":"304","content-length":"-","response-time":"6.317 ms","date":"Wed, 01 Feb 2023 06:46:23 GMT"}
{"exception":"-","id":"-","method":"GET","url":"/Discord%20Auto%20Typer-1675233788721.exe","remote-addr":"::1","status":"304","content-length":"-","response-time":"0.625 ms","date":"Wed, 01 Feb 2023 06:46:23 GMT"}
{"exception":"-","id":"-","method":"GET","url":"/likes/135/","remote-addr":"::1","status":"304","content-length":"-","response-time":"5.840 ms","date":"Wed, 01 Feb 2023 06:46:23 GMT"}
{"exception":"-","id":"9","method":"POST","url":"/offer/","remote-addr":"::1","status":"201","content-length":"16","response-time":"4.850 ms","date":"Wed, 01 Feb 2023 06:46:26 GMT"}
{"exception":"-","id":"-","method":"GET","url":"/listing/135/","remote-addr":"::1","status":"304","content-length":"-","response-time":"3.028 ms","date":"Wed, 01 Feb 2023 06:46:28 GMT"}
{"exception":"-","id":"-","method":"GET","url":"/Discord%20Auto%20Typer-1675233788721.exe","remote-addr":"::1","status":"304","content-length":"-","response-time":"2.022 ms","date":"Wed, 01 Feb 2023 06:46:28 GMT"}
{"exception":"-","id":"-","method":"GET","url":"/likes/135/","remote-addr":"::1","status":"304","content-length":"-","response-time":"4.412 ms","date":"Wed, 01 Feb 2023 06:46:28 GMT"}
{"exception":"-","id":"9","method":"GET","url":"/likeorunlike/135/","remote-addr":"::1","status":"201","content-length":"33","response-time":"5.235 ms","date":"Wed, 01 Feb 2023 06:46:29 GMT"}
{"exception":"-","id":"-","method":"GET","url":"/listing/135/","remote-addr":"::1","status":"304","content-length":"-","response-time":"2.894 ms","date":"Wed, 01 Feb 2023 06:46:29 GMT"}
{"exception":"-","id":"-","method":"GET","url":"/Discord%20Auto%20Typer-1675233788721.exe","remote-addr":"::1","status":"304","content-length":"-","response-time":"0.643 ms","date":"Wed, 01 Feb 2023 06:46:30 GMT"}
{"exception":"-","id":"-","method":"GET","url":"/likes/135/","remote-addr":"::1","status":"200","content-length":"27","response-time":"2.663 ms","date":"Wed, 01 Feb 2023 06:46:30 GMT"}
{"exception":"-","id":"9","method":"GET","url":"/likeorunlike/135/","remote-addr":"::1","status":"200","content-length":"35","response-time":"5.632 ms","date":"Wed, 01 Feb 2023 06:46:31 GMT"}
{"exception":"-","id":"-","method":"GET","url":"/listing/135/","remote-addr":"::1","status":"304","content-length":"-","response-time":"4.146 ms","date":"Wed, 01 Feb 2023 06:46:31 GMT"}
{"exception":"-","id":"-","method":"GET","url":"/Discord%20Auto%20Typer-1675233788721.exe","remote-addr":"::1","status":"304","content-length":"-","response-time":"0.597 ms","date":"Wed, 01 Feb 2023 06:46:31 GMT"}
{"exception":"-","id":"-","method":"GET","url":"/likes/135/","remote-addr":"::1","status":"200","content-length":"27","response-time":"3.095 ms","date":"Wed, 01 Feb 2023 06:46:31 GMT"}
{"exception":"-","id":"9","method":"GET","url":"/likeorunlike/135/","remote-addr":"::1","status":"201","content-length":"33","response-time":"5.192 ms","date":"Wed, 01 Feb 2023 06:46:31 GMT"}
{"exception":"-","id":"-","method":"GET","url":"/listing/135/","remote-addr":"::1","status":"304","content-length":"-","response-time":"4.959 ms","date":"Wed, 01 Feb 2023 06:46:31 GMT"}
{"exception":"-","id":"-","method":"GET","url":"/Discord%20Auto%20Typer-1675233788721.exe","remote-addr":"::1","status":"304","content-length":"-","response-time":"0.850 ms","date":"Wed, 01 Feb 2023 06:46:31 GMT"}
{"exception":"-","id":"-","method":"GET","url":"/likes/135/","remote-addr":"::1","status":"200","content-length":"27","response-time":"4.320 ms","date":"Wed, 01 Feb 2023 06:46:31 GMT"}
{"exception":"-","id":"9","method":"GET","url":"/offer/","remote-addr":"::1","status":"201","content-length":"28","response-time":"2.956 ms","date":"Wed, 01 Feb 2023 06:46:34 GMT"}
{"exception":"-","id":"9","method":"GET","url":"/offer/status/","remote-addr":"::1","status":"201","content-length":"293","response-time":"3.107 ms","date":"Wed, 01 Feb 2023 06:46:34 GMT"}
{"exception":"-","id":"-","method":"POST","url":"/user/logout","remote-addr":"::1","status":"200","content-length":"47","response-time":"0.392 ms","date":"Wed, 01 Feb 2023 06:46:37 GMT"}
{"exception":"-","id":"-","method":"POST","url":"/user/login","remote-addr":"::1","status":"201","content-length":"413","response-time":"71.605 ms","date":"Wed, 01 Feb 2023 06:46:42 GMT"}
{"exception":"-","id":"14","method":"GET","url":"/user/listing/","remote-addr":"::1","status":"200","content-length":"131","response-time":"6.277 ms","date":"Wed, 01 Feb 2023 06:46:42 GMT"}
{"exception":"-","id":"-","method":"GET","url":"/Discord%20Auto%20Typer-1675233788721.exe","remote-addr":"::1","status":"304","content-length":"-","response-time":"0.591 ms","date":"Wed, 01 Feb 2023 06:46:42 GMT"}
{"exception":"-","id":"-","method":"GET","url":"/listing/135/","remote-addr":"::1","status":"304","content-length":"-","response-time":"5.760 ms","date":"Wed, 01 Feb 2023 06:46:44 GMT"}
{"exception":"-","id":"-","method":"GET","url":"/Discord%20Auto%20Typer-1675233788721.exe","remote-addr":"::1","status":"304","content-length":"-","response-time":"0.392 ms","date":"Wed, 01 Feb 2023 06:46:44 GMT"}
{"exception":"-","id":"-","method":"GET","url":"/likes/135/","remote-addr":"::1","status":"304","content-length":"-","response-time":"3.571 ms","date":"Wed, 01 Feb 2023 06:46:44 GMT"}
{"exception":"-","id":"14","method":"GET","url":"/offer/","remote-addr":"::1","status":"201","content-length":"85","response-time":"7.378 ms","date":"Wed, 01 Feb 2023 06:46:46 GMT"}
{"exception":"-","id":"14","method":"GET","url":"/offer/status/","remote-addr":"::1","status":"201","content-length":"28","response-time":"6.926 ms","date":"Wed, 01 Feb 2023 06:46:46 GMT"}
{"exception":"-","id":"14","method":"GET","url":"/offer/status/","remote-addr":"::1","status":"201","content-length":"28","response-time":"2.248 ms","date":"Wed, 01 Feb 2023 06:46:49 GMT"}
{"exception":"-","id":"14","method":"GET","url":"/offer/","remote-addr":"::1","status":"201","content-length":"85","response-time":"5.486 ms","date":"Wed, 01 Feb 2023 06:46:49 GMT"}
{"exception":"-","id":"-","method":"POST","url":"/offer/decision/","remote-addr":"::1","status":"201","content-length":"16","response-time":"4.198 ms","date":"Wed, 01 Feb 2023 06:46:49 GMT"}
{"exception":"-","id":"14","method":"GET","url":"/offer/status/","remote-addr":"::1","status":"201","content-length":"28","response-time":"6.131 ms","date":"Wed, 01 Feb 2023 06:46:50 GMT"}
{"exception":"-","id":"14","method":"GET","url":"/offer/","remote-addr":"::1","status":"201","content-length":"28","response-time":"13.357 ms","date":"Wed, 01 Feb 2023 06:46:50 GMT"}
{"exception":"-","id":"14","method":"GET","url":"/user/listing/","remote-addr":"::1","status":"304","content-length":"-","response-time":"4.833 ms","date":"Wed, 01 Feb 2023 06:46:52 GMT"}
{"exception":"-","id":"-","method":"GET","url":"/Discord%20Auto%20Typer-1675233788721.exe","remote-addr":"::1","status":"304","content-length":"-","response-time":"0.582 ms","date":"Wed, 01 Feb 2023 06:46:52 GMT"}
{"exception":"-","id":"-","method":"GET","url":"/listing/135/","remote-addr":"::1","status":"304","content-length":"-","response-time":"6.917 ms","date":"Wed, 01 Feb 2023 06:46:54 GMT"}
{"exception":"-","id":"-","method":"GET","url":"/Discord%20Auto%20Typer-1675233788721.exe","remote-addr":"::1","status":"304","content-length":"-","response-time":"2.913 ms","date":"Wed, 01 Feb 2023 06:46:54 GMT"}
{"exception":"-","id":"-","method":"GET","url":"/likes/135/","remote-addr":"::1","status":"304","content-length":"-","response-time":"5.094 ms","date":"Wed, 01 Feb 2023 06:46:54 GMT"}
{"exception":"-","id":"-","method":"GET","url":"/Discord%20Auto%20Typer-1675233788721.exe","remote-addr":"::1","status":"304","content-length":"-","response-time":"1.506 ms","date":"Wed, 01 Feb 2023 06:47:31 GMT"}
{"exception":"-","id":"-","method":"GET","url":"/listing/135/","remote-addr":"::1","status":"304","content-length":"-","response-time":"4.271 ms","date":"Wed, 01 Feb 2023 06:49:20 GMT"}
{"exception":"-","id":"-","method":"GET","url":"/Discord%20Auto%20Typer-1675233788721.exe","remote-addr":"::1","status":"304","content-length":"-","response-time":"0.724 ms","date":"Wed, 01 Feb 2023 06:49:20 GMT"}
{"exception":"-","id":"-","method":"GET","url":"/likes/135/","remote-addr":"::1","status":"304","content-length":"-","response-time":"3.607 ms","date":"Wed, 01 Feb 2023 06:49:20 GMT"}
{"exception":"-","id":"14","method":"GET","url":"/user/listing/","remote-addr":"::1","status":"304","content-length":"-","response-time":"4.439 ms","date":"Wed, 01 Feb 2023 06:49:23 GMT"}
{"exception":"-","id":"-","method":"GET","url":"/Discord%20Auto%20Typer-1675233788721.exe","remote-addr":"::1","status":"304","content-length":"-","response-time":"0.632 ms","date":"Wed, 01 Feb 2023 06:49:23 GMT"}
{"exception":"-","id":"-","method":"POST","url":"/user/login","remote-addr":"::1","status":"201","content-length":"413","response-time":"179.637 ms","date":"Wed, 01 Feb 2023 06:55:24 GMT"}
{"exception":"-","id":"14","method":"GET","url":"/user/listing/","remote-addr":"::1","status":"304","content-length":"-","response-time":"10.953 ms","date":"Wed, 01 Feb 2023 06:55:25 GMT"}
{"exception":"-","id":"-","method":"GET","url":"/Discord%20Auto%20Typer-1675233788721.exe","remote-addr":"::1","status":"304","content-length":"-","response-time":"2.530 ms","date":"Wed, 01 Feb 2023 06:55:25 GMT"}
{"exception":"-","id":"14","method":"POST","url":"/listing/","remote-addr":"::1","status":"201","content-length":"25","response-time":"6.840 ms","date":"Wed, 01 Feb 2023 06:55:54 GMT"}
{"exception":"-","id":"14","method":"POST","url":"/listing/","remote-addr":"::1","status":"201","content-length":"25","response-time":"93.339 ms","date":"Wed, 01 Feb 2023 06:56:29 GMT"}
{"exception":"-","id":"14","method":"POST","url":"/listing/","remote-addr":"::1","status":"201","content-length":"25","response-time":"78.807 ms","date":"Wed, 01 Feb 2023 06:58:59 GMT"}
{"exception":"-","id":"-","method":"POST","url":"/images/139/","remote-addr":"::1","status":"201","content-length":"16","response-time":"10.900 ms","date":"Wed, 01 Feb 2023 06:58:59 GMT"}
{"exception":"-","id":"14","method":"GET","url":"/user/listing/","remote-addr":"::1","status":"200","content-length":"230","response-time":"6.417 ms","date":"Wed, 01 Feb 2023 06:59:01 GMT"}
{"exception":"-","id":"-","method":"GET","url":"/Discord%20Auto%20Typer-1675233788721.exe","remote-addr":"::1","status":"304","content-length":"-","response-time":"1.493 ms","date":"Wed, 01 Feb 2023 06:59:01 GMT"}
{"exception":"-","id":"-","method":"GET","url":"/Orange%20Glow%20Block-1675234739812.png","remote-addr":"::1","status":"200","content-length":"2553","response-time":"3.904 ms","date":"Wed, 01 Feb 2023 06:59:01 GMT"}
