{"exception":"-","id":"12","method":"GET","url":"/search/1'%20or%201=1;--%20-","remote-addr":"::1","status":"304","content-length":"-","response-time":"6.287 ms","date":"Sat, 14 Jan 2023 11:40:39 GMT"}
{"exception":"-","id":"-","method":"GET","url":"/blackbadanasupreme-1581253650812.jfif","remote-addr":"::1","status":"304","content-length":"-","response-time":"0.695 ms","date":"Sat, 14 Jan 2023 11:40:39 GMT"}
{"exception":"-","id":"-","method":"GET","url":"/redbadanasupreme-1581253625505.jpg","remote-addr":"::1","status":"304","content-length":"-","response-time":"0.522 ms","date":"Sat, 14 Jan 2023 11:40:39 GMT"}
{"exception":"-","id":"-","method":"GET","url":"/crewneckashgrey-1581253492700.jfif","remote-addr":"::1","status":"304","content-length":"-","response-time":"0.411 ms","date":"Sat, 14 Jan 2023 11:40:39 GMT"}
{"exception":"-","id":"-","method":"GET","url":"/snapsell-1610007683525.sql","remote-addr":"::1","status":"304","content-length":"-","response-time":"0.680 ms","date":"Sat, 14 Jan 2023 11:40:39 GMT"}
{"exception":"-","id":"-","method":"GET","url":"/vlads+-1581252198429.png","remote-addr":"::1","status":"404","content-length":"163","response-time":"0.964 ms","date":"Sat, 14 Jan 2023 11:40:39 GMT"}
{"exception":"-","id":"-","method":"GET","url":"/GitHub-1609999590009.appref-ms","remote-addr":"::1","status":"304","content-length":"-","response-time":"0.573 ms","date":"Sat, 14 Jan 2023 11:40:39 GMT"}
{"exception":"-","id":"-","method":"GET","url":"/listing/20/","remote-addr":"::1","status":"304","content-length":"-","response-time":"3.277 ms","date":"Sat, 14 Jan 2023 11:40:42 GMT"}
{"exception":"-","id":"-","method":"GET","url":"/listing/20/","remote-addr":"::1","status":"304","content-length":"-","response-time":"4.966 ms","date":"Sat, 14 Jan 2023 11:40:44 GMT"}
{"exception":"-","id":"12","method":"GET","url":"/search/1'%20or%201=1;--%20-","remote-addr":"::1","status":"304","content-length":"-","response-time":"5.700 ms","date":"Sat, 14 Jan 2023 11:40:46 GMT"}
{"exception":"-","id":"-","method":"GET","url":"/blackbadanasupreme-1581253650812.jfif","remote-addr":"::1","status":"304","content-length":"-","response-time":"1.126 ms","date":"Sat, 14 Jan 2023 11:40:46 GMT"}
{"exception":"-","id":"-","method":"GET","url":"/redbadanasupreme-1581253625505.jpg","remote-addr":"::1","status":"304","content-length":"-","response-time":"0.811 ms","date":"Sat, 14 Jan 2023 11:40:46 GMT"}
{"exception":"-","id":"-","method":"GET","url":"/crewneckashgrey-1581253492700.jfif","remote-addr":"::1","status":"304","content-length":"-","response-time":"0.798 ms","date":"Sat, 14 Jan 2023 11:40:46 GMT"}
{"exception":"-","id":"-","method":"GET","url":"/snapsell-1610007683525.sql","remote-addr":"::1","status":"304","content-length":"-","response-time":"1.015 ms","date":"Sat, 14 Jan 2023 11:40:46 GMT"}
{"exception":"-","id":"-","method":"GET","url":"/GitHub-1609999590009.appref-ms","remote-addr":"::1","status":"304","content-length":"-","response-time":"0.899 ms","date":"Sat, 14 Jan 2023 11:40:46 GMT"}
{"exception":"-","id":"-","method":"GET","url":"/vlads+-1581252198429.png","remote-addr":"::1","status":"404","content-length":"163","response-time":"1.528 ms","date":"Sat, 14 Jan 2023 11:40:46 GMT"}
{"exception":"-","id":"-","method":"GET","url":"/listing/20/","remote-addr":"::1","status":"304","content-length":"-","response-time":"2.772 ms","date":"Sat, 14 Jan 2023 11:40:47 GMT"}
{"exception":"-","id":"12","method":"GET","url":"/search/1'%20or%201=1;--%20-","remote-addr":"::1","status":"304","content-length":"-","response-time":"5.724 ms","date":"Sat, 14 Jan 2023 11:40:47 GMT"}
{"exception":"-","id":"-","method":"GET","url":"/blackbadanasupreme-1581253650812.jfif","remote-addr":"::1","status":"304","content-length":"-","response-time":"0.662 ms","date":"Sat, 14 Jan 2023 11:40:47 GMT"}
{"exception":"-","id":"-","method":"GET","url":"/redbadanasupreme-1581253625505.jpg","remote-addr":"::1","status":"304","content-length":"-","response-time":"0.668 ms","date":"Sat, 14 Jan 2023 11:40:47 GMT"}
{"exception":"-","id":"-","method":"GET","url":"/crewneckashgrey-1581253492700.jfif","remote-addr":"::1","status":"304","content-length":"-","response-time":"0.696 ms","date":"Sat, 14 Jan 2023 11:40:47 GMT"}
{"exception":"-","id":"-","method":"GET","url":"/snapsell-1610007683525.sql","remote-addr":"::1","status":"304","content-length":"-","response-time":"0.440 ms","date":"Sat, 14 Jan 2023 11:40:47 GMT"}
{"exception":"-","id":"-","method":"GET","url":"/vlads+-1581252198429.png","remote-addr":"::1","status":"404","content-length":"163","response-time":"0.749 ms","date":"Sat, 14 Jan 2023 11:40:47 GMT"}
{"exception":"-","id":"-","method":"GET","url":"/GitHub-1609999590009.appref-ms","remote-addr":"::1","status":"304","content-length":"-","response-time":"0.522 ms","date":"Sat, 14 Jan 2023 11:40:47 GMT"}
{"exception":"-","id":"-","method":"GET","url":"/listing/20/","remote-addr":"::1","status":"304","content-length":"-","response-time":"8.779 ms","date":"Sat, 14 Jan 2023 11:40:48 GMT"}
{"exception":"-","id":"12","method":"GET","url":"/search/1'%20or%201=1;--%20-","remote-addr":"::1","status":"304","content-length":"-","response-time":"6.741 ms","date":"Sat, 14 Jan 2023 11:40:49 GMT"}
{"exception":"-","id":"-","method":"GET","url":"/blackbadanasupreme-1581253650812.jfif","remote-addr":"::1","status":"304","content-length":"-","response-time":"0.741 ms","date":"Sat, 14 Jan 2023 11:40:49 GMT"}
{"exception":"-","id":"-","method":"GET","url":"/redbadanasupreme-1581253625505.jpg","remote-addr":"::1","status":"304","content-length":"-","response-time":"0.778 ms","date":"Sat, 14 Jan 2023 11:40:49 GMT"}
{"exception":"-","id":"-","method":"GET","url":"/crewneckashgrey-1581253492700.jfif","remote-addr":"::1","status":"304","content-length":"-","response-time":"0.821 ms","date":"Sat, 14 Jan 2023 11:40:49 GMT"}
{"exception":"-","id":"-","method":"GET","url":"/snapsell-1610007683525.sql","remote-addr":"::1","status":"304","content-length":"-","response-time":"0.400 ms","date":"Sat, 14 Jan 2023 11:40:49 GMT"}
{"exception":"-","id":"-","method":"GET","url":"/GitHub-1609999590009.appref-ms","remote-addr":"::1","status":"304","content-length":"-","response-time":"0.823 ms","date":"Sat, 14 Jan 2023 11:40:49 GMT"}
{"exception":"-","id":"-","method":"GET","url":"/vlads+-1581252198429.png","remote-addr":"::1","status":"404","content-length":"163","response-time":"0.622 ms","date":"Sat, 14 Jan 2023 11:40:49 GMT"}
{"exception":"-","id":"-","method":"GET","url":"/listing/20/","remote-addr":"::1","status":"304","content-length":"-","response-time":"2.419 ms","date":"Sat, 14 Jan 2023 11:40:50 GMT"}
{"exception":"-","id":"12","method":"GET","url":"/search/1'%20or%201=1;--%20-","remote-addr":"::1","status":"304","content-length":"-","response-time":"6.937 ms","date":"Sat, 14 Jan 2023 11:40:51 GMT"}
{"exception":"-","id":"-","method":"GET","url":"/blackbadanasupreme-1581253650812.jfif","remote-addr":"::1","status":"304","content-length":"-","response-time":"0.317 ms","date":"Sat, 14 Jan 2023 11:40:51 GMT"}
{"exception":"-","id":"-","method":"GET","url":"/redbadanasupreme-1581253625505.jpg","remote-addr":"::1","status":"304","content-length":"-","response-time":"0.215 ms","date":"Sat, 14 Jan 2023 11:40:51 GMT"}
{"exception":"-","id":"-","method":"GET","url":"/crewneckashgrey-1581253492700.jfif","remote-addr":"::1","status":"304","content-length":"-","response-time":"0.619 ms","date":"Sat, 14 Jan 2023 11:40:51 GMT"}
{"exception":"-","id":"-","method":"GET","url":"/snapsell-1610007683525.sql","remote-addr":"::1","status":"304","content-length":"-","response-time":"0.715 ms","date":"Sat, 14 Jan 2023 11:40:51 GMT"}
{"exception":"-","id":"-","method":"GET","url":"/GitHub-1609999590009.appref-ms","remote-addr":"::1","status":"304","content-length":"-","response-time":"0.754 ms","date":"Sat, 14 Jan 2023 11:40:51 GMT"}
{"exception":"-","id":"-","method":"GET","url":"/vlads+-1581252198429.png","remote-addr":"::1","status":"404","content-length":"163","response-time":"0.953 ms","date":"Sat, 14 Jan 2023 11:40:51 GMT"}
{"exception":"-","id":"12","method":"GET","url":"/search/AF1%20Paranoise%20UK8","remote-addr":"::1","status":"200","content-length":"28","response-time":"3.504 ms","date":"Sat, 14 Jan 2023 11:40:57 GMT"}
{"exception":"-","id":"12","method":"GET","url":"/search/1'%20or%201=1;--%20-","remote-addr":"::1","status":"304","content-length":"-","response-time":"6.833 ms","date":"Sat, 14 Jan 2023 11:40:58 GMT"}
{"exception":"-","id":"-","method":"GET","url":"/blackbadanasupreme-1581253650812.jfif","remote-addr":"::1","status":"304","content-length":"-","response-time":"0.379 ms","date":"Sat, 14 Jan 2023 11:40:58 GMT"}
{"exception":"-","id":"-","method":"GET","url":"/redbadanasupreme-1581253625505.jpg","remote-addr":"::1","status":"304","content-length":"-","response-time":"0.274 ms","date":"Sat, 14 Jan 2023 11:40:58 GMT"}
{"exception":"-","id":"-","method":"GET","url":"/crewneckashgrey-1581253492700.jfif","remote-addr":"::1","status":"304","content-length":"-","response-time":"0.278 ms","date":"Sat, 14 Jan 2023 11:40:58 GMT"}
{"exception":"-","id":"-","method":"GET","url":"/snapsell-1610007683525.sql","remote-addr":"::1","status":"304","content-length":"-","response-time":"0.464 ms","date":"Sat, 14 Jan 2023 11:40:58 GMT"}
{"exception":"-","id":"-","method":"GET","url":"/GitHub-1609999590009.appref-ms","remote-addr":"::1","status":"304","content-length":"-","response-time":"0.626 ms","date":"Sat, 14 Jan 2023 11:40:58 GMT"}
{"exception":"-","id":"-","method":"GET","url":"/vlads+-1581252198429.png","remote-addr":"::1","status":"404","content-length":"163","response-time":"0.513 ms","date":"Sat, 14 Jan 2023 11:40:58 GMT"}
{"exception":"-","id":"12","method":"GET","url":"/search/undefined","remote-addr":"::1","status":"304","content-length":"-","response-time":"4.407 ms","date":"Sat, 14 Jan 2023 11:41:01 GMT"}
{"exception":"-","id":"12","method":"GET","url":"/search/1'%20or%201=1;--%20-","remote-addr":"::1","status":"304","content-length":"-","response-time":"5.145 ms","date":"Sat, 14 Jan 2023 11:41:02 GMT"}
{"exception":"-","id":"-","method":"GET","url":"/blackbadanasupreme-1581253650812.jfif","remote-addr":"::1","status":"304","content-length":"-","response-time":"0.460 ms","date":"Sat, 14 Jan 2023 11:41:02 GMT"}
{"exception":"-","id":"-","method":"GET","url":"/redbadanasupreme-1581253625505.jpg","remote-addr":"::1","status":"304","content-length":"-","response-time":"0.699 ms","date":"Sat, 14 Jan 2023 11:41:02 GMT"}
{"exception":"-","id":"-","method":"GET","url":"/crewneckashgrey-1581253492700.jfif","remote-addr":"::1","status":"304","content-length":"-","response-time":"0.446 ms","date":"Sat, 14 Jan 2023 11:41:02 GMT"}
{"exception":"-","id":"-","method":"GET","url":"/snapsell-1610007683525.sql","remote-addr":"::1","status":"304","content-length":"-","response-time":"0.229 ms","date":"Sat, 14 Jan 2023 11:41:02 GMT"}
{"exception":"-","id":"-","method":"GET","url":"/vlads+-1581252198429.png","remote-addr":"::1","status":"404","content-length":"163","response-time":"0.675 ms","date":"Sat, 14 Jan 2023 11:41:02 GMT"}
{"exception":"-","id":"-","method":"GET","url":"/GitHub-1609999590009.appref-ms","remote-addr":"::1","status":"304","content-length":"-","response-time":"0.860 ms","date":"Sat, 14 Jan 2023 11:41:02 GMT"}
{"exception":"-","id":"12","method":"GET","url":"/search/undefined","remote-addr":"::1","status":"304","content-length":"-","response-time":"3.420 ms","date":"Sat, 14 Jan 2023 11:41:05 GMT"}
{"exception":"-","id":"12","method":"GET","url":"/search/1'%20or%201=1;--%20-","remote-addr":"::1","status":"304","content-length":"-","response-time":"3.510 ms","date":"Sat, 14 Jan 2023 11:41:07 GMT"}
{"exception":"-","id":"-","method":"GET","url":"/blackbadanasupreme-1581253650812.jfif","remote-addr":"::1","status":"304","content-length":"-","response-time":"0.457 ms","date":"Sat, 14 Jan 2023 11:41:07 GMT"}
{"exception":"-","id":"-","method":"GET","url":"/redbadanasupreme-1581253625505.jpg","remote-addr":"::1","status":"304","content-length":"-","response-time":"0.482 ms","date":"Sat, 14 Jan 2023 11:41:07 GMT"}
{"exception":"-","id":"-","method":"GET","url":"/crewneckashgrey-1581253492700.jfif","remote-addr":"::1","status":"304","content-length":"-","response-time":"0.270 ms","date":"Sat, 14 Jan 2023 11:41:07 GMT"}
{"exception":"-","id":"-","method":"GET","url":"/snapsell-1610007683525.sql","remote-addr":"::1","status":"304","content-length":"-","response-time":"1.633 ms","date":"Sat, 14 Jan 2023 11:41:07 GMT"}
{"exception":"-","id":"-","method":"GET","url":"/GitHub-1609999590009.appref-ms","remote-addr":"::1","status":"304","content-length":"-","response-time":"1.866 ms","date":"Sat, 14 Jan 2023 11:41:07 GMT"}
{"exception":"-","id":"-","method":"GET","url":"/vlads+-1581252198429.png","remote-addr":"::1","status":"404","content-length":"163","response-time":"1.761 ms","date":"Sat, 14 Jan 2023 11:41:07 GMT"}
{"exception":"-","id":"-","method":"GET","url":"/listing/20/","remote-addr":"::1","status":"304","content-length":"-","response-time":"4.765 ms","date":"Sat, 14 Jan 2023 11:41:09 GMT"}
{"exception":"-","id":"12","method":"GET","url":"/search/1'%20or%201=1;--%20-","remote-addr":"::1","status":"304","content-length":"-","response-time":"7.191 ms","date":"Sat, 14 Jan 2023 11:41:09 GMT"}
{"exception":"-","id":"-","method":"GET","url":"/blackbadanasupreme-1581253650812.jfif","remote-addr":"::1","status":"304","content-length":"-","response-time":"0.455 ms","date":"Sat, 14 Jan 2023 11:41:09 GMT"}
{"exception":"-","id":"-","method":"GET","url":"/redbadanasupreme-1581253625505.jpg","remote-addr":"::1","status":"304","content-length":"-","response-time":"0.465 ms","date":"Sat, 14 Jan 2023 11:41:09 GMT"}
{"exception":"-","id":"-","method":"GET","url":"/crewneckashgrey-1581253492700.jfif","remote-addr":"::1","status":"304","content-length":"-","response-time":"0.201 ms","date":"Sat, 14 Jan 2023 11:41:09 GMT"}
{"exception":"-","id":"-","method":"GET","url":"/snapsell-1610007683525.sql","remote-addr":"::1","status":"304","content-length":"-","response-time":"0.385 ms","date":"Sat, 14 Jan 2023 11:41:09 GMT"}
{"exception":"-","id":"-","method":"GET","url":"/vlads+-1581252198429.png","remote-addr":"::1","status":"404","content-length":"163","response-time":"0.869 ms","date":"Sat, 14 Jan 2023 11:41:09 GMT"}
{"exception":"-","id":"-","method":"GET","url":"/GitHub-1609999590009.appref-ms","remote-addr":"::1","status":"304","content-length":"-","response-time":"0.682 ms","date":"Sat, 14 Jan 2023 11:41:09 GMT"}
{"exception":"-","id":"-","method":"GET","url":"/listing/20/","remote-addr":"::1","status":"304","content-length":"-","response-time":"4.526 ms","date":"Sat, 14 Jan 2023 11:41:11 GMT"}
{"exception":"-","id":"12","method":"GET","url":"/search/1'%20or%201=1;--%20-","remote-addr":"::1","status":"304","content-length":"-","response-time":"7.654 ms","date":"Sat, 14 Jan 2023 11:41:12 GMT"}
{"exception":"-","id":"-","method":"GET","url":"/blackbadanasupreme-1581253650812.jfif","remote-addr":"::1","status":"304","content-length":"-","response-time":"0.542 ms","date":"Sat, 14 Jan 2023 11:41:12 GMT"}
{"exception":"-","id":"-","method":"GET","url":"/redbadanasupreme-1581253625505.jpg","remote-addr":"::1","status":"304","content-length":"-","response-time":"0.732 ms","date":"Sat, 14 Jan 2023 11:41:12 GMT"}
{"exception":"-","id":"-","method":"GET","url":"/crewneckashgrey-1581253492700.jfif","remote-addr":"::1","status":"304","content-length":"-","response-time":"1.012 ms","date":"Sat, 14 Jan 2023 11:41:12 GMT"}
{"exception":"-","id":"-","method":"GET","url":"/snapsell-1610007683525.sql","remote-addr":"::1","status":"304","content-length":"-","response-time":"0.710 ms","date":"Sat, 14 Jan 2023 11:41:12 GMT"}
{"exception":"-","id":"-","method":"GET","url":"/vlads+-1581252198429.png","remote-addr":"::1","status":"404","content-length":"163","response-time":"0.472 ms","date":"Sat, 14 Jan 2023 11:41:12 GMT"}
{"exception":"-","id":"-","method":"GET","url":"/GitHub-1609999590009.appref-ms","remote-addr":"::1","status":"304","content-length":"-","response-time":"0.495 ms","date":"Sat, 14 Jan 2023 11:41:12 GMT"}
{"exception":"-","id":"-","method":"POST","url":"/user/logout","remote-addr":"::1","status":"200","content-length":"47","response-time":"1.204 ms","date":"Sat, 14 Jan 2023 11:41:13 GMT"}
{"exception":"-","id":"-","method":"POST","url":"/user/login","remote-addr":"::1","status":"201","content-length":"422","response-time":"5.937 ms","date":"Sat, 14 Jan 2023 11:41:31 GMT"}
{"exception":"-","id":"9","method":"GET","url":"/user/listing/","remote-addr":"::1","status":"200","content-length":"1166","response-time":"6.889 ms","date":"Sat, 14 Jan 2023 11:41:31 GMT"}
{"exception":"-","id":"-","method":"GET","url":"/off-white-marianna-1581248830797.jfif","remote-addr":"::1","status":"304","content-length":"-","response-time":"1.295 ms","date":"Sat, 14 Jan 2023 11:41:31 GMT"}
{"exception":"-","id":"-","method":"GET","url":"/Supreme-20th-Anniversary-Box-Logo-Tee-White-1581241779499.jpg","remote-addr":"::1","status":"200","content-length":"46802","response-time":"3.089 ms","date":"Sat, 14 Jan 2023 11:41:31 GMT"}
{"exception":"-","id":"-","method":"GET","url":"/yeezy-boost-350-v2-antlia-lundmark-synth-release-date-price-01-1581241820941.jpg","remote-addr":"::1","status":"200","content-length":"11705","response-time":"3.358 ms","date":"Sat, 14 Jan 2023 11:41:31 GMT"}
{"exception":"-","id":"-","method":"GET","url":"/supreme-san-francisco-box-logo-tee-black-1581248766336.jfif","remote-addr":"::1","status":"200","content-length":"59681","response-time":"4.375 ms","date":"Sat, 14 Jan 2023 11:41:31 GMT"}
{"exception":"-","id":"-","method":"GET","url":"/BAPE-x-MCM-Camo-Zip-Hoodie-Brown-1581248898688.jpg","remote-addr":"::1","status":"404","content-length":"189","response-time":"4.164 ms","date":"Sat, 14 Jan 2023 11:41:31 GMT"}
{"exception":"-","id":"-","method":"GET","url":"/50-1581241713214.jpg","remote-addr":"::1","status":"200","content-length":"469379","response-time":"5.138 ms","date":"Sat, 14 Jan 2023 11:41:31 GMT"}
{"exception":"-","id":"-","method":"GET","url":"/air-jordan-1-dior-release-info-4-1581248498871.jpg","remote-addr":"::1","status":"200","content-length":"352147","response-time":"4.175 ms","date":"Sat, 14 Jan 2023 11:41:31 GMT"}
{"exception":"-","id":"-","method":"GET","url":"/GitHub-1609999590009.appref-ms","remote-addr":"::1","status":"304","content-length":"-","response-time":"1.219 ms","date":"Sat, 14 Jan 2023 11:41:31 GMT"}
{"exception":"-","id":"-","method":"GET","url":"/snapsell-1610007683525.sql","remote-addr":"::1","status":"304","content-length":"-","response-time":"1.019 ms","date":"Sat, 14 Jan 2023 11:41:31 GMT"}
{"exception":"-","id":"-","method":"GET","url":"/listing/129/","remote-addr":"::1","status":"200","content-length":"169","response-time":"4.772 ms","date":"Sat, 14 Jan 2023 11:41:39 GMT"}
{"exception":"-","id":"-","method":"GET","url":"/GitHub-1609999590009.appref-ms","remote-addr":"::1","status":"304","content-length":"-","response-time":"0.336 ms","date":"Sat, 14 Jan 2023 11:41:39 GMT"}
{"exception":"-","id":"-","method":"GET","url":"/likes/129/","remote-addr":"::1","status":"200","content-length":"27","response-time":"7.519 ms","date":"Sat, 14 Jan 2023 11:41:39 GMT"}
{"exception":"-","id":"-","method":"GET","url":"/listing/129","remote-addr":"::1","status":"200","content-length":"169","response-time":"11.144 ms","date":"Sat, 14 Jan 2023 11:41:42 GMT"}
{"exception":"-","id":"9","method":"GET","url":"/offer/","remote-addr":"::1","status":"201","content-length":"28","response-time":"3.748 ms","date":"Sat, 14 Jan 2023 11:41:49 GMT"}
{"exception":"-","id":"9","method":"GET","url":"/offer/status/","remote-addr":"::1","status":"201","content-length":"293","response-time":"3.785 ms","date":"Sat, 14 Jan 2023 11:41:49 GMT"}
{"exception":"-","id":"9","method":"GET","url":"/user/listing/","remote-addr":"::1","status":"304","content-length":"-","response-time":"3.379 ms","date":"Sat, 14 Jan 2023 11:41:50 GMT"}
{"exception":"-","id":"-","method":"GET","url":"/50-1581241713214.jpg","remote-addr":"::1","status":"304","content-length":"-","response-time":"0.320 ms","date":"Sat, 14 Jan 2023 11:41:50 GMT"}
{"exception":"-","id":"-","method":"GET","url":"/Supreme-20th-Anniversary-Box-Logo-Tee-White-1581241779499.jpg","remote-addr":"::1","status":"304","content-length":"-","response-time":"0.512 ms","date":"Sat, 14 Jan 2023 11:41:50 GMT"}
{"exception":"-","id":"-","method":"GET","url":"/yeezy-boost-350-v2-antlia-lundmark-synth-release-date-price-01-1581241820941.jpg","remote-addr":"::1","status":"304","content-length":"-","response-time":"0.393 ms","date":"Sat, 14 Jan 2023 11:41:50 GMT"}
{"exception":"-","id":"-","method":"GET","url":"/air-jordan-1-dior-release-info-4-1581248498871.jpg","remote-addr":"::1","status":"304","content-length":"-","response-time":"0.412 ms","date":"Sat, 14 Jan 2023 11:41:50 GMT"}
{"exception":"-","id":"-","method":"GET","url":"/supreme-san-francisco-box-logo-tee-black-1581248766336.jfif","remote-addr":"::1","status":"304","content-length":"-","response-time":"0.379 ms","date":"Sat, 14 Jan 2023 11:41:50 GMT"}
{"exception":"-","id":"-","method":"GET","url":"/off-white-marianna-1581248830797.jfif","remote-addr":"::1","status":"304","content-length":"-","response-time":"0.631 ms","date":"Sat, 14 Jan 2023 11:41:50 GMT"}
{"exception":"-","id":"-","method":"GET","url":"/BAPE-x-MCM-Camo-Zip-Hoodie-Brown-1581248898688.jpg","remote-addr":"::1","status":"404","content-length":"189","response-time":"0.828 ms","date":"Sat, 14 Jan 2023 11:41:50 GMT"}
{"exception":"-","id":"-","method":"GET","url":"/GitHub-1609999590009.appref-ms","remote-addr":"::1","status":"304","content-length":"-","response-time":"0.541 ms","date":"Sat, 14 Jan 2023 11:41:50 GMT"}
{"exception":"-","id":"-","method":"GET","url":"/snapsell-1610007683525.sql","remote-addr":"::1","status":"304","content-length":"-","response-time":"0.592 ms","date":"Sat, 14 Jan 2023 11:41:50 GMT"}
{"exception":"-","id":"9","method":"GET","url":"/offer/status/","remote-addr":"::1","status":"201","content-length":"293","response-time":"4.044 ms","date":"Sat, 14 Jan 2023 11:42:38 GMT"}
{"exception":"-","id":"9","method":"GET","url":"/offer/","remote-addr":"::1","status":"201","content-length":"28","response-time":"5.448 ms","date":"Sat, 14 Jan 2023 11:42:38 GMT"}
{"exception":"-","id":"9","method":"GET","url":"/user/listing/","remote-addr":"::1","status":"304","content-length":"-","response-time":"2.084 ms","date":"Sat, 14 Jan 2023 11:42:43 GMT"}
{"exception":"-","id":"-","method":"GET","url":"/50-1581241713214.jpg","remote-addr":"::1","status":"304","content-length":"-","response-time":"0.368 ms","date":"Sat, 14 Jan 2023 11:42:43 GMT"}
{"exception":"-","id":"-","method":"GET","url":"/Supreme-20th-Anniversary-Box-Logo-Tee-White-1581241779499.jpg","remote-addr":"::1","status":"304","content-length":"-","response-time":"0.333 ms","date":"Sat, 14 Jan 2023 11:42:43 GMT"}
{"exception":"-","id":"-","method":"GET","url":"/yeezy-boost-350-v2-antlia-lundmark-synth-release-date-price-01-1581241820941.jpg","remote-addr":"::1","status":"304","content-length":"-","response-time":"0.480 ms","date":"Sat, 14 Jan 2023 11:42:43 GMT"}
{"exception":"-","id":"-","method":"GET","url":"/air-jordan-1-dior-release-info-4-1581248498871.jpg","remote-addr":"::1","status":"304","content-length":"-","response-time":"0.403 ms","date":"Sat, 14 Jan 2023 11:42:43 GMT"}
{"exception":"-","id":"-","method":"GET","url":"/supreme-san-francisco-box-logo-tee-black-1581248766336.jfif","remote-addr":"::1","status":"304","content-length":"-","response-time":"0.387 ms","date":"Sat, 14 Jan 2023 11:42:43 GMT"}
{"exception":"-","id":"-","method":"GET","url":"/off-white-marianna-1581248830797.jfif","remote-addr":"::1","status":"304","content-length":"-","response-time":"0.449 ms","date":"Sat, 14 Jan 2023 11:42:43 GMT"}
{"exception":"-","id":"-","method":"GET","url":"/BAPE-x-MCM-Camo-Zip-Hoodie-Brown-1581248898688.jpg","remote-addr":"::1","status":"404","content-length":"189","response-time":"0.315 ms","date":"Sat, 14 Jan 2023 11:42:43 GMT"}
{"exception":"-","id":"-","method":"GET","url":"/GitHub-1609999590009.appref-ms","remote-addr":"::1","status":"304","content-length":"-","response-time":"0.366 ms","date":"Sat, 14 Jan 2023 11:42:43 GMT"}
{"exception":"-","id":"-","method":"GET","url":"/snapsell-1610007683525.sql","remote-addr":"::1","status":"304","content-length":"-","response-time":"0.723 ms","date":"Sat, 14 Jan 2023 11:42:43 GMT"}
{"exception":"-","id":"9","method":"GET","url":"/user/listing/","remote-addr":"::1","status":"304","content-length":"-","response-time":"5.138 ms","date":"Sat, 14 Jan 2023 11:42:43 GMT"}
{"exception":"-","id":"-","method":"GET","url":"/50-1581241713214.jpg","remote-addr":"::1","status":"304","content-length":"-","response-time":"0.321 ms","date":"Sat, 14 Jan 2023 11:42:43 GMT"}
{"exception":"-","id":"-","method":"GET","url":"/Supreme-20th-Anniversary-Box-Logo-Tee-White-1581241779499.jpg","remote-addr":"::1","status":"304","content-length":"-","response-time":"0.588 ms","date":"Sat, 14 Jan 2023 11:42:43 GMT"}
{"exception":"-","id":"-","method":"GET","url":"/yeezy-boost-350-v2-antlia-lundmark-synth-release-date-price-01-1581241820941.jpg","remote-addr":"::1","status":"304","content-length":"-","response-time":"0.605 ms","date":"Sat, 14 Jan 2023 11:42:43 GMT"}
{"exception":"-","id":"-","method":"GET","url":"/air-jordan-1-dior-release-info-4-1581248498871.jpg","remote-addr":"::1","status":"304","content-length":"-","response-time":"0.750 ms","date":"Sat, 14 Jan 2023 11:42:43 GMT"}
{"exception":"-","id":"-","method":"GET","url":"/supreme-san-francisco-box-logo-tee-black-1581248766336.jfif","remote-addr":"::1","status":"304","content-length":"-","response-time":"0.376 ms","date":"Sat, 14 Jan 2023 11:42:43 GMT"}
{"exception":"-","id":"-","method":"GET","url":"/off-white-marianna-1581248830797.jfif","remote-addr":"::1","status":"304","content-length":"-","response-time":"0.420 ms","date":"Sat, 14 Jan 2023 11:42:43 GMT"}
{"exception":"-","id":"-","method":"GET","url":"/BAPE-x-MCM-Camo-Zip-Hoodie-Brown-1581248898688.jpg","remote-addr":"::1","status":"404","content-length":"189","response-time":"0.520 ms","date":"Sat, 14 Jan 2023 11:42:43 GMT"}
{"exception":"-","id":"-","method":"GET","url":"/GitHub-1609999590009.appref-ms","remote-addr":"::1","status":"304","content-length":"-","response-time":"0.595 ms","date":"Sat, 14 Jan 2023 11:42:43 GMT"}
{"exception":"-","id":"-","method":"GET","url":"/snapsell-1610007683525.sql","remote-addr":"::1","status":"304","content-length":"-","response-time":"0.435 ms","date":"Sat, 14 Jan 2023 11:42:43 GMT"}
{"exception":"-","id":"-","method":"GET","url":"/listing/130/","remote-addr":"::1","status":"200","content-length":"164","response-time":"2.586 ms","date":"Sat, 14 Jan 2023 11:42:45 GMT"}
{"exception":"-","id":"-","method":"GET","url":"/snapsell-1610007683525.sql","remote-addr":"::1","status":"304","content-length":"-","response-time":"0.300 ms","date":"Sat, 14 Jan 2023 11:42:45 GMT"}
{"exception":"-","id":"-","method":"GET","url":"/likes/130/","remote-addr":"::1","status":"200","content-length":"27","response-time":"4.194 ms","date":"Sat, 14 Jan 2023 11:42:45 GMT"}
{"exception":"-","id":"9","method":"GET","url":"/user/listing/","remote-addr":"::1","status":"304","content-length":"-","response-time":"2.967 ms","date":"Sat, 14 Jan 2023 11:42:47 GMT"}
{"exception":"-","id":"-","method":"GET","url":"/50-1581241713214.jpg","remote-addr":"::1","status":"304","content-length":"-","response-time":"0.788 ms","date":"Sat, 14 Jan 2023 11:42:47 GMT"}
{"exception":"-","id":"-","method":"GET","url":"/Supreme-20th-Anniversary-Box-Logo-Tee-White-1581241779499.jpg","remote-addr":"::1","status":"304","content-length":"-","response-time":"0.757 ms","date":"Sat, 14 Jan 2023 11:42:47 GMT"}
{"exception":"-","id":"-","method":"GET","url":"/yeezy-boost-350-v2-antlia-lundmark-synth-release-date-price-01-1581241820941.jpg","remote-addr":"::1","status":"304","content-length":"-","response-time":"0.993 ms","date":"Sat, 14 Jan 2023 11:42:47 GMT"}
{"exception":"-","id":"-","method":"GET","url":"/air-jordan-1-dior-release-info-4-1581248498871.jpg","remote-addr":"::1","status":"304","content-length":"-","response-time":"1.146 ms","date":"Sat, 14 Jan 2023 11:42:47 GMT"}
{"exception":"-","id":"-","method":"GET","url":"/supreme-san-francisco-box-logo-tee-black-1581248766336.jfif","remote-addr":"::1","status":"304","content-length":"-","response-time":"0.726 ms","date":"Sat, 14 Jan 2023 11:42:47 GMT"}
{"exception":"-","id":"-","method":"GET","url":"/off-white-marianna-1581248830797.jfif","remote-addr":"::1","status":"304","content-length":"-","response-time":"0.694 ms","date":"Sat, 14 Jan 2023 11:42:47 GMT"}
{"exception":"-","id":"-","method":"GET","url":"/BAPE-x-MCM-Camo-Zip-Hoodie-Brown-1581248898688.jpg","remote-addr":"::1","status":"404","content-length":"189","response-time":"0.607 ms","date":"Sat, 14 Jan 2023 11:42:47 GMT"}
{"exception":"-","id":"-","method":"GET","url":"/GitHub-1609999590009.appref-ms","remote-addr":"::1","status":"304","content-length":"-","response-time":"0.562 ms","date":"Sat, 14 Jan 2023 11:42:47 GMT"}
{"exception":"-","id":"-","method":"GET","url":"/snapsell-1610007683525.sql","remote-addr":"::1","status":"304","content-length":"-","response-time":"0.522 ms","date":"Sat, 14 Jan 2023 11:42:47 GMT"}
{"exception":"-","id":"-","method":"GET","url":"/listing/129/","remote-addr":"::1","status":"304","content-length":"-","response-time":"2.671 ms","date":"Sat, 14 Jan 2023 11:42:49 GMT"}
{"exception":"-","id":"-","method":"GET","url":"/GitHub-1609999590009.appref-ms","remote-addr":"::1","status":"304","content-length":"-","response-time":"0.502 ms","date":"Sat, 14 Jan 2023 11:42:49 GMT"}
{"exception":"-","id":"-","method":"GET","url":"/likes/129/","remote-addr":"::1","status":"304","content-length":"-","response-time":"3.373 ms","date":"Sat, 14 Jan 2023 11:42:49 GMT"}
