{"exception":"-","id":"-","method":"GET","url":"/listing/107/","remote-addr":"::1","status":"200","content-length":"303","response-time":"5.865 ms","date":"Sat, 14 Jan 2023 18:31:15 GMT"}
{"exception":"-","id":"-","method":"GET","url":"/Supreme-20th-Anniversary-Box-Logo-Tee-White-1581241779499.jpg","remote-addr":"::1","status":"304","content-length":"-","response-time":"0.525 ms","date":"Sat, 14 Jan 2023 18:31:15 GMT"}
{"exception":"-","id":"-","method":"GET","url":"/likes/107/","remote-addr":"::1","status":"200","content-length":"27","response-time":"5.421 ms","date":"Sat, 14 Jan 2023 18:31:15 GMT"}
{"exception":"-","id":"9","method":"GET","url":"/user/listing/","remote-addr":"::1","status":"304","content-length":"-","response-time":"5.663 ms","date":"Sat, 14 Jan 2023 18:32:27 GMT"}
{"exception":"-","id":"-","method":"GET","url":"/Supreme-20th-Anniversary-Box-Logo-Tee-White-1581241779499.jpg","remote-addr":"::1","status":"304","content-length":"-","response-time":"0.516 ms","date":"Sat, 14 Jan 2023 18:32:27 GMT"}
{"exception":"-","id":"-","method":"GET","url":"/50-1581241713214.jpg","remote-addr":"::1","status":"304","content-length":"-","response-time":"0.504 ms","date":"Sat, 14 Jan 2023 18:32:27 GMT"}
{"exception":"-","id":"-","method":"GET","url":"/yeezy-boost-350-v2-antlia-lundmark-synth-release-date-price-01-1581241820941.jpg","remote-addr":"::1","status":"304","content-length":"-","response-time":"2.161 ms","date":"Sat, 14 Jan 2023 18:32:27 GMT"}
{"exception":"-","id":"-","method":"GET","url":"/air-jordan-1-dior-release-info-4-1581248498871.jpg","remote-addr":"::1","status":"304","content-length":"-","response-time":"2.665 ms","date":"Sat, 14 Jan 2023 18:32:27 GMT"}
{"exception":"-","id":"-","method":"GET","url":"/supreme-san-francisco-box-logo-tee-black-1581248766336.jfif","remote-addr":"::1","status":"304","content-length":"-","response-time":"2.848 ms","date":"Sat, 14 Jan 2023 18:32:27 GMT"}
{"exception":"-","id":"-","method":"GET","url":"/off-white-marianna-1581248830797.jfif","remote-addr":"::1","status":"304","content-length":"-","response-time":"2.802 ms","date":"Sat, 14 Jan 2023 18:32:27 GMT"}
{"exception":"-","id":"-","method":"GET","url":"/BAPE-x-MCM-Camo-Zip-Hoodie-Brown-1581248898688.jpg","remote-addr":"::1","status":"404","content-length":"189","response-time":"3.245 ms","date":"Sat, 14 Jan 2023 18:32:27 GMT"}
{"exception":"-","id":"-","method":"GET","url":"/GitHub-1609999590009.appref-ms","remote-addr":"::1","status":"304","content-length":"-","response-time":"0.937 ms","date":"Sat, 14 Jan 2023 18:32:27 GMT"}
{"exception":"-","id":"-","method":"GET","url":"/snapsell-1610007683525.sql","remote-addr":"::1","status":"304","content-length":"-","response-time":"1.728 ms","date":"Sat, 14 Jan 2023 18:32:27 GMT"}
{"exception":"-","id":"-","method":"POST","url":"/user/logout","remote-addr":"::1","status":"200","content-length":"47","response-time":"0.615 ms","date":"Sat, 14 Jan 2023 18:32:30 GMT"}
{"exception":"-","id":"-","method":"POST","url":"/user/login","remote-addr":"::1","status":"201","content-length":"457","response-time":"4.805 ms","date":"Sat, 14 Jan 2023 18:32:47 GMT"}
{"exception":"-","id":"12","method":"GET","url":"/user/listing/","remote-addr":"::1","status":"200","content-length":"28","response-time":"4.642 ms","date":"Sat, 14 Jan 2023 18:32:47 GMT"}
{"exception":"-","id":"12","method":"GET","url":"/user/listing/","remote-addr":"::1","status":"304","content-length":"-","response-time":"3.605 ms","date":"Sat, 14 Jan 2023 18:32:50 GMT"}
{"exception":"-","id":"12","method":"GET","url":"/user/listing/","remote-addr":"::1","status":"304","content-length":"-","response-time":"6.072 ms","date":"Sat, 14 Jan 2023 18:33:08 GMT"}
{"exception":"-","id":"12","method":"GET","url":"/offer/","remote-addr":"::1","status":"201","content-length":"28","response-time":"4.386 ms","date":"Sat, 14 Jan 2023 18:33:11 GMT"}
{"exception":"-","id":"12","method":"GET","url":"/offer/status/","remote-addr":"::1","status":"201","content-length":"28","response-time":"8.213 ms","date":"Sat, 14 Jan 2023 18:33:11 GMT"}
{"exception":"-","id":"12","method":"GET","url":"/user/listing/","remote-addr":"::1","status":"304","content-length":"-","response-time":"4.614 ms","date":"Sat, 14 Jan 2023 18:33:14 GMT"}
{"exception":"-","id":"-","method":"GET","url":"/listing/20/","remote-addr":"::1","status":"200","content-length":"28","response-time":"5.795 ms","date":"Sat, 14 Jan 2023 18:33:33 GMT"}
{"exception":"-","id":"-","method":"GET","url":"/listing/130/","remote-addr":"::1","status":"200","content-length":"164","response-time":"7.061 ms","date":"Sat, 14 Jan 2023 18:33:40 GMT"}
{"exception":"-","id":"-","method":"GET","url":"/snapsell-1610007683525.sql","remote-addr":"::1","status":"304","content-length":"-","response-time":"1.127 ms","date":"Sat, 14 Jan 2023 18:33:40 GMT"}
{"exception":"-","id":"-","method":"GET","url":"/likes/130/","remote-addr":"::1","status":"200","content-length":"27","response-time":"4.173 ms","date":"Sat, 14 Jan 2023 18:33:40 GMT"}
{"exception":"-","id":"12","method":"GET","url":"/likeorunlike/130/","remote-addr":"::1","status":"201","content-length":"33","response-time":"13.252 ms","date":"Sat, 14 Jan 2023 18:33:47 GMT"}
{"exception":"-","id":"-","method":"GET","url":"/listing/130/","remote-addr":"::1","status":"304","content-length":"-","response-time":"4.688 ms","date":"Sat, 14 Jan 2023 18:33:47 GMT"}
{"exception":"-","id":"-","method":"GET","url":"/snapsell-1610007683525.sql","remote-addr":"::1","status":"304","content-length":"-","response-time":"1.215 ms","date":"Sat, 14 Jan 2023 18:33:47 GMT"}
{"exception":"-","id":"-","method":"GET","url":"/likes/130/","remote-addr":"::1","status":"200","content-length":"27","response-time":"6.533 ms","date":"Sat, 14 Jan 2023 18:33:47 GMT"}
{"exception":"-","id":"12","method":"GET","url":"/likeorunlike/130/","remote-addr":"::1","status":"200","content-length":"35","response-time":"7.715 ms","date":"Sat, 14 Jan 2023 18:33:48 GMT"}
{"exception":"-","id":"-","method":"GET","url":"/listing/130/","remote-addr":"::1","status":"304","content-length":"-","response-time":"4.642 ms","date":"Sat, 14 Jan 2023 18:33:48 GMT"}
{"exception":"-","id":"-","method":"GET","url":"/snapsell-1610007683525.sql","remote-addr":"::1","status":"304","content-length":"-","response-time":"0.846 ms","date":"Sat, 14 Jan 2023 18:33:48 GMT"}
{"exception":"-","id":"-","method":"GET","url":"/likes/130/","remote-addr":"::1","status":"200","content-length":"27","response-time":"3.778 ms","date":"Sat, 14 Jan 2023 18:33:48 GMT"}
{"exception":"-","id":"12","method":"GET","url":"/likeorunlike/130/","remote-addr":"::1","status":"201","content-length":"33","response-time":"8.425 ms","date":"Sat, 14 Jan 2023 18:33:49 GMT"}
{"exception":"-","id":"-","method":"GET","url":"/listing/130/","remote-addr":"::1","status":"304","content-length":"-","response-time":"5.218 ms","date":"Sat, 14 Jan 2023 18:33:49 GMT"}
{"exception":"-","id":"-","method":"GET","url":"/snapsell-1610007683525.sql","remote-addr":"::1","status":"304","content-length":"-","response-time":"1.045 ms","date":"Sat, 14 Jan 2023 18:33:49 GMT"}
{"exception":"-","id":"-","method":"GET","url":"/likes/130/","remote-addr":"::1","status":"200","content-length":"27","response-time":"4.159 ms","date":"Sat, 14 Jan 2023 18:33:49 GMT"}
{"exception":"-","id":"12","method":"GET","url":"/likeorunlike/130/","remote-addr":"::1","status":"200","content-length":"35","response-time":"8.091 ms","date":"Sat, 14 Jan 2023 18:33:50 GMT"}
{"exception":"-","id":"-","method":"GET","url":"/listing/130/","remote-addr":"::1","status":"304","content-length":"-","response-time":"5.163 ms","date":"Sat, 14 Jan 2023 18:33:50 GMT"}
{"exception":"-","id":"-","method":"GET","url":"/snapsell-1610007683525.sql","remote-addr":"::1","status":"304","content-length":"-","response-time":"0.886 ms","date":"Sat, 14 Jan 2023 18:33:50 GMT"}
{"exception":"-","id":"-","method":"GET","url":"/likes/130/","remote-addr":"::1","status":"200","content-length":"27","response-time":"5.701 ms","date":"Sat, 14 Jan 2023 18:33:50 GMT"}
{"exception":"-","id":"-","method":"GET","url":"/listing/130","remote-addr":"::1","status":"200","content-length":"164","response-time":"9.221 ms","date":"Sat, 14 Jan 2023 18:34:04 GMT"}
{"exception":"-","id":"-","method":"GET","url":"/listing/undefined","remote-addr":"::1","status":"200","content-length":"28","response-time":"5.173 ms","date":"Sat, 14 Jan 2023 18:34:14 GMT"}
{"exception":"-","id":"-","method":"GET","url":"/listing/undefined","remote-addr":"::1","status":"304","content-length":"-","response-time":"5.586 ms","date":"Sat, 14 Jan 2023 18:34:16 GMT"}
{"exception":"-","id":"-","method":"GET","url":"/listing/130","remote-addr":"::1","status":"304","content-length":"-","response-time":"4.085 ms","date":"Sat, 14 Jan 2023 18:34:17 GMT"}
{"exception":"-","id":"-","method":"GET","url":"/listing/undefined","remote-addr":"::1","status":"304","content-length":"-","response-time":"6.119 ms","date":"Sat, 14 Jan 2023 18:34:18 GMT"}
