{"exception":"-","id":"12","method":"GET","url":"/offer/status/","remote-addr":"::1","status":"201","content-length":"28","response-time":"2.323 ms","date":"Sat, 14 Jan 2023 11:28:37 GMT"}
{"exception":"-","id":"12","method":"GET","url":"/offer/","remote-addr":"::1","status":"201","content-length":"28","response-time":"4.624 ms","date":"Sat, 14 Jan 2023 11:28:37 GMT"}
{"exception":"-","id":"12","method":"PUT","url":"/user/update/","remote-addr":"::1","status":"200","content-length":"16","response-time":"4.753 ms","date":"Sat, 14 Jan 2023 11:28:45 GMT"}
{"exception":"-","id":"12","method":"GET","url":"/user/listing/","remote-addr":"::1","status":"304","content-length":"-","response-time":"8.185 ms","date":"Sat, 14 Jan 2023 11:28:48 GMT"}
{"exception":"-","id":"12","method":"GET","url":"/search/'%20ORDER%20BY%203--","remote-addr":"::1","status":"500","content-length":"17","response-time":"16.979 ms","date":"Sat, 14 Jan 2023 11:28:52 GMT"}
{"exception":"-","id":"12","method":"GET","url":"/search/const%20name%20=","remote-addr":"::1","status":"200","content-length":"28","response-time":"6.598 ms","date":"Sat, 14 Jan 2023 11:28:56 GMT"}
{"exception":"-","id":"12","method":"GET","url":"/search/const%20name","remote-addr":"::1","status":"200","content-length":"28","response-time":"7.139 ms","date":"Sat, 14 Jan 2023 11:28:58 GMT"}
{"exception":"-","id":"12","method":"GET","url":"/search/const%20name%20=%20%22%3Cimg%20src='x'%20onerror='alert(1)'%3E%22;%20el.innerHTML","remote-addr":"::1","status":"500","content-length":"17","response-time":"7.581 ms","date":"Sat, 14 Jan 2023 11:29:00 GMT"}
{"exception":"-","id":"12","method":"GET","url":"/search/undefined","remote-addr":"::1","status":"200","content-length":"28","response-time":"3.801 ms","date":"Sat, 14 Jan 2023 11:29:07 GMT"}
{"exception":"-","id":"12","method":"GET","url":"/search/undefined","remote-addr":"::1","status":"304","content-length":"-","response-time":"6.693 ms","date":"Sat, 14 Jan 2023 11:29:12 GMT"}
{"exception":"-","id":"12","method":"GET","url":"/search/undefined","remote-addr":"::1","status":"304","content-length":"-","response-time":"7.225 ms","date":"Sat, 14 Jan 2023 11:29:15 GMT"}
{"exception":"-","id":"12","method":"GET","url":"/search/undefined","remote-addr":"::1","status":"304","content-length":"-","response-time":"4.849 ms","date":"Sat, 14 Jan 2023 11:29:20 GMT"}
{"exception":"-","id":"12","method":"GET","url":"/search/undefined","remote-addr":"::1","status":"304","content-length":"-","response-time":"7.079 ms","date":"Sat, 14 Jan 2023 11:29:23 GMT"}
{"exception":"-","id":"12","method":"GET","url":"/search/undefined","remote-addr":"::1","status":"304","content-length":"-","response-time":"3.096 ms","date":"Sat, 14 Jan 2023 11:29:28 GMT"}
{"exception":"-","id":"12","method":"GET","url":"/search/undefined","remote-addr":"::1","status":"304","content-length":"-","response-time":"3.956 ms","date":"Sat, 14 Jan 2023 11:29:33 GMT"}
{"exception":"-","id":"12","method":"GET","url":"/search/1'%20or%201=1;--%20-","remote-addr":"::1","status":"304","content-length":"-","response-time":"7.847 ms","date":"Sat, 14 Jan 2023 11:29:37 GMT"}
{"exception":"-","id":"-","method":"GET","url":"/blackbadanasupreme-1581253650812.jfif","remote-addr":"::1","status":"304","content-length":"-","response-time":"0.642 ms","date":"Sat, 14 Jan 2023 11:29:37 GMT"}
{"exception":"-","id":"-","method":"GET","url":"/redbadanasupreme-1581253625505.jpg","remote-addr":"::1","status":"304","content-length":"-","response-time":"0.403 ms","date":"Sat, 14 Jan 2023 11:29:37 GMT"}
{"exception":"-","id":"-","method":"GET","url":"/crewneckashgrey-1581253492700.jfif","remote-addr":"::1","status":"304","content-length":"-","response-time":"0.385 ms","date":"Sat, 14 Jan 2023 11:29:37 GMT"}
{"exception":"-","id":"-","method":"GET","url":"/snapsell-1610007683525.sql","remote-addr":"::1","status":"304","content-length":"-","response-time":"0.631 ms","date":"Sat, 14 Jan 2023 11:29:37 GMT"}
{"exception":"-","id":"-","method":"GET","url":"/GitHub-1609999590009.appref-ms","remote-addr":"::1","status":"304","content-length":"-","response-time":"0.919 ms","date":"Sat, 14 Jan 2023 11:29:37 GMT"}
{"exception":"-","id":"-","method":"GET","url":"/vlads+-1581252198429.png","remote-addr":"::1","status":"404","content-length":"163","response-time":"0.957 ms","date":"Sat, 14 Jan 2023 11:29:37 GMT"}
{"exception":"-","id":"12","method":"GET","url":"/offer/status/","remote-addr":"::1","status":"201","content-length":"28","response-time":"5.320 ms","date":"Sat, 14 Jan 2023 11:29:41 GMT"}
{"exception":"-","id":"12","method":"GET","url":"/offer/","remote-addr":"::1","status":"201","content-length":"28","response-time":"9.481 ms","date":"Sat, 14 Jan 2023 11:29:41 GMT"}
{"exception":"-","id":"12","method":"GET","url":"/user/listing/","remote-addr":"::1","status":"304","content-length":"-","response-time":"4.771 ms","date":"Sat, 14 Jan 2023 11:29:42 GMT"}
