{"exception":"-","id":"-","method":"POST","url":"/user/login","remote-addr":"::1","status":"201","content-length":"413","response-time":"159.589 ms","date":"Wed, 01 Feb 2023 08:05:14 GMT"}
{"exception":"-","id":"14","method":"GET","url":"/user/listing/","remote-addr":"::1","status":"304","content-length":"-","response-time":"10.773 ms","date":"Wed, 01 Feb 2023 08:05:14 GMT"}
{"exception":"-","id":"-","method":"GET","url":"/Orange%20Glow%20Block-1675234739812.png","remote-addr":"::1","status":"304","content-length":"-","response-time":"5.431 ms","date":"Wed, 01 Feb 2023 08:05:14 GMT"}
{"exception":"-","id":"-","method":"GET","url":"/Discord%20Auto%20Typer-1675233788721.exe","remote-addr":"::1","status":"304","content-length":"-","response-time":"4.819 ms","date":"Wed, 01 Feb 2023 08:05:14 GMT"}
{"exception":"-","id":"-","method":"POST","url":"/user/login","remote-addr":"::1","status":"201","content-length":"413","response-time":"67.501 ms","date":"Wed, 01 Feb 2023 08:05:25 GMT"}
{"exception":"-","id":"14","method":"GET","url":"/user/listing/","remote-addr":"::1","status":"304","content-length":"-","response-time":"4.761 ms","date":"Wed, 01 Feb 2023 08:05:25 GMT"}
{"exception":"-","id":"-","method":"GET","url":"/Discord%20Auto%20Typer-1675233788721.exe","remote-addr":"::1","status":"304","content-length":"-","response-time":"1.254 ms","date":"Wed, 01 Feb 2023 08:05:25 GMT"}
{"exception":"-","id":"-","method":"GET","url":"/Orange%20Glow%20Block-1675234739812.png","remote-addr":"::1","status":"304","content-length":"-","response-time":"1.384 ms","date":"Wed, 01 Feb 2023 08:05:25 GMT"}
{"exception":"-","id":"-","method":"POST","url":"/user/login","remote-addr":"::1","status":"201","content-length":"413","response-time":"158.152 ms","date":"Wed, 01 Feb 2023 08:09:03 GMT"}
{"exception":"-","id":"14","method":"GET","url":"/user/listing/","remote-addr":"::1","status":"304","content-length":"-","response-time":"10.125 ms","date":"Wed, 01 Feb 2023 08:09:03 GMT"}
{"exception":"-","id":"-","method":"GET","url":"/Discord%20Auto%20Typer-1675233788721.exe","remote-addr":"::1","status":"304","content-length":"-","response-time":"5.239 ms","date":"Wed, 01 Feb 2023 08:09:03 GMT"}
{"exception":"-","id":"-","method":"GET","url":"/Orange%20Glow%20Block-1675234739812.png","remote-addr":"::1","status":"304","content-length":"-","response-time":"3.746 ms","date":"Wed, 01 Feb 2023 08:09:03 GMT"}
{"exception":"-","id":"-","method":"POST","url":"/user/logout","remote-addr":"::1","status":"200","content-length":"47","response-time":"0.787 ms","date":"Wed, 01 Feb 2023 08:09:11 GMT"}
{"exception":"-","id":"-","method":"POST","url":"/user/login","remote-addr":"::1","status":"201","content-length":"413","response-time":"157.947 ms","date":"Wed, 01 Feb 2023 08:14:16 GMT"}
{"exception":"-","id":"14","method":"GET","url":"/user/listing/","remote-addr":"::1","status":"304","content-length":"-","response-time":"8.081 ms","date":"Wed, 01 Feb 2023 08:14:16 GMT"}
{"exception":"-","id":"-","method":"GET","url":"/Orange%20Glow%20Block-1675234739812.png","remote-addr":"::1","status":"304","content-length":"-","response-time":"2.788 ms","date":"Wed, 01 Feb 2023 08:14:16 GMT"}
{"exception":"-","id":"-","method":"GET","url":"/Discord%20Auto%20Typer-1675233788721.exe","remote-addr":"::1","status":"304","content-length":"-","response-time":"1.890 ms","date":"Wed, 01 Feb 2023 08:14:16 GMT"}
{"exception":"-","id":"-","method":"POST","url":"/user/logout","remote-addr":"::1","status":"200","content-length":"47","response-time":"0.694 ms","date":"Wed, 01 Feb 2023 08:14:17 GMT"}
{"exception":"-","id":"-","method":"POST","url":"/user/login","remote-addr":"::1","status":"201","content-length":"413","response-time":"157.518 ms","date":"Wed, 01 Feb 2023 08:16:49 GMT"}
{"exception":"-","id":"14","method":"GET","url":"/user/listing/","remote-addr":"::1","status":"304","content-length":"-","response-time":"13.166 ms","date":"Wed, 01 Feb 2023 08:16:49 GMT"}
{"exception":"-","id":"-","method":"GET","url":"/Orange%20Glow%20Block-1675234739812.png","remote-addr":"::1","status":"304","content-length":"-","response-time":"5.200 ms","date":"Wed, 01 Feb 2023 08:16:49 GMT"}
{"exception":"-","id":"-","method":"GET","url":"/Discord%20Auto%20Typer-1675233788721.exe","remote-addr":"::1","status":"304","content-length":"-","response-time":"4.212 ms","date":"Wed, 01 Feb 2023 08:16:49 GMT"}
{"exception":"-","id":"-","method":"POST","url":"/user/logout","remote-addr":"::1","status":"200","content-length":"47","response-time":"1.412 ms","date":"Wed, 01 Feb 2023 08:16:50 GMT"}
{"exception":"-","id":"-","method":"POST","url":"/user/login","remote-addr":"::1","status":"-","content-length":"-","response-time":"- ms","date":"Wed, 01 Feb 2023 08:17:28 GMT"}
{"exception":"-","id":"-","method":"POST","url":"/user/login","remote-addr":"::1","status":"201","content-length":"413","response-time":"80.999 ms","date":"Wed, 01 Feb 2023 08:17:46 GMT"}
{"exception":"-","id":"14","method":"GET","url":"/user/listing/","remote-addr":"::1","status":"304","content-length":"-","response-time":"9.794 ms","date":"Wed, 01 Feb 2023 08:17:46 GMT"}
{"exception":"-","id":"-","method":"GET","url":"/Orange%20Glow%20Block-1675234739812.png","remote-addr":"::1","status":"304","content-length":"-","response-time":"3.798 ms","date":"Wed, 01 Feb 2023 08:17:46 GMT"}
{"exception":"-","id":"-","method":"GET","url":"/Discord%20Auto%20Typer-1675233788721.exe","remote-addr":"::1","status":"304","content-length":"-","response-time":"3.989 ms","date":"Wed, 01 Feb 2023 08:17:46 GMT"}
{"exception":"-","id":"-","method":"POST","url":"/user/logout","remote-addr":"::1","status":"200","content-length":"47","response-time":"2.348 ms","date":"Wed, 01 Feb 2023 08:17:53 GMT"}
{"exception":"-","id":"-","method":"POST","url":"/user/login","remote-addr":"::1","status":"201","content-length":"413","response-time":"88.256 ms","date":"Wed, 01 Feb 2023 08:18:05 GMT"}
{"exception":"-","id":"-","method":"POST","url":"/user/login","remote-addr":"::1","status":"201","content-length":"413","response-time":"77.862 ms","date":"Wed, 01 Feb 2023 08:18:21 GMT"}
{"exception":"-","id":"-","method":"POST","url":"/user/login","remote-addr":"::1","status":"404","content-length":"9","response-time":"13.872 ms","date":"Wed, 01 Feb 2023 08:18:23 GMT"}
{"exception":"-","id":"-","method":"POST","url":"/user/login","remote-addr":"::1","status":"201","content-length":"413","response-time":"85.623 ms","date":"Wed, 01 Feb 2023 08:18:29 GMT"}
{"exception":"-","id":"14","method":"GET","url":"/user/listing/","remote-addr":"::1","status":"304","content-length":"-","response-time":"3.529 ms","date":"Wed, 01 Feb 2023 08:18:29 GMT"}
{"exception":"-","id":"-","method":"GET","url":"/Orange%20Glow%20Block-1675234739812.png","remote-addr":"::1","status":"304","content-length":"-","response-time":"0.930 ms","date":"Wed, 01 Feb 2023 08:18:29 GMT"}
{"exception":"-","id":"-","method":"GET","url":"/Discord%20Auto%20Typer-1675233788721.exe","remote-addr":"::1","status":"304","content-length":"-","response-time":"0.907 ms","date":"Wed, 01 Feb 2023 08:18:29 GMT"}
{"exception":"-","id":"-","method":"POST","url":"/user/logout","remote-addr":"::1","status":"200","content-length":"47","response-time":"0.459 ms","date":"Wed, 01 Feb 2023 08:18:34 GMT"}
{"exception":"-","id":"-","method":"POST","url":"/user/login","remote-addr":"::1","status":"201","content-length":"413","response-time":"75.732 ms","date":"Wed, 01 Feb 2023 08:18:46 GMT"}
{"exception":"-","id":"-","method":"POST","url":"/user/login","remote-addr":"::1","status":"201","content-length":"413","response-time":"85.808 ms","date":"Wed, 01 Feb 2023 08:18:51 GMT"}
{"exception":"-","id":"-","method":"POST","url":"/user/login","remote-addr":"::1","status":"201","content-length":"413","response-time":"83.279 ms","date":"Wed, 01 Feb 2023 08:18:55 GMT"}
{"exception":"-","id":"-","method":"POST","url":"/user/login","remote-addr":"::1","status":"201","content-length":"413","response-time":"82.702 ms","date":"Wed, 01 Feb 2023 08:18:59 GMT"}
{"exception":"-","id":"-","method":"POST","url":"/user/login","remote-addr":"::1","status":"201","content-length":"413","response-time":"82.347 ms","date":"Wed, 01 Feb 2023 08:19:09 GMT"}
{"exception":"-","id":"-","method":"POST","url":"/user/login","remote-addr":"::1","status":"201","content-length":"413","response-time":"81.369 ms","date":"Wed, 01 Feb 2023 08:19:15 GMT"}
{"exception":"-","id":"-","method":"POST","url":"/user/login","remote-addr":"::1","status":"201","content-length":"413","response-time":"75.223 ms","date":"Wed, 01 Feb 2023 08:19:19 GMT"}
{"exception":"-","id":"14","method":"GET","url":"/user/listing/","remote-addr":"::1","status":"304","content-length":"-","response-time":"6.453 ms","date":"Wed, 01 Feb 2023 08:19:19 GMT"}
{"exception":"-","id":"-","method":"GET","url":"/Orange%20Glow%20Block-1675234739812.png","remote-addr":"::1","status":"304","content-length":"-","response-time":"0.697 ms","date":"Wed, 01 Feb 2023 08:19:20 GMT"}
{"exception":"-","id":"-","method":"GET","url":"/Discord%20Auto%20Typer-1675233788721.exe","remote-addr":"::1","status":"304","content-length":"-","response-time":"0.694 ms","date":"Wed, 01 Feb 2023 08:19:20 GMT"}
{"exception":"-","id":"-","method":"POST","url":"/user/logout","remote-addr":"::1","status":"200","content-length":"47","response-time":"1.085 ms","date":"Wed, 01 Feb 2023 08:19:25 GMT"}
