{"exception":"-","id":"-","method":"GET","url":"/listing/120/","remote-addr":"::1","status":"200","content-length":"224","response-time":"4.916 ms","date":"Thu, 02 Feb 2023 10:00:18 GMT"}
{"exception":"-","id":"-","method":"GET","url":"/jordan-1-high-'85-1581251792615.jpg","remote-addr":"::1","status":"304","content-length":"-","response-time":"0.857 ms","date":"Thu, 02 Feb 2023 10:00:18 GMT"}
{"exception":"-","id":"-","method":"GET","url":"/likes/120/","remote-addr":"::1","status":"200","content-length":"27","response-time":"3.079 ms","date":"Thu, 02 Feb 2023 10:00:18 GMT"}
{"exception":"-","id":"-","method":"GET","url":"/listing/120/","remote-addr":"::1","status":"304","content-length":"-","response-time":"6.062 ms","date":"Thu, 02 Feb 2023 10:00:28 GMT"}
{"exception":"-","id":"-","method":"GET","url":"/jordan-1-high-'85-1581251792615.jpg","remote-addr":"::1","status":"304","content-length":"-","response-time":"0.369 ms","date":"Thu, 02 Feb 2023 10:00:28 GMT"}
{"exception":"-","id":"-","method":"GET","url":"/likes/120/","remote-addr":"::1","status":"304","content-length":"-","response-time":"2.244 ms","date":"Thu, 02 Feb 2023 10:00:28 GMT"}
{"exception":"-","id":"-","method":"GET","url":"/listing/120/","remote-addr":"::1","status":"304","content-length":"-","response-time":"2.173 ms","date":"Thu, 02 Feb 2023 10:00:40 GMT"}
{"exception":"-","id":"-","method":"GET","url":"/likes/120/","remote-addr":"::1","status":"304","content-length":"-","response-time":"2.053 ms","date":"Thu, 02 Feb 2023 10:00:40 GMT"}
{"exception":"-","id":"-","method":"GET","url":"/listing/120/","remote-addr":"::1","status":"304","content-length":"-","response-time":"2.515 ms","date":"Thu, 02 Feb 2023 10:00:58 GMT"}
{"exception":"-","id":"-","method":"GET","url":"/jordan-1-high-'85-1581251792615.jpg","remote-addr":"::1","status":"304","content-length":"-","response-time":"0.356 ms","date":"Thu, 02 Feb 2023 10:00:58 GMT"}
{"exception":"-","id":"-","method":"GET","url":"/likes/120/","remote-addr":"::1","status":"304","content-length":"-","response-time":"2.788 ms","date":"Thu, 02 Feb 2023 10:00:58 GMT"}
{"exception":"-","id":"-","method":"GET","url":"/listing/120/","remote-addr":"::1","status":"304","content-length":"-","response-time":"2.495 ms","date":"Thu, 02 Feb 2023 10:01:13 GMT"}
{"exception":"-","id":"-","method":"GET","url":"/jordan-1-high-'85-1581251792615.jpg","remote-addr":"::1","status":"304","content-length":"-","response-time":"0.550 ms","date":"Thu, 02 Feb 2023 10:01:13 GMT"}
{"exception":"-","id":"-","method":"GET","url":"/likes/120/","remote-addr":"::1","status":"304","content-length":"-","response-time":"2.279 ms","date":"Thu, 02 Feb 2023 10:01:13 GMT"}
{"exception":"-","id":"9","method":"GET","url":"/user/listing/","remote-addr":"::1","status":"304","content-length":"-","response-time":"3.181 ms","date":"Thu, 02 Feb 2023 10:01:14 GMT"}
{"exception":"-","id":"-","method":"GET","url":"/50-1581241713214.jpg","remote-addr":"::1","status":"304","content-length":"-","response-time":"0.651 ms","date":"Thu, 02 Feb 2023 10:01:14 GMT"}
{"exception":"-","id":"-","method":"GET","url":"/Supreme-20th-Anniversary-Box-Logo-Tee-White-1581241779499.jpg","remote-addr":"::1","status":"304","content-length":"-","response-time":"1.177 ms","date":"Thu, 02 Feb 2023 10:01:14 GMT"}
{"exception":"-","id":"-","method":"GET","url":"/yeezy-boost-350-v2-antlia-lundmark-synth-release-date-price-01-1581241820941.jpg","remote-addr":"::1","status":"304","content-length":"-","response-time":"0.939 ms","date":"Thu, 02 Feb 2023 10:01:14 GMT"}
{"exception":"-","id":"-","method":"GET","url":"/air-jordan-1-dior-release-info-4-1581248498871.jpg","remote-addr":"::1","status":"304","content-length":"-","response-time":"0.941 ms","date":"Thu, 02 Feb 2023 10:01:14 GMT"}
{"exception":"-","id":"-","method":"GET","url":"/supreme-san-francisco-box-logo-tee-black-1581248766336.jfif","remote-addr":"::1","status":"304","content-length":"-","response-time":"1.180 ms","date":"Thu, 02 Feb 2023 10:01:14 GMT"}
{"exception":"-","id":"-","method":"GET","url":"/off-white-marianna-1581248830797.jfif","remote-addr":"::1","status":"304","content-length":"-","response-time":"0.792 ms","date":"Thu, 02 Feb 2023 10:01:14 GMT"}
{"exception":"-","id":"-","method":"GET","url":"/BAPE-x-MCM-Camo-Zip-Hoodie-Brown-1581248898688.jpg","remote-addr":"::1","status":"404","content-length":"189","response-time":"0.548 ms","date":"Thu, 02 Feb 2023 10:01:14 GMT"}
{"exception":"-","id":"-","method":"GET","url":"/GitHub-1609999590009.appref-ms","remote-addr":"::1","status":"304","content-length":"-","response-time":"1.384 ms","date":"Thu, 02 Feb 2023 10:01:14 GMT"}
{"exception":"-","id":"-","method":"GET","url":"/snapsell-1610007683525.sql","remote-addr":"::1","status":"304","content-length":"-","response-time":"1.129 ms","date":"Thu, 02 Feb 2023 10:01:14 GMT"}
{"exception":"-","id":"9","method":"GET","url":"/offer/","remote-addr":"::1","status":"201","content-length":"28","response-time":"4.323 ms","date":"Thu, 02 Feb 2023 10:01:19 GMT"}
{"exception":"-","id":"9","method":"GET","url":"/offer/status/","remote-addr":"::1","status":"201","content-length":"380","response-time":"6.258 ms","date":"Thu, 02 Feb 2023 10:01:19 GMT"}
{"exception":"-","id":"9","method":"GET","url":"/user/listing/","remote-addr":"::1","status":"304","content-length":"-","response-time":"2.369 ms","date":"Thu, 02 Feb 2023 10:01:20 GMT"}
{"exception":"-","id":"-","method":"GET","url":"/50-1581241713214.jpg","remote-addr":"::1","status":"304","content-length":"-","response-time":"0.350 ms","date":"Thu, 02 Feb 2023 10:01:20 GMT"}
{"exception":"-","id":"-","method":"GET","url":"/Supreme-20th-Anniversary-Box-Logo-Tee-White-1581241779499.jpg","remote-addr":"::1","status":"304","content-length":"-","response-time":"0.662 ms","date":"Thu, 02 Feb 2023 10:01:20 GMT"}
{"exception":"-","id":"-","method":"GET","url":"/yeezy-boost-350-v2-antlia-lundmark-synth-release-date-price-01-1581241820941.jpg","remote-addr":"::1","status":"304","content-length":"-","response-time":"0.777 ms","date":"Thu, 02 Feb 2023 10:01:20 GMT"}
{"exception":"-","id":"-","method":"GET","url":"/air-jordan-1-dior-release-info-4-1581248498871.jpg","remote-addr":"::1","status":"304","content-length":"-","response-time":"0.803 ms","date":"Thu, 02 Feb 2023 10:01:20 GMT"}
{"exception":"-","id":"-","method":"GET","url":"/supreme-san-francisco-box-logo-tee-black-1581248766336.jfif","remote-addr":"::1","status":"304","content-length":"-","response-time":"1.128 ms","date":"Thu, 02 Feb 2023 10:01:20 GMT"}
{"exception":"-","id":"-","method":"GET","url":"/off-white-marianna-1581248830797.jfif","remote-addr":"::1","status":"304","content-length":"-","response-time":"1.208 ms","date":"Thu, 02 Feb 2023 10:01:20 GMT"}
{"exception":"-","id":"-","method":"GET","url":"/GitHub-1609999590009.appref-ms","remote-addr":"::1","status":"304","content-length":"-","response-time":"0.551 ms","date":"Thu, 02 Feb 2023 10:01:20 GMT"}
{"exception":"-","id":"-","method":"GET","url":"/BAPE-x-MCM-Camo-Zip-Hoodie-Brown-1581248898688.jpg","remote-addr":"::1","status":"404","content-length":"189","response-time":"1.303 ms","date":"Thu, 02 Feb 2023 10:01:20 GMT"}
{"exception":"-","id":"-","method":"GET","url":"/snapsell-1610007683525.sql","remote-addr":"::1","status":"304","content-length":"-","response-time":"1.123 ms","date":"Thu, 02 Feb 2023 10:01:20 GMT"}
{"exception":"-","id":"-","method":"GET","url":"/listing/129/","remote-addr":"::1","status":"200","content-length":"176","response-time":"2.834 ms","date":"Thu, 02 Feb 2023 10:01:27 GMT"}
{"exception":"-","id":"-","method":"GET","url":"/GitHub-1609999590009.appref-ms","remote-addr":"::1","status":"304","content-length":"-","response-time":"0.363 ms","date":"Thu, 02 Feb 2023 10:01:27 GMT"}
{"exception":"-","id":"-","method":"GET","url":"/likes/129/","remote-addr":"::1","status":"304","content-length":"-","response-time":"2.154 ms","date":"Thu, 02 Feb 2023 10:01:27 GMT"}
{"exception":"-","id":"9","method":"GET","url":"/user/listing/","remote-addr":"::1","status":"304","content-length":"-","response-time":"3.115 ms","date":"Thu, 02 Feb 2023 10:01:29 GMT"}
{"exception":"-","id":"-","method":"GET","url":"/50-1581241713214.jpg","remote-addr":"::1","status":"304","content-length":"-","response-time":"0.311 ms","date":"Thu, 02 Feb 2023 10:01:29 GMT"}
{"exception":"-","id":"-","method":"GET","url":"/Supreme-20th-Anniversary-Box-Logo-Tee-White-1581241779499.jpg","remote-addr":"::1","status":"304","content-length":"-","response-time":"0.440 ms","date":"Thu, 02 Feb 2023 10:01:29 GMT"}
{"exception":"-","id":"-","method":"GET","url":"/yeezy-boost-350-v2-antlia-lundmark-synth-release-date-price-01-1581241820941.jpg","remote-addr":"::1","status":"304","content-length":"-","response-time":"0.484 ms","date":"Thu, 02 Feb 2023 10:01:29 GMT"}
{"exception":"-","id":"-","method":"GET","url":"/air-jordan-1-dior-release-info-4-1581248498871.jpg","remote-addr":"::1","status":"304","content-length":"-","response-time":"0.611 ms","date":"Thu, 02 Feb 2023 10:01:29 GMT"}
{"exception":"-","id":"-","method":"GET","url":"/supreme-san-francisco-box-logo-tee-black-1581248766336.jfif","remote-addr":"::1","status":"304","content-length":"-","response-time":"0.641 ms","date":"Thu, 02 Feb 2023 10:01:29 GMT"}
{"exception":"-","id":"-","method":"GET","url":"/off-white-marianna-1581248830797.jfif","remote-addr":"::1","status":"304","content-length":"-","response-time":"0.684 ms","date":"Thu, 02 Feb 2023 10:01:29 GMT"}
{"exception":"-","id":"-","method":"GET","url":"/BAPE-x-MCM-Camo-Zip-Hoodie-Brown-1581248898688.jpg","remote-addr":"::1","status":"404","content-length":"189","response-time":"0.381 ms","date":"Thu, 02 Feb 2023 10:01:29 GMT"}
{"exception":"-","id":"-","method":"GET","url":"/GitHub-1609999590009.appref-ms","remote-addr":"::1","status":"304","content-length":"-","response-time":"0.915 ms","date":"Thu, 02 Feb 2023 10:01:29 GMT"}
{"exception":"-","id":"-","method":"GET","url":"/snapsell-1610007683525.sql","remote-addr":"::1","status":"304","content-length":"-","response-time":"0.760 ms","date":"Thu, 02 Feb 2023 10:01:29 GMT"}
{"exception":"-","id":"9","method":"GET","url":"/user/listing/","remote-addr":"::1","status":"304","content-length":"-","response-time":"3.799 ms","date":"Thu, 02 Feb 2023 10:01:31 GMT"}
{"exception":"-","id":"-","method":"GET","url":"/50-1581241713214.jpg","remote-addr":"::1","status":"304","content-length":"-","response-time":"0.561 ms","date":"Thu, 02 Feb 2023 10:01:31 GMT"}
{"exception":"-","id":"-","method":"GET","url":"/Supreme-20th-Anniversary-Box-Logo-Tee-White-1581241779499.jpg","remote-addr":"::1","status":"304","content-length":"-","response-time":"0.803 ms","date":"Thu, 02 Feb 2023 10:01:31 GMT"}
{"exception":"-","id":"-","method":"GET","url":"/yeezy-boost-350-v2-antlia-lundmark-synth-release-date-price-01-1581241820941.jpg","remote-addr":"::1","status":"304","content-length":"-","response-time":"0.423 ms","date":"Thu, 02 Feb 2023 10:01:31 GMT"}
{"exception":"-","id":"-","method":"GET","url":"/air-jordan-1-dior-release-info-4-1581248498871.jpg","remote-addr":"::1","status":"304","content-length":"-","response-time":"0.368 ms","date":"Thu, 02 Feb 2023 10:01:31 GMT"}
{"exception":"-","id":"-","method":"GET","url":"/supreme-san-francisco-box-logo-tee-black-1581248766336.jfif","remote-addr":"::1","status":"304","content-length":"-","response-time":"0.610 ms","date":"Thu, 02 Feb 2023 10:01:31 GMT"}
{"exception":"-","id":"-","method":"GET","url":"/off-white-marianna-1581248830797.jfif","remote-addr":"::1","status":"304","content-length":"-","response-time":"0.408 ms","date":"Thu, 02 Feb 2023 10:01:31 GMT"}
{"exception":"-","id":"-","method":"GET","url":"/BAPE-x-MCM-Camo-Zip-Hoodie-Brown-1581248898688.jpg","remote-addr":"::1","status":"404","content-length":"189","response-time":"1.056 ms","date":"Thu, 02 Feb 2023 10:01:31 GMT"}
{"exception":"-","id":"-","method":"GET","url":"/GitHub-1609999590009.appref-ms","remote-addr":"::1","status":"304","content-length":"-","response-time":"0.689 ms","date":"Thu, 02 Feb 2023 10:01:31 GMT"}
{"exception":"-","id":"-","method":"GET","url":"/snapsell-1610007683525.sql","remote-addr":"::1","status":"304","content-length":"-","response-time":"0.657 ms","date":"Thu, 02 Feb 2023 10:01:31 GMT"}
{"exception":"-","id":"9","method":"GET","url":"/offer/","remote-addr":"::1","status":"201","content-length":"28","response-time":"4.279 ms","date":"Thu, 02 Feb 2023 10:01:33 GMT"}
{"exception":"-","id":"9","method":"GET","url":"/offer/status/","remote-addr":"::1","status":"201","content-length":"380","response-time":"4.085 ms","date":"Thu, 02 Feb 2023 10:01:33 GMT"}
{"exception":"-","id":"9","method":"GET","url":"/user/listing/","remote-addr":"::1","status":"304","content-length":"-","response-time":"4.493 ms","date":"Thu, 02 Feb 2023 10:01:35 GMT"}
{"exception":"-","id":"-","method":"GET","url":"/50-1581241713214.jpg","remote-addr":"::1","status":"304","content-length":"-","response-time":"1.248 ms","date":"Thu, 02 Feb 2023 10:01:35 GMT"}
{"exception":"-","id":"-","method":"GET","url":"/Supreme-20th-Anniversary-Box-Logo-Tee-White-1581241779499.jpg","remote-addr":"::1","status":"304","content-length":"-","response-time":"1.234 ms","date":"Thu, 02 Feb 2023 10:01:35 GMT"}
{"exception":"-","id":"-","method":"GET","url":"/yeezy-boost-350-v2-antlia-lundmark-synth-release-date-price-01-1581241820941.jpg","remote-addr":"::1","status":"304","content-length":"-","response-time":"2.654 ms","date":"Thu, 02 Feb 2023 10:01:35 GMT"}
{"exception":"-","id":"-","method":"GET","url":"/air-jordan-1-dior-release-info-4-1581248498871.jpg","remote-addr":"::1","status":"304","content-length":"-","response-time":"1.236 ms","date":"Thu, 02 Feb 2023 10:01:35 GMT"}
{"exception":"-","id":"-","method":"GET","url":"/supreme-san-francisco-box-logo-tee-black-1581248766336.jfif","remote-addr":"::1","status":"304","content-length":"-","response-time":"1.369 ms","date":"Thu, 02 Feb 2023 10:01:35 GMT"}
{"exception":"-","id":"-","method":"GET","url":"/off-white-marianna-1581248830797.jfif","remote-addr":"::1","status":"304","content-length":"-","response-time":"2.257 ms","date":"Thu, 02 Feb 2023 10:01:35 GMT"}
{"exception":"-","id":"-","method":"GET","url":"/BAPE-x-MCM-Camo-Zip-Hoodie-Brown-1581248898688.jpg","remote-addr":"::1","status":"404","content-length":"189","response-time":"1.617 ms","date":"Thu, 02 Feb 2023 10:01:35 GMT"}
{"exception":"-","id":"-","method":"GET","url":"/GitHub-1609999590009.appref-ms","remote-addr":"::1","status":"304","content-length":"-","response-time":"1.170 ms","date":"Thu, 02 Feb 2023 10:01:35 GMT"}
{"exception":"-","id":"-","method":"GET","url":"/snapsell-1610007683525.sql","remote-addr":"::1","status":"304","content-length":"-","response-time":"1.163 ms","date":"Thu, 02 Feb 2023 10:01:35 GMT"}
{"exception":"-","id":"9","method":"GET","url":"/offer/","remote-addr":"::1","status":"201","content-length":"28","response-time":"4.547 ms","date":"Thu, 02 Feb 2023 10:01:38 GMT"}
{"exception":"-","id":"9","method":"GET","url":"/offer/status/","remote-addr":"::1","status":"201","content-length":"380","response-time":"4.672 ms","date":"Thu, 02 Feb 2023 10:01:38 GMT"}
{"exception":"-","id":"9","method":"GET","url":"/offer/","remote-addr":"::1","status":"201","content-length":"28","response-time":"5.082 ms","date":"Thu, 02 Feb 2023 10:01:40 GMT"}
{"exception":"-","id":"9","method":"GET","url":"/offer/status/","remote-addr":"::1","status":"201","content-length":"380","response-time":"5.772 ms","date":"Thu, 02 Feb 2023 10:01:40 GMT"}
{"exception":"-","id":"9","method":"GET","url":"/user/listing/","remote-addr":"::1","status":"304","content-length":"-","response-time":"2.384 ms","date":"Thu, 02 Feb 2023 10:01:41 GMT"}
{"exception":"-","id":"-","method":"GET","url":"/50-1581241713214.jpg","remote-addr":"::1","status":"304","content-length":"-","response-time":"0.913 ms","date":"Thu, 02 Feb 2023 10:01:41 GMT"}
{"exception":"-","id":"-","method":"GET","url":"/Supreme-20th-Anniversary-Box-Logo-Tee-White-1581241779499.jpg","remote-addr":"::1","status":"304","content-length":"-","response-time":"0.672 ms","date":"Thu, 02 Feb 2023 10:01:41 GMT"}
{"exception":"-","id":"-","method":"GET","url":"/yeezy-boost-350-v2-antlia-lundmark-synth-release-date-price-01-1581241820941.jpg","remote-addr":"::1","status":"304","content-length":"-","response-time":"1.002 ms","date":"Thu, 02 Feb 2023 10:01:41 GMT"}
{"exception":"-","id":"-","method":"GET","url":"/air-jordan-1-dior-release-info-4-1581248498871.jpg","remote-addr":"::1","status":"304","content-length":"-","response-time":"1.003 ms","date":"Thu, 02 Feb 2023 10:01:41 GMT"}
{"exception":"-","id":"-","method":"GET","url":"/supreme-san-francisco-box-logo-tee-black-1581248766336.jfif","remote-addr":"::1","status":"304","content-length":"-","response-time":"0.608 ms","date":"Thu, 02 Feb 2023 10:01:41 GMT"}
{"exception":"-","id":"-","method":"GET","url":"/off-white-marianna-1581248830797.jfif","remote-addr":"::1","status":"304","content-length":"-","response-time":"0.633 ms","date":"Thu, 02 Feb 2023 10:01:41 GMT"}
{"exception":"-","id":"-","method":"GET","url":"/BAPE-x-MCM-Camo-Zip-Hoodie-Brown-1581248898688.jpg","remote-addr":"::1","status":"404","content-length":"189","response-time":"0.479 ms","date":"Thu, 02 Feb 2023 10:01:41 GMT"}
{"exception":"-","id":"-","method":"GET","url":"/GitHub-1609999590009.appref-ms","remote-addr":"::1","status":"304","content-length":"-","response-time":"0.505 ms","date":"Thu, 02 Feb 2023 10:01:41 GMT"}
{"exception":"-","id":"-","method":"GET","url":"/snapsell-1610007683525.sql","remote-addr":"::1","status":"304","content-length":"-","response-time":"0.360 ms","date":"Thu, 02 Feb 2023 10:01:41 GMT"}
{"exception":"-","id":"-","method":"GET","url":"/listing/106/","remote-addr":"::1","status":"304","content-length":"-","response-time":"2.504 ms","date":"Thu, 02 Feb 2023 10:01:42 GMT"}
{"exception":"-","id":"-","method":"GET","url":"/50-1581241713214.jpg","remote-addr":"::1","status":"304","content-length":"-","response-time":"1.567 ms","date":"Thu, 02 Feb 2023 10:01:42 GMT"}
{"exception":"-","id":"-","method":"GET","url":"/likes/106/","remote-addr":"::1","status":"304","content-length":"-","response-time":"2.195 ms","date":"Thu, 02 Feb 2023 10:01:42 GMT"}
{"exception":"-","id":"9","method":"GET","url":"/user/listing/","remote-addr":"::1","status":"304","content-length":"-","response-time":"3.239 ms","date":"Thu, 02 Feb 2023 10:01:43 GMT"}
{"exception":"-","id":"-","method":"GET","url":"/50-1581241713214.jpg","remote-addr":"::1","status":"304","content-length":"-","response-time":"0.467 ms","date":"Thu, 02 Feb 2023 10:01:43 GMT"}
{"exception":"-","id":"-","method":"GET","url":"/Supreme-20th-Anniversary-Box-Logo-Tee-White-1581241779499.jpg","remote-addr":"::1","status":"304","content-length":"-","response-time":"0.922 ms","date":"Thu, 02 Feb 2023 10:01:43 GMT"}
{"exception":"-","id":"-","method":"GET","url":"/yeezy-boost-350-v2-antlia-lundmark-synth-release-date-price-01-1581241820941.jpg","remote-addr":"::1","status":"304","content-length":"-","response-time":"0.674 ms","date":"Thu, 02 Feb 2023 10:01:43 GMT"}
{"exception":"-","id":"-","method":"GET","url":"/air-jordan-1-dior-release-info-4-1581248498871.jpg","remote-addr":"::1","status":"304","content-length":"-","response-time":"2.807 ms","date":"Thu, 02 Feb 2023 10:01:43 GMT"}
{"exception":"-","id":"-","method":"GET","url":"/supreme-san-francisco-box-logo-tee-black-1581248766336.jfif","remote-addr":"::1","status":"304","content-length":"-","response-time":"1.830 ms","date":"Thu, 02 Feb 2023 10:01:43 GMT"}
{"exception":"-","id":"-","method":"GET","url":"/off-white-marianna-1581248830797.jfif","remote-addr":"::1","status":"304","content-length":"-","response-time":"1.107 ms","date":"Thu, 02 Feb 2023 10:01:43 GMT"}
{"exception":"-","id":"-","method":"GET","url":"/BAPE-x-MCM-Camo-Zip-Hoodie-Brown-1581248898688.jpg","remote-addr":"::1","status":"404","content-length":"189","response-time":"0.800 ms","date":"Thu, 02 Feb 2023 10:01:43 GMT"}
{"exception":"-","id":"-","method":"GET","url":"/GitHub-1609999590009.appref-ms","remote-addr":"::1","status":"304","content-length":"-","response-time":"0.776 ms","date":"Thu, 02 Feb 2023 10:01:43 GMT"}
{"exception":"-","id":"-","method":"GET","url":"/snapsell-1610007683525.sql","remote-addr":"::1","status":"304","content-length":"-","response-time":"0.401 ms","date":"Thu, 02 Feb 2023 10:01:43 GMT"}
{"exception":"-","id":"-","method":"GET","url":"/listing/107/","remote-addr":"::1","status":"304","content-length":"-","response-time":"2.446 ms","date":"Thu, 02 Feb 2023 10:01:47 GMT"}
{"exception":"-","id":"-","method":"GET","url":"/Supreme-20th-Anniversary-Box-Logo-Tee-White-1581241779499.jpg","remote-addr":"::1","status":"304","content-length":"-","response-time":"1.642 ms","date":"Thu, 02 Feb 2023 10:01:47 GMT"}
{"exception":"-","id":"-","method":"GET","url":"/likes/107/","remote-addr":"::1","status":"304","content-length":"-","response-time":"2.171 ms","date":"Thu, 02 Feb 2023 10:01:47 GMT"}
{"exception":"-","id":"-","method":"GET","url":"/listing/120/","remote-addr":"::1","status":"304","content-length":"-","response-time":"2.584 ms","date":"Thu, 02 Feb 2023 10:01:51 GMT"}
{"exception":"-","id":"-","method":"GET","url":"/jordan-1-high-'85-1581251792615.jpg","remote-addr":"::1","status":"304","content-length":"-","response-time":"0.348 ms","date":"Thu, 02 Feb 2023 10:01:51 GMT"}
{"exception":"-","id":"-","method":"GET","url":"/likes/120/","remote-addr":"::1","status":"304","content-length":"-","response-time":"2.209 ms","date":"Thu, 02 Feb 2023 10:01:51 GMT"}
{"exception":"-","id":"9","method":"GET","url":"/likeorunlike/120/","remote-addr":"::1","status":"200","content-length":"35","response-time":"6.228 ms","date":"Thu, 02 Feb 2023 10:01:54 GMT"}
{"exception":"-","id":"-","method":"GET","url":"/listing/120/","remote-addr":"::1","status":"304","content-length":"-","response-time":"2.959 ms","date":"Thu, 02 Feb 2023 10:01:54 GMT"}
{"exception":"-","id":"-","method":"GET","url":"/jordan-1-high-'85-1581251792615.jpg","remote-addr":"::1","status":"304","content-length":"-","response-time":"1.657 ms","date":"Thu, 02 Feb 2023 10:01:54 GMT"}
{"exception":"-","id":"-","method":"GET","url":"/likes/120/","remote-addr":"::1","status":"200","content-length":"27","response-time":"3.823 ms","date":"Thu, 02 Feb 2023 10:01:54 GMT"}
{"exception":"-","id":"9","method":"GET","url":"/likeorunlike/120/","remote-addr":"::1","status":"201","content-length":"33","response-time":"4.986 ms","date":"Thu, 02 Feb 2023 10:01:55 GMT"}
{"exception":"-","id":"-","method":"GET","url":"/listing/120/","remote-addr":"::1","status":"304","content-length":"-","response-time":"4.151 ms","date":"Thu, 02 Feb 2023 10:01:55 GMT"}
{"exception":"-","id":"-","method":"GET","url":"/jordan-1-high-'85-1581251792615.jpg","remote-addr":"::1","status":"304","content-length":"-","response-time":"1.112 ms","date":"Thu, 02 Feb 2023 10:01:55 GMT"}
{"exception":"-","id":"-","method":"GET","url":"/likes/120/","remote-addr":"::1","status":"200","content-length":"27","response-time":"4.304 ms","date":"Thu, 02 Feb 2023 10:01:55 GMT"}
{"exception":"-","id":"9","method":"GET","url":"/offer/","remote-addr":"::1","status":"201","content-length":"28","response-time":"5.343 ms","date":"Thu, 02 Feb 2023 10:01:56 GMT"}
{"exception":"-","id":"9","method":"GET","url":"/offer/status/","remote-addr":"::1","status":"201","content-length":"380","response-time":"4.934 ms","date":"Thu, 02 Feb 2023 10:01:56 GMT"}
{"exception":"-","id":"9","method":"GET","url":"/offer/status/","remote-addr":"::1","status":"201","content-length":"380","response-time":"4.091 ms","date":"Thu, 02 Feb 2023 10:02:02 GMT"}
{"exception":"-","id":"9","method":"GET","url":"/offer/","remote-addr":"::1","status":"201","content-length":"28","response-time":"5.955 ms","date":"Thu, 02 Feb 2023 10:02:02 GMT"}
{"exception":"-","id":"-","method":"POST","url":"/user/logout","remote-addr":"::1","status":"200","content-length":"47","response-time":"0.802 ms","date":"Thu, 02 Feb 2023 10:02:03 GMT"}
{"exception":"-","id":"-","method":"POST","url":"/user/login","remote-addr":"::1","status":"201","content-length":"432","response-time":"282.919 ms","date":"Thu, 02 Feb 2023 10:02:12 GMT"}
{"exception":"-","id":"14","method":"GET","url":"/user/listing/","remote-addr":"::1","status":"200","content-length":"230","response-time":"2.887 ms","date":"Thu, 02 Feb 2023 10:02:12 GMT"}
{"exception":"-","id":"-","method":"GET","url":"/Orange%20Glow%20Block-1675234739812.png","remote-addr":"::1","status":"304","content-length":"-","response-time":"0.740 ms","date":"Thu, 02 Feb 2023 10:02:12 GMT"}
{"exception":"-","id":"-","method":"GET","url":"/Discord%20Auto%20Typer-1675233788721.exe","remote-addr":"::1","status":"304","content-length":"-","response-time":"1.310 ms","date":"Thu, 02 Feb 2023 10:02:12 GMT"}
{"exception":"-","id":"14","method":"GET","url":"/offer/status/","remote-addr":"::1","status":"201","content-length":"28","response-time":"2.985 ms","date":"Thu, 02 Feb 2023 10:02:14 GMT"}
{"exception":"-","id":"14","method":"GET","url":"/offer/","remote-addr":"::1","status":"201","content-length":"28","response-time":"5.071 ms","date":"Thu, 02 Feb 2023 10:02:14 GMT"}
{"exception":"-","id":"14","method":"GET","url":"/user/listing/","remote-addr":"::1","status":"304","content-length":"-","response-time":"3.009 ms","date":"Thu, 02 Feb 2023 10:02:16 GMT"}
{"exception":"-","id":"-","method":"GET","url":"/Orange%20Glow%20Block-1675234739812.png","remote-addr":"::1","status":"304","content-length":"-","response-time":"0.724 ms","date":"Thu, 02 Feb 2023 10:02:16 GMT"}
{"exception":"-","id":"-","method":"GET","url":"/Discord%20Auto%20Typer-1675233788721.exe","remote-addr":"::1","status":"304","content-length":"-","response-time":"0.539 ms","date":"Thu, 02 Feb 2023 10:02:16 GMT"}
{"exception":"-","id":"14","method":"GET","url":"/search/d","remote-addr":"::1","status":"304","content-length":"-","response-time":"4.281 ms","date":"Thu, 02 Feb 2023 10:02:20 GMT"}
{"exception":"-","id":"14","method":"GET","url":"/offer/","remote-addr":"::1","status":"201","content-length":"28","response-time":"3.138 ms","date":"Thu, 02 Feb 2023 10:02:22 GMT"}
{"exception":"-","id":"14","method":"GET","url":"/offer/status/","remote-addr":"::1","status":"201","content-length":"28","response-time":"3.085 ms","date":"Thu, 02 Feb 2023 10:02:22 GMT"}
{"exception":"-","id":"14","method":"GET","url":"/user/listing/","remote-addr":"::1","status":"304","content-length":"-","response-time":"4.122 ms","date":"Thu, 02 Feb 2023 10:02:24 GMT"}
{"exception":"-","id":"-","method":"GET","url":"/Discord%20Auto%20Typer-1675233788721.exe","remote-addr":"::1","status":"304","content-length":"-","response-time":"0.485 ms","date":"Thu, 02 Feb 2023 10:02:24 GMT"}
{"exception":"-","id":"-","method":"GET","url":"/Orange%20Glow%20Block-1675234739812.png","remote-addr":"::1","status":"304","content-length":"-","response-time":"0.520 ms","date":"Thu, 02 Feb 2023 10:02:24 GMT"}
{"exception":"-","id":"14","method":"GET","url":"/user/listing/","remote-addr":"::1","status":"304","content-length":"-","response-time":"4.846 ms","date":"Thu, 02 Feb 2023 10:02:29 GMT"}
{"exception":"-","id":"-","method":"GET","url":"/Orange%20Glow%20Block-1675234739812.png","remote-addr":"::1","status":"304","content-length":"-","response-time":"0.467 ms","date":"Thu, 02 Feb 2023 10:02:29 GMT"}
{"exception":"-","id":"-","method":"GET","url":"/Discord%20Auto%20Typer-1675233788721.exe","remote-addr":"::1","status":"304","content-length":"-","response-time":"0.466 ms","date":"Thu, 02 Feb 2023 10:02:29 GMT"}
{"exception":"-","id":"14","method":"GET","url":"/offer/","remote-addr":"::1","status":"201","content-length":"28","response-time":"3.910 ms","date":"Thu, 02 Feb 2023 10:02:30 GMT"}
{"exception":"-","id":"14","method":"GET","url":"/offer/status/","remote-addr":"::1","status":"201","content-length":"28","response-time":"3.441 ms","date":"Thu, 02 Feb 2023 10:02:30 GMT"}
{"exception":"-","id":"14","method":"GET","url":"/offer/status/","remote-addr":"::1","status":"201","content-length":"28","response-time":"4.606 ms","date":"Thu, 02 Feb 2023 10:02:31 GMT"}
{"exception":"-","id":"14","method":"GET","url":"/offer/","remote-addr":"::1","status":"201","content-length":"28","response-time":"6.641 ms","date":"Thu, 02 Feb 2023 10:02:31 GMT"}
{"exception":"-","id":"14","method":"GET","url":"/offer/status/","remote-addr":"::1","status":"201","content-length":"28","response-time":"2.383 ms","date":"Thu, 02 Feb 2023 10:02:34 GMT"}
{"exception":"-","id":"14","method":"GET","url":"/offer/","remote-addr":"::1","status":"201","content-length":"28","response-time":"5.866 ms","date":"Thu, 02 Feb 2023 10:02:34 GMT"}
{"exception":"-","id":"14","method":"GET","url":"/user/listing/","remote-addr":"::1","status":"304","content-length":"-","response-time":"3.264 ms","date":"Thu, 02 Feb 2023 10:02:36 GMT"}
{"exception":"-","id":"-","method":"GET","url":"/Orange%20Glow%20Block-1675234739812.png","remote-addr":"::1","status":"304","content-length":"-","response-time":"1.236 ms","date":"Thu, 02 Feb 2023 10:02:36 GMT"}
{"exception":"-","id":"-","method":"GET","url":"/Discord%20Auto%20Typer-1675233788721.exe","remote-addr":"::1","status":"304","content-length":"-","response-time":"0.515 ms","date":"Thu, 02 Feb 2023 10:02:36 GMT"}
